[1.119s] DEBUG:colcon:Command line arguments: ['/usr/bin/colcon', 'build']
[1.119s] DEBUG:colcon:Parsed command line arguments: Namespace(log_base=None, log_level=None, verb_name='build', build_base='build', install_base='install', merge_install=False, symlink_install=False, test_result_base=None, continue_on_error=False, executor='parallel', parallel_workers=20, event_handlers=None, ignore_user_meta=False, metas=['./colcon.meta'], base_paths=['.'], packages_ignore=None, packages_ignore_regex=None, paths=None, packages_up_to=None, packages_up_to_regex=None, packages_above=None, packages_above_and_dependencies=None, packages_above_depth=None, packages_select_by_dep=None, packages_skip_by_dep=None, packages_skip_up_to=None, packages_select_build_failed=False, packages_skip_build_finished=False, packages_select_test_failures=False, packages_skip_test_passed=False, packages_select=None, packages_skip=None, packages_select_regex=None, packages_skip_regex=None, packages_start=None, packages_end=None, allow_overriding=[], cmake_args=None, cmake_target=None, cmake_target_skip_unavailable=False, cmake_clean_cache=False, cmake_clean_first=False, cmake_force_configure=False, ament_cmake_args=None, catkin_cmake_args=None, catkin_skip_building_tests=False, mixin_files=None, mixin=None, verb_parser=<colcon_mixin.mixin.mixin_argument.MixinArgumentDecorator object at 0x7c19009133a0>, verb_extension=<colcon_core.verb.build.BuildVerb object at 0x7c19012f4400>, main=<bound method BuildVerb.main of <colcon_core.verb.build.BuildVerb object at 0x7c19012f4400>>, mixin_verb=('build',))
[1.174s] Level 1:colcon.colcon_core.package_discovery:discover_packages(colcon_meta) check parameters
[1.174s] Level 1:colcon.colcon_core.package_discovery:discover_packages(recursive) check parameters
[1.174s] Level 1:colcon.colcon_core.package_discovery:discover_packages(ignore) check parameters
[1.174s] Level 1:colcon.colcon_core.package_discovery:discover_packages(path) check parameters
[1.174s] Level 1:colcon.colcon_core.package_discovery:discover_packages(colcon_meta) discover
[1.174s] Level 1:colcon.colcon_core.package_discovery:discover_packages(recursive) discover
[1.174s] INFO:colcon.colcon_core.package_discovery:Crawling recursively for packages in '/home/mlu/Documents/Programming/Robotics/shi2d2'
[1.175s] Level 1:colcon.colcon_core.package_identification:_identify(.) by extensions ['ignore', 'ignore_ament_install']
[1.175s] Level 1:colcon.colcon_core.package_identification:_identify(.) by extension 'ignore'
[1.175s] Level 1:colcon.colcon_core.package_identification:_identify(.) by extension 'ignore_ament_install'
[1.175s] Level 1:colcon.colcon_core.package_identification:_identify(.) by extensions ['colcon_pkg']
[1.175s] Level 1:colcon.colcon_core.package_identification:_identify(.) by extension 'colcon_pkg'
[1.175s] Level 1:colcon.colcon_core.package_identification:_identify(.) by extensions ['colcon_meta']
[1.175s] Level 1:colcon.colcon_core.package_identification:_identify(.) by extension 'colcon_meta'
[1.175s] Level 1:colcon.colcon_core.package_identification:_identify(.) by extensions ['ros']
[1.175s] Level 1:colcon.colcon_core.package_identification:_identify(.) by extension 'ros'
[1.200s] Level 1:colcon.colcon_core.package_identification:_identify(.) by extensions ['cmake', 'python']
[1.200s] Level 1:colcon.colcon_core.package_identification:_identify(.) by extension 'cmake'
[1.200s] Level 1:colcon.colcon_core.package_identification:_identify(.) by extension 'python'
[1.200s] Level 1:colcon.colcon_core.package_identification:_identify(.) by extensions ['python_setup_py']
[1.200s] Level 1:colcon.colcon_core.package_identification:_identify(.) by extension 'python_setup_py'
[1.200s] Level 1:colcon.colcon_core.package_identification:_identify(build) by extensions ['ignore', 'ignore_ament_install']
[1.201s] Level 1:colcon.colcon_core.package_identification:_identify(build) by extension 'ignore'
[1.201s] Level 1:colcon.colcon_core.package_identification:_identify(build) ignored
[1.201s] Level 1:colcon.colcon_core.package_identification:_identify(install) by extensions ['ignore', 'ignore_ament_install']
[1.201s] Level 1:colcon.colcon_core.package_identification:_identify(install) by extension 'ignore'
[1.201s] Level 1:colcon.colcon_core.package_identification:_identify(install) ignored
[1.202s] Level 1:colcon.colcon_core.package_identification:_identify(log) by extensions ['ignore', 'ignore_ament_install']
[1.202s] Level 1:colcon.colcon_core.package_identification:_identify(log) by extension 'ignore'
[1.202s] Level 1:colcon.colcon_core.package_identification:_identify(log) ignored
[1.202s] Level 1:colcon.colcon_core.package_identification:_identify(src) by extensions ['ignore', 'ignore_ament_install']
[1.202s] Level 1:colcon.colcon_core.package_identification:_identify(src) by extension 'ignore'
[1.202s] Level 1:colcon.colcon_core.package_identification:_identify(src) by extension 'ignore_ament_install'
[1.202s] Level 1:colcon.colcon_core.package_identification:_identify(src) by extensions ['colcon_pkg']
[1.202s] Level 1:colcon.colcon_core.package_identification:_identify(src) by extension 'colcon_pkg'
[1.203s] Level 1:colcon.colcon_core.package_identification:_identify(src) by extensions ['colcon_meta']
[1.203s] Level 1:colcon.colcon_core.package_identification:_identify(src) by extension 'colcon_meta'
[1.203s] Level 1:colcon.colcon_core.package_identification:_identify(src) by extensions ['ros']
[1.203s] Level 1:colcon.colcon_core.package_identification:_identify(src) by extension 'ros'
[1.203s] Level 1:colcon.colcon_core.package_identification:_identify(src) by extensions ['cmake', 'python']
[1.203s] Level 1:colcon.colcon_core.package_identification:_identify(src) by extension 'cmake'
[1.203s] Level 1:colcon.colcon_core.package_identification:_identify(src) by extension 'python'
[1.203s] Level 1:colcon.colcon_core.package_identification:_identify(src) by extensions ['python_setup_py']
[1.203s] Level 1:colcon.colcon_core.package_identification:_identify(src) by extension 'python_setup_py'
[1.203s] Level 1:colcon.colcon_core.package_identification:_identify(src/build) by extensions ['ignore', 'ignore_ament_install']
[1.203s] Level 1:colcon.colcon_core.package_identification:_identify(src/build) by extension 'ignore'
[1.203s] Level 1:colcon.colcon_core.package_identification:_identify(src/build) ignored
[1.204s] Level 1:colcon.colcon_core.package_identification:_identify(src/install) by extensions ['ignore', 'ignore_ament_install']
[1.204s] Level 1:colcon.colcon_core.package_identification:_identify(src/install) by extension 'ignore'
[1.204s] Level 1:colcon.colcon_core.package_identification:_identify(src/install) ignored
[1.204s] Level 1:colcon.colcon_core.package_identification:_identify(src/log) by extensions ['ignore', 'ignore_ament_install']
[1.204s] Level 1:colcon.colcon_core.package_identification:_identify(src/log) by extension 'ignore'
[1.204s] Level 1:colcon.colcon_core.package_identification:_identify(src/log) ignored
[1.204s] Level 1:colcon.colcon_core.package_identification:_identify(src/shi2d2_model) by extensions ['ignore', 'ignore_ament_install']
[1.204s] Level 1:colcon.colcon_core.package_identification:_identify(src/shi2d2_model) by extension 'ignore'
[1.204s] Level 1:colcon.colcon_core.package_identification:_identify(src/shi2d2_model) by extension 'ignore_ament_install'
[1.204s] Level 1:colcon.colcon_core.package_identification:_identify(src/shi2d2_model) by extensions ['colcon_pkg']
[1.205s] Level 1:colcon.colcon_core.package_identification:_identify(src/shi2d2_model) by extension 'colcon_pkg'
[1.205s] Level 1:colcon.colcon_core.package_identification:_identify(src/shi2d2_model) by extensions ['colcon_meta']
[1.205s] Level 1:colcon.colcon_core.package_identification:_identify(src/shi2d2_model) by extension 'colcon_meta'
[1.205s] Level 1:colcon.colcon_core.package_identification:_identify(src/shi2d2_model) by extensions ['ros']
[1.205s] Level 1:colcon.colcon_core.package_identification:_identify(src/shi2d2_model) by extension 'ros'
[1.210s] DEBUG:colcon.colcon_core.package_identification:Package 'src/shi2d2_model' with type 'ros.ament_cmake' and name 'shi2d2_model'
[1.210s] Level 1:colcon.colcon_core.package_discovery:discover_packages(recursive) using defaults
[1.210s] Level 1:colcon.colcon_core.package_discovery:discover_packages(ignore) discover
[1.210s] Level 1:colcon.colcon_core.package_discovery:discover_packages(ignore) using defaults
[1.210s] Level 1:colcon.colcon_core.package_discovery:discover_packages(path) discover
[1.210s] Level 1:colcon.colcon_core.package_discovery:discover_packages(path) using defaults
[1.257s] Level 1:colcon.colcon_core.package_discovery:discover_packages(prefix_path) check parameters
[1.258s] Level 1:colcon.colcon_core.package_discovery:discover_packages(prefix_path) discover
[1.262s] DEBUG:colcon.colcon_installed_package_information.package_discovery:Found 3 installed packages in /home/mlu/Documents/Programming/Robotics/shi2d2/install
[1.264s] DEBUG:colcon.colcon_installed_package_information.package_discovery:Found 2 installed packages in /home/mlu/Documents/Programming/Robotics/dum2d2/install
[1.268s] DEBUG:colcon.colcon_installed_package_information.package_discovery:Found 384 installed packages in /opt/ros/humble
[1.275s] Level 1:colcon.colcon_core.package_discovery:discover_packages(prefix_path) using defaults
[1.415s] Level 5:colcon.colcon_core.verb:set package 'shi2d2_model' build argument 'cmake_args' from command line to 'None'
[1.415s] Level 5:colcon.colcon_core.verb:set package 'shi2d2_model' build argument 'cmake_target' from command line to 'None'
[1.415s] Level 5:colcon.colcon_core.verb:set package 'shi2d2_model' build argument 'cmake_target_skip_unavailable' from command line to 'False'
[1.415s] Level 5:colcon.colcon_core.verb:set package 'shi2d2_model' build argument 'cmake_clean_cache' from command line to 'False'
[1.416s] Level 5:colcon.colcon_core.verb:set package 'shi2d2_model' build argument 'cmake_clean_first' from command line to 'False'
[1.416s] Level 5:colcon.colcon_core.verb:set package 'shi2d2_model' build argument 'cmake_force_configure' from command line to 'False'
[1.416s] Level 5:colcon.colcon_core.verb:set package 'shi2d2_model' build argument 'ament_cmake_args' from command line to 'None'
[1.416s] Level 5:colcon.colcon_core.verb:set package 'shi2d2_model' build argument 'catkin_cmake_args' from command line to 'None'
[1.416s] Level 5:colcon.colcon_core.verb:set package 'shi2d2_model' build argument 'catkin_skip_building_tests' from command line to 'False'
[1.416s] DEBUG:colcon.colcon_core.verb:Building package 'shi2d2_model' with the following arguments: {'ament_cmake_args': None, 'build_base': '/home/mlu/Documents/Programming/Robotics/shi2d2/build/shi2d2_model', 'catkin_cmake_args': None, 'catkin_skip_building_tests': False, 'cmake_args': None, 'cmake_clean_cache': False, 'cmake_clean_first': False, 'cmake_force_configure': False, 'cmake_target': None, 'cmake_target_skip_unavailable': False, 'install_base': '/home/mlu/Documents/Programming/Robotics/shi2d2/install/shi2d2_model', 'merge_install': False, 'path': '/home/mlu/Documents/Programming/Robotics/shi2d2/src/shi2d2_model', 'symlink_install': False, 'test_result_base': None}
[1.417s] INFO:colcon.colcon_core.executor:Executing jobs using 'parallel' executor
[1.423s] DEBUG:colcon.colcon_parallel_executor.executor.parallel:run_until_complete
[1.424s] INFO:colcon.colcon_ros.task.ament_cmake.build:Building ROS package in '/home/mlu/Documents/Programming/Robotics/shi2d2/src/shi2d2_model' with build type 'ament_cmake'
[1.424s] INFO:colcon.colcon_cmake.task.cmake.build:Building CMake package in '/home/mlu/Documents/Programming/Robotics/shi2d2/src/shi2d2_model'
[1.434s] INFO:colcon.colcon_core.plugin_system:Skipping extension 'colcon_core.shell.bat': Not used on non-Windows systems
[1.435s] INFO:colcon.colcon_core.shell:Skip shell extension 'powershell' for command environment: Not usable outside of PowerShell
[1.435s] DEBUG:colcon.colcon_core.shell:Skip shell extension 'dsv' for command environment
[1.464s] DEBUG:colcon.colcon_core.event_handler.log_command:Invoking command in '/home/mlu/Documents/Programming/Robotics/shi2d2/build/shi2d2_model': CMAKE_PREFIX_PATH=/opt/ros/humble:${CMAKE_PREFIX_PATH} /usr/bin/cmake --build /home/mlu/Documents/Programming/Robotics/shi2d2/build/shi2d2_model -- -j20 -l20
[1.540s] DEBUG:colcon.colcon_core.event_handler.log_command:Invoked command in '/home/mlu/Documents/Programming/Robotics/shi2d2/build/shi2d2_model' returned '0': CMAKE_PREFIX_PATH=/opt/ros/humble:${CMAKE_PREFIX_PATH} /usr/bin/cmake --build /home/mlu/Documents/Programming/Robotics/shi2d2/build/shi2d2_model -- -j20 -l20
[1.595s] DEBUG:colcon.colcon_core.event_handler.log_command:Invoking command in '/home/mlu/Documents/Programming/Robotics/shi2d2/build/shi2d2_model': CMAKE_PREFIX_PATH=/opt/ros/humble:${CMAKE_PREFIX_PATH} /usr/bin/cmake --install /home/mlu/Documents/Programming/Robotics/shi2d2/build/shi2d2_model
[1.617s] Level 1:colcon.colcon_core.environment:create_environment_scripts_only(shi2d2_model)
[1.627s] DEBUG:colcon.colcon_core.event_handler.log_command:Invoked command in '/home/mlu/Documents/Programming/Robotics/shi2d2/build/shi2d2_model' returned '0': CMAKE_PREFIX_PATH=/opt/ros/humble:${CMAKE_PREFIX_PATH} /usr/bin/cmake --install /home/mlu/Documents/Programming/Robotics/shi2d2/build/shi2d2_model
[1.631s] Level 1:colcon.colcon_core.environment:checking '/home/mlu/Documents/Programming/Robotics/shi2d2/install/shi2d2_model' for CMake module files
[1.632s] Level 1:colcon.colcon_core.environment:checking '/home/mlu/Documents/Programming/Robotics/shi2d2/install/shi2d2_model' for CMake config files
[1.633s] Level 1:colcon.colcon_core.shell:create_environment_hook('shi2d2_model', 'cmake_prefix_path')
[1.635s] INFO:colcon.colcon_core.shell:Creating environment hook '/home/mlu/Documents/Programming/Robotics/shi2d2/install/shi2d2_model/share/shi2d2_model/hook/cmake_prefix_path.ps1'
[1.637s] INFO:colcon.colcon_core.shell:Creating environment descriptor '/home/mlu/Documents/Programming/Robotics/shi2d2/install/shi2d2_model/share/shi2d2_model/hook/cmake_prefix_path.dsv'
[1.638s] INFO:colcon.colcon_core.shell:Creating environment hook '/home/mlu/Documents/Programming/Robotics/shi2d2/install/shi2d2_model/share/shi2d2_model/hook/cmake_prefix_path.sh'
[1.640s] Level 1:colcon.colcon_core.environment:checking '/home/mlu/Documents/Programming/Robotics/shi2d2/install/shi2d2_model/bin'
[1.640s] Level 1:colcon.colcon_core.environment:checking '/home/mlu/Documents/Programming/Robotics/shi2d2/install/shi2d2_model/lib/pkgconfig/shi2d2_model.pc'
[1.641s] Level 1:colcon.colcon_core.environment:checking '/home/mlu/Documents/Programming/Robotics/shi2d2/install/shi2d2_model/lib/python3.10/site-packages'
[1.641s] Level 1:colcon.colcon_core.environment:checking '/home/mlu/Documents/Programming/Robotics/shi2d2/install/shi2d2_model/bin'
[1.643s] INFO:colcon.colcon_core.shell:Creating package script '/home/mlu/Documents/Programming/Robotics/shi2d2/install/shi2d2_model/share/shi2d2_model/package.ps1'
[1.645s] INFO:colcon.colcon_core.shell:Creating package descriptor '/home/mlu/Documents/Programming/Robotics/shi2d2/install/shi2d2_model/share/shi2d2_model/package.dsv'
[1.646s] INFO:colcon.colcon_core.shell:Creating package script '/home/mlu/Documents/Programming/Robotics/shi2d2/install/shi2d2_model/share/shi2d2_model/package.sh'
[1.647s] INFO:colcon.colcon_core.shell:Creating package script '/home/mlu/Documents/Programming/Robotics/shi2d2/install/shi2d2_model/share/shi2d2_model/package.bash'
[1.649s] INFO:colcon.colcon_core.shell:Creating package script '/home/mlu/Documents/Programming/Robotics/shi2d2/install/shi2d2_model/share/shi2d2_model/package.zsh'
[1.650s] Level 1:colcon.colcon_core.environment:create_file_with_runtime_dependencies(/home/mlu/Documents/Programming/Robotics/shi2d2/install/shi2d2_model/share/colcon-core/packages/shi2d2_model)
[1.690s] Level 1:colcon.colcon_core.environment:create_environment_scripts_only(shi2d2_model)
[1.694s] Level 1:colcon.colcon_core.environment:checking '/home/mlu/Documents/Programming/Robotics/shi2d2/install/shi2d2_model' for CMake module files
[1.696s] Level 1:colcon.colcon_core.environment:checking '/home/mlu/Documents/Programming/Robotics/shi2d2/install/shi2d2_model' for CMake config files
[1.696s] Level 1:colcon.colcon_core.shell:create_environment_hook('shi2d2_model', 'cmake_prefix_path')
[1.700s] INFO:colcon.colcon_core.shell:Creating environment hook '/home/mlu/Documents/Programming/Robotics/shi2d2/install/shi2d2_model/share/shi2d2_model/hook/cmake_prefix_path.ps1'
[1.701s] INFO:colcon.colcon_core.shell:Creating environment descriptor '/home/mlu/Documents/Programming/Robotics/shi2d2/install/shi2d2_model/share/shi2d2_model/hook/cmake_prefix_path.dsv'
[1.701s] INFO:colcon.colcon_core.shell:Creating environment hook '/home/mlu/Documents/Programming/Robotics/shi2d2/install/shi2d2_model/share/shi2d2_model/hook/cmake_prefix_path.sh'
[1.702s] Level 1:colcon.colcon_core.environment:checking '/home/mlu/Documents/Programming/Robotics/shi2d2/install/shi2d2_model/bin'
[1.703s] Level 1:colcon.colcon_core.environment:checking '/home/mlu/Documents/Programming/Robotics/shi2d2/install/shi2d2_model/lib/pkgconfig/shi2d2_model.pc'
[1.703s] Level 1:colcon.colcon_core.environment:checking '/home/mlu/Documents/Programming/Robotics/shi2d2/install/shi2d2_model/lib/python3.10/site-packages'
[1.704s] Level 1:colcon.colcon_core.environment:checking '/home/mlu/Documents/Programming/Robotics/shi2d2/install/shi2d2_model/bin'
[1.708s] INFO:colcon.colcon_core.shell:Creating package script '/home/mlu/Documents/Programming/Robotics/shi2d2/install/shi2d2_model/share/shi2d2_model/package.ps1'
[1.710s] INFO:colcon.colcon_core.shell:Creating package descriptor '/home/mlu/Documents/Programming/Robotics/shi2d2/install/shi2d2_model/share/shi2d2_model/package.dsv'
[1.710s] INFO:colcon.colcon_core.shell:Creating package script '/home/mlu/Documents/Programming/Robotics/shi2d2/install/shi2d2_model/share/shi2d2_model/package.sh'
[1.712s] INFO:colcon.colcon_core.shell:Creating package script '/home/mlu/Documents/Programming/Robotics/shi2d2/install/shi2d2_model/share/shi2d2_model/package.bash'
[1.713s] INFO:colcon.colcon_core.shell:Creating package script '/home/mlu/Documents/Programming/Robotics/shi2d2/install/shi2d2_model/share/shi2d2_model/package.zsh'
[1.714s] Level 1:colcon.colcon_core.environment:create_file_with_runtime_dependencies(/home/mlu/Documents/Programming/Robotics/shi2d2/install/shi2d2_model/share/colcon-core/packages/shi2d2_model)
[1.714s] DEBUG:colcon.colcon_parallel_executor.executor.parallel:closing loop
[1.715s] DEBUG:colcon.colcon_parallel_executor.executor.parallel:loop closed
[1.715s] DEBUG:colcon.colcon_parallel_executor.executor.parallel:run_until_complete finished with '0'
[1.715s] DEBUG:colcon.colcon_core.event_reactor:joining thread
[1.725s] INFO:colcon.colcon_core.plugin_system:Skipping extension 'colcon_notification.desktop_notification.terminal_notifier': Not used on non-Darwin systems
[1.725s] INFO:colcon.colcon_core.plugin_system:Skipping extension 'colcon_notification.desktop_notification.win32': Not used on non-Windows systems
[1.725s] INFO:colcon.colcon_notification.desktop_notification:Sending desktop notification using 'notify2'
[1.745s] DEBUG:colcon.colcon_core.event_reactor:joined thread
[1.748s] INFO:colcon.colcon_core.shell:Creating prefix script '/home/mlu/Documents/Programming/Robotics/shi2d2/install/local_setup.ps1'
[1.750s] INFO:colcon.colcon_core.shell:Creating prefix util module '/home/mlu/Documents/Programming/Robotics/shi2d2/install/_local_setup_util_ps1.py'
[1.754s] INFO:colcon.colcon_core.shell:Creating prefix chain script '/home/mlu/Documents/Programming/Robotics/shi2d2/install/setup.ps1'
[1.757s] INFO:colcon.colcon_core.shell:Creating prefix script '/home/mlu/Documents/Programming/Robotics/shi2d2/install/local_setup.sh'
[1.760s] INFO:colcon.colcon_core.shell:Creating prefix util module '/home/mlu/Documents/Programming/Robotics/shi2d2/install/_local_setup_util_sh.py'
[1.761s] INFO:colcon.colcon_core.shell:Creating prefix chain script '/home/mlu/Documents/Programming/Robotics/shi2d2/install/setup.sh'
[1.765s] INFO:colcon.colcon_core.shell:Creating prefix script '/home/mlu/Documents/Programming/Robotics/shi2d2/install/local_setup.bash'
[1.768s] INFO:colcon.colcon_core.shell:Creating prefix chain script '/home/mlu/Documents/Programming/Robotics/shi2d2/install/setup.bash'
[1.772s] INFO:colcon.colcon_core.shell:Creating prefix script '/home/mlu/Documents/Programming/Robotics/shi2d2/install/local_setup.zsh'
[1.773s] INFO:colcon.colcon_core.shell:Creating prefix chain script '/home/mlu/Documents/Programming/Robotics/shi2d2/install/setup.zsh'
