[0.019s] Invoking command in '/home/mlu/Documents/Programming/Robotics/shi2d2/build/shi2d2_controller': CMAKE_PREFIX_PATH=/opt/ros/humble:${CMAKE_PREFIX_PATH} /usr/bin/cmake --build /home/mlu/Documents/Programming/Robotics/shi2d2/build/shi2d2_controller -- -j20 -l20
[0.108s] [ 50%] Built target head_controller
[0.108s] [ 75%] [32mBuilding CXX object CMakeFiles/tf_publisher.dir/src/tf_publisher.cpp.o[0m
[9.891s] [100%] [32m[1mLinking CXX executable tf_publisher[0m
[10.480s] [100%] Built target tf_publisher
[10.497s] Invoked command in '/home/mlu/Documents/Programming/Robotics/shi2d2/build/shi2d2_controller' returned '0': CMAKE_PREFIX_PATH=/opt/ros/humble:${CMAKE_PREFIX_PATH} /usr/bin/cmake --build /home/mlu/Documents/Programming/Robotics/shi2d2/build/shi2d2_controller -- -j20 -l20
[10.537s] Invoking command in '/home/mlu/Documents/Programming/Robotics/shi2d2/build/shi2d2_controller': CMAKE_PREFIX_PATH=/opt/ros/humble:${CMAKE_PREFIX_PATH} /usr/bin/cmake --install /home/mlu/Documents/Programming/Robotics/shi2d2/build/shi2d2_controller
[10.547s] -- Install configuration: ""
[10.548s] -- Execute custom install script
[10.548s] -- Up-to-date symlink: /home/mlu/Documents/Programming/Robotics/shi2d2/install/shi2d2_controller/lib/shi2d2_controller/head_controller
[10.548s] -- Up-to-date symlink: /home/mlu/Documents/Programming/Robotics/shi2d2/install/shi2d2_controller/lib/shi2d2_controller/tf_publisher
[10.549s] -- Up-to-date symlink: /home/mlu/Documents/Programming/Robotics/shi2d2/install/shi2d2_controller/share/ament_index/resource_index/package_run_dependencies/shi2d2_controller
[10.549s] -- Up-to-date symlink: /home/mlu/Documents/Programming/Robotics/shi2d2/install/shi2d2_controller/share/ament_index/resource_index/parent_prefix_path/shi2d2_controller
[10.549s] -- Up-to-date symlink: /home/mlu/Documents/Programming/Robotics/shi2d2/install/shi2d2_controller/share/shi2d2_controller/environment/ament_prefix_path.sh
[10.549s] -- Up-to-date symlink: /home/mlu/Documents/Programming/Robotics/shi2d2/install/shi2d2_controller/share/shi2d2_controller/environment/ament_prefix_path.dsv
[10.549s] -- Up-to-date symlink: /home/mlu/Documents/Programming/Robotics/shi2d2/install/shi2d2_controller/share/shi2d2_controller/environment/path.sh
[10.549s] -- Up-to-date symlink: /home/mlu/Documents/Programming/Robotics/shi2d2/install/shi2d2_controller/share/shi2d2_controller/environment/path.dsv
[10.549s] -- Up-to-date symlink: /home/mlu/Documents/Programming/Robotics/shi2d2/install/shi2d2_controller/share/shi2d2_controller/local_setup.bash
[10.549s] -- Up-to-date symlink: /home/mlu/Documents/Programming/Robotics/shi2d2/install/shi2d2_controller/share/shi2d2_controller/local_setup.sh
[10.550s] -- Up-to-date symlink: /home/mlu/Documents/Programming/Robotics/shi2d2/install/shi2d2_controller/share/shi2d2_controller/local_setup.zsh
[10.550s] -- Up-to-date symlink: /home/mlu/Documents/Programming/Robotics/shi2d2/install/shi2d2_controller/share/shi2d2_controller/local_setup.dsv
[10.550s] -- Symlinking: /home/mlu/Documents/Programming/Robotics/shi2d2/install/shi2d2_controller/share/shi2d2_controller/package.dsv
[10.560s] -- Up-to-date symlink: /home/mlu/Documents/Programming/Robotics/shi2d2/install/shi2d2_controller/share/ament_index/resource_index/packages/shi2d2_controller
[10.560s] -- Up-to-date symlink: /home/mlu/Documents/Programming/Robotics/shi2d2/install/shi2d2_controller/share/shi2d2_controller/cmake/shi2d2_controllerConfig.cmake
[10.560s] -- Up-to-date symlink: /home/mlu/Documents/Programming/Robotics/shi2d2/install/shi2d2_controller/share/shi2d2_controller/cmake/shi2d2_controllerConfig-version.cmake
[10.560s] -- Up-to-date symlink: /home/mlu/Documents/Programming/Robotics/shi2d2/install/shi2d2_controller/share/shi2d2_controller/package.xml
[10.563s] Invoked command in '/home/mlu/Documents/Programming/Robotics/shi2d2/build/shi2d2_controller' returned '0': CMAKE_PREFIX_PATH=/opt/ros/humble:${CMAKE_PREFIX_PATH} /usr/bin/cmake --install /home/mlu/Documents/Programming/Robotics/shi2d2/build/shi2d2_controller
