[0.666s] DEBUG:colcon:Command line arguments: ['/usr/bin/colcon', 'list', '-p', '--base-paths', '/home/mlu/Documents/Programming/Robotics/shi2d2']
[0.666s] DEBUG:colcon:Parsed command line arguments: Namespace(log_base=None, log_level=None, verb_name='list', build_base='build', ignore_user_meta=False, metas=['./colcon.meta'], base_paths=['/home/mlu/Documents/Programming/Robotics/shi2d2'], packages_ignore=None, packages_ignore_regex=None, paths=None, packages_up_to=None, packages_up_to_regex=None, packages_above=None, packages_above_and_dependencies=None, packages_above_depth=None, packages_select_by_dep=None, packages_skip_by_dep=None, packages_skip_up_to=None, packages_select_build_failed=False, packages_skip_build_finished=False, packages_select_test_failures=False, packages_skip_test_passed=False, packages_select=None, packages_skip=None, packages_select_regex=None, packages_skip_regex=None, packages_start=None, packages_end=None, allow_overriding=[], topological_order=False, names_only=False, paths_only=True, topological_graph=False, topological_graph_dot=False, topological_graph_density=False, topological_graph_legend=False, topological_graph_dot_cluster=False, topological_graph_dot_include_skipped=False, mixin_files=None, mixin=None, verb_parser=<colcon_mixin.mixin.mixin_argument.MixinArgumentDecorator object at 0x732b9ea17fa0>, verb_extension=<colcon_package_information.verb.list.ListVerb object at 0x732b9ebc4520>, main=<bound method ListVerb.main of <colcon_package_information.verb.list.ListVerb object at 0x732b9ebc4520>>, mixin_verb=('list',))
[0.733s] Level 1:colcon.colcon_core.package_discovery:discover_packages(colcon_meta) check parameters
[0.733s] Level 1:colcon.colcon_core.package_discovery:discover_packages(recursive) check parameters
[0.733s] Level 1:colcon.colcon_core.package_discovery:discover_packages(ignore) check parameters
[0.733s] Level 1:colcon.colcon_core.package_discovery:discover_packages(path) check parameters
[0.733s] Level 1:colcon.colcon_core.package_discovery:discover_packages(recursive) discover
[0.733s] INFO:colcon.colcon_core.package_discovery:Crawling recursively for packages in '/home/mlu/Documents/Programming/Robotics/shi2d2'
[0.734s] Level 1:colcon.colcon_core.package_identification:_identify(/home/mlu/Documents/Programming/Robotics/shi2d2) by extensions ['ignore', 'ignore_ament_install']
[0.734s] Level 1:colcon.colcon_core.package_identification:_identify(/home/mlu/Documents/Programming/Robotics/shi2d2) by extension 'ignore'
[0.734s] Level 1:colcon.colcon_core.package_identification:_identify(/home/mlu/Documents/Programming/Robotics/shi2d2) by extension 'ignore_ament_install'
[0.734s] Level 1:colcon.colcon_core.package_identification:_identify(/home/mlu/Documents/Programming/Robotics/shi2d2) by extensions ['colcon_pkg']
[0.734s] Level 1:colcon.colcon_core.package_identification:_identify(/home/mlu/Documents/Programming/Robotics/shi2d2) by extension 'colcon_pkg'
[0.734s] Level 1:colcon.colcon_core.package_identification:_identify(/home/mlu/Documents/Programming/Robotics/shi2d2) by extensions ['colcon_meta']
[0.734s] Level 1:colcon.colcon_core.package_identification:_identify(/home/mlu/Documents/Programming/Robotics/shi2d2) by extension 'colcon_meta'
[0.734s] Level 1:colcon.colcon_core.package_identification:_identify(/home/mlu/Documents/Programming/Robotics/shi2d2) by extensions ['ros']
[0.734s] Level 1:colcon.colcon_core.package_identification:_identify(/home/mlu/Documents/Programming/Robotics/shi2d2) by extension 'ros'
[0.765s] Level 1:colcon.colcon_core.package_identification:_identify(/home/mlu/Documents/Programming/Robotics/shi2d2) by extensions ['cmake', 'python']
[0.765s] Level 1:colcon.colcon_core.package_identification:_identify(/home/mlu/Documents/Programming/Robotics/shi2d2) by extension 'cmake'
[0.765s] Level 1:colcon.colcon_core.package_identification:_identify(/home/mlu/Documents/Programming/Robotics/shi2d2) by extension 'python'
[0.766s] Level 1:colcon.colcon_core.package_identification:_identify(/home/mlu/Documents/Programming/Robotics/shi2d2) by extensions ['python_setup_py']
[0.766s] Level 1:colcon.colcon_core.package_identification:_identify(/home/mlu/Documents/Programming/Robotics/shi2d2) by extension 'python_setup_py'
[0.766s] Level 1:colcon.colcon_core.package_identification:_identify(/home/mlu/Documents/Programming/Robotics/shi2d2/build) by extensions ['ignore', 'ignore_ament_install']
[0.766s] Level 1:colcon.colcon_core.package_identification:_identify(/home/mlu/Documents/Programming/Robotics/shi2d2/build) by extension 'ignore'
[0.766s] Level 1:colcon.colcon_core.package_identification:_identify(/home/mlu/Documents/Programming/Robotics/shi2d2/build) ignored
[0.767s] Level 1:colcon.colcon_core.package_identification:_identify(/home/mlu/Documents/Programming/Robotics/shi2d2/install) by extensions ['ignore', 'ignore_ament_install']
[0.767s] Level 1:colcon.colcon_core.package_identification:_identify(/home/mlu/Documents/Programming/Robotics/shi2d2/install) by extension 'ignore'
[0.767s] Level 1:colcon.colcon_core.package_identification:_identify(/home/mlu/Documents/Programming/Robotics/shi2d2/install) ignored
[0.767s] Level 1:colcon.colcon_core.package_identification:_identify(/home/mlu/Documents/Programming/Robotics/shi2d2/log) by extensions ['ignore', 'ignore_ament_install']
[0.768s] Level 1:colcon.colcon_core.package_identification:_identify(/home/mlu/Documents/Programming/Robotics/shi2d2/log) by extension 'ignore'
[0.768s] Level 1:colcon.colcon_core.package_identification:_identify(/home/mlu/Documents/Programming/Robotics/shi2d2/log) ignored
[0.769s] Level 1:colcon.colcon_core.package_identification:_identify(/home/mlu/Documents/Programming/Robotics/shi2d2/src) by extensions ['ignore', 'ignore_ament_install']
[0.769s] Level 1:colcon.colcon_core.package_identification:_identify(/home/mlu/Documents/Programming/Robotics/shi2d2/src) by extension 'ignore'
[0.769s] Level 1:colcon.colcon_core.package_identification:_identify(/home/mlu/Documents/Programming/Robotics/shi2d2/src) by extension 'ignore_ament_install'
[0.770s] Level 1:colcon.colcon_core.package_identification:_identify(/home/mlu/Documents/Programming/Robotics/shi2d2/src) by extensions ['colcon_pkg']
[0.770s] Level 1:colcon.colcon_core.package_identification:_identify(/home/mlu/Documents/Programming/Robotics/shi2d2/src) by extension 'colcon_pkg'
[0.770s] Level 1:colcon.colcon_core.package_identification:_identify(/home/mlu/Documents/Programming/Robotics/shi2d2/src) by extensions ['colcon_meta']
[0.770s] Level 1:colcon.colcon_core.package_identification:_identify(/home/mlu/Documents/Programming/Robotics/shi2d2/src) by extension 'colcon_meta'
[0.770s] Level 1:colcon.colcon_core.package_identification:_identify(/home/mlu/Documents/Programming/Robotics/shi2d2/src) by extensions ['ros']
[0.770s] Level 1:colcon.colcon_core.package_identification:_identify(/home/mlu/Documents/Programming/Robotics/shi2d2/src) by extension 'ros'
[0.771s] Level 1:colcon.colcon_core.package_identification:_identify(/home/mlu/Documents/Programming/Robotics/shi2d2/src) by extensions ['cmake', 'python']
[0.771s] Level 1:colcon.colcon_core.package_identification:_identify(/home/mlu/Documents/Programming/Robotics/shi2d2/src) by extension 'cmake'
[0.771s] Level 1:colcon.colcon_core.package_identification:_identify(/home/mlu/Documents/Programming/Robotics/shi2d2/src) by extension 'python'
[0.771s] Level 1:colcon.colcon_core.package_identification:_identify(/home/mlu/Documents/Programming/Robotics/shi2d2/src) by extensions ['python_setup_py']
[0.771s] Level 1:colcon.colcon_core.package_identification:_identify(/home/mlu/Documents/Programming/Robotics/shi2d2/src) by extension 'python_setup_py'
[0.771s] Level 1:colcon.colcon_core.package_identification:_identify(/home/mlu/Documents/Programming/Robotics/shi2d2/src/build) by extensions ['ignore', 'ignore_ament_install']
[0.771s] Level 1:colcon.colcon_core.package_identification:_identify(/home/mlu/Documents/Programming/Robotics/shi2d2/src/build) by extension 'ignore'
[0.771s] Level 1:colcon.colcon_core.package_identification:_identify(/home/mlu/Documents/Programming/Robotics/shi2d2/src/build) ignored
[0.772s] Level 1:colcon.colcon_core.package_identification:_identify(/home/mlu/Documents/Programming/Robotics/shi2d2/src/install) by extensions ['ignore', 'ignore_ament_install']
[0.772s] Level 1:colcon.colcon_core.package_identification:_identify(/home/mlu/Documents/Programming/Robotics/shi2d2/src/install) by extension 'ignore'
[0.772s] Level 1:colcon.colcon_core.package_identification:_identify(/home/mlu/Documents/Programming/Robotics/shi2d2/src/install) ignored
[0.772s] Level 1:colcon.colcon_core.package_identification:_identify(/home/mlu/Documents/Programming/Robotics/shi2d2/src/log) by extensions ['ignore', 'ignore_ament_install']
[0.772s] Level 1:colcon.colcon_core.package_identification:_identify(/home/mlu/Documents/Programming/Robotics/shi2d2/src/log) by extension 'ignore'
[0.773s] Level 1:colcon.colcon_core.package_identification:_identify(/home/mlu/Documents/Programming/Robotics/shi2d2/src/log) ignored
[0.773s] Level 1:colcon.colcon_core.package_identification:_identify(/home/mlu/Documents/Programming/Robotics/shi2d2/src/shi2d2_model) by extensions ['ignore', 'ignore_ament_install']
[0.773s] Level 1:colcon.colcon_core.package_identification:_identify(/home/mlu/Documents/Programming/Robotics/shi2d2/src/shi2d2_model) by extension 'ignore'
[0.773s] Level 1:colcon.colcon_core.package_identification:_identify(/home/mlu/Documents/Programming/Robotics/shi2d2/src/shi2d2_model) by extension 'ignore_ament_install'
[0.773s] Level 1:colcon.colcon_core.package_identification:_identify(/home/mlu/Documents/Programming/Robotics/shi2d2/src/shi2d2_model) by extensions ['colcon_pkg']
[0.773s] Level 1:colcon.colcon_core.package_identification:_identify(/home/mlu/Documents/Programming/Robotics/shi2d2/src/shi2d2_model) by extension 'colcon_pkg'
[0.773s] Level 1:colcon.colcon_core.package_identification:_identify(/home/mlu/Documents/Programming/Robotics/shi2d2/src/shi2d2_model) by extensions ['colcon_meta']
[0.773s] Level 1:colcon.colcon_core.package_identification:_identify(/home/mlu/Documents/Programming/Robotics/shi2d2/src/shi2d2_model) by extension 'colcon_meta'
[0.773s] Level 1:colcon.colcon_core.package_identification:_identify(/home/mlu/Documents/Programming/Robotics/shi2d2/src/shi2d2_model) by extensions ['ros']
[0.773s] Level 1:colcon.colcon_core.package_identification:_identify(/home/mlu/Documents/Programming/Robotics/shi2d2/src/shi2d2_model) by extension 'ros'
[0.781s] DEBUG:colcon.colcon_core.package_identification:Package '/home/mlu/Documents/Programming/Robotics/shi2d2/src/shi2d2_model' with type 'ros.ament_cmake' and name 'shi2d2_model'
[0.781s] Level 1:colcon.colcon_core.package_discovery:discover_packages(recursive) using defaults
