[0.011s] Invoking command in '/home/mlu/Documents/Programming/Robotics/shi2d2/build/shi2d2_controller': CMAKE_PREFIX_PATH=/opt/ros/humble:${CMAKE_PREFIX_PATH} /usr/bin/cmake --build /home/mlu/Documents/Programming/Robotics/shi2d2/build/shi2d2_controller -- -j20 -l20
[0.028s] -- Found ament_cmake: 1.3.9 (/opt/ros/humble/share/ament_cmake/cmake)
[0.104s] -- Found rclcpp: 16.0.9 (/opt/ros/humble/share/rclcpp/cmake)
[0.122s] -- Found rosidl_generator_c: 3.1.5 (/opt/ros/humble/share/rosidl_generator_c/cmake)
[0.123s] -- Found rosidl_adapter: 3.1.5 (/opt/ros/humble/share/rosidl_adapter/cmake)
[0.126s] -- Found rosidl_generator_cpp: 3.1.5 (/opt/ros/humble/share/rosidl_generator_cpp/cmake)
[0.133s] -- Using all available rosidl_typesupport_c: rosidl_typesupport_fastrtps_c;rosidl_typesupport_introspection_c
[0.142s] -- Using all available rosidl_typesupport_cpp: rosidl_typesupport_fastrtps_cpp;rosidl_typesupport_introspection_cpp
[0.176s] -- Found rmw_implementation_cmake: 6.1.2 (/opt/ros/humble/share/rmw_implementation_cmake/cmake)
[0.177s] -- Found rmw_fastrtps_cpp: 6.2.6 (/opt/ros/humble/share/rmw_fastrtps_cpp/cmake)
[0.254s] -- Using RMW implementation 'rmw_fastrtps_cpp' as default
[0.346s] -- Found ament_lint_auto: 0.12.11 (/opt/ros/humble/share/ament_lint_auto/cmake)
[0.386s] -- Added test 'cppcheck' to perform static code analysis on C / C++ code
[0.386s] -- Configured cppcheck include dirs: 
[0.386s] -- Configured cppcheck exclude dirs and/or files: 
[0.386s] -- Added test 'lint_cmake' to check CMake code style
[0.386s] -- Added test 'uncrustify' to check C / C++ code style
[0.386s] -- Configured uncrustify additional arguments: 
[0.386s] -- Added test 'xmllint' to check XML markup files
[0.387s] -- Configuring done
[0.392s] -- Generating done
[0.392s] -- Build files have been written to: /home/mlu/Documents/Programming/Robotics/shi2d2/build/shi2d2_controller
[0.413s] [ 50%] [32mBuilding CXX object CMakeFiles/head_controller.dir/src/head_controller.cpp.o[0m
[0.528s] [01m[K/home/mlu/Documents/Programming/Robotics/shi2d2/src/shi2d2_controller/src/head_controller.cpp:5:10:[m[K [01;31m[Kfatal error: [m[Ktrajectory_msgs/msg/joint_trajectory.hpp: No such file or directory
[0.528s]     5 | #include [01;31m[K"trajectory_msgs/msg/joint_trajectory.hpp"[m[K
[0.528s]       |          [01;31m[K^~~~~~~~~~~~~~~~~~~~~~~~~~~~~~~~~~~~~~~~~~[m[K
[0.528s] compilation terminated.
[0.531s] gmake[2]: *** [CMakeFiles/head_controller.dir/build.make:76: CMakeFiles/head_controller.dir/src/head_controller.cpp.o] Error 1
[0.531s] gmake[1]: *** [CMakeFiles/Makefile2:137: CMakeFiles/head_controller.dir/all] Error 2
[0.532s] gmake: *** [Makefile:146: all] Error 2
[0.534s] Invoked command in '/home/mlu/Documents/Programming/Robotics/shi2d2/build/shi2d2_controller' returned '2': CMAKE_PREFIX_PATH=/opt/ros/humble:${CMAKE_PREFIX_PATH} /usr/bin/cmake --build /home/mlu/Documents/Programming/Robotics/shi2d2/build/shi2d2_controller -- -j20 -l20
