[0.012s] Invoking command in '/home/mlu/Documents/Programming/Robotics/shi2d2/build/shi2d2_controller': CMAKE_PREFIX_PATH=/home/mlu/Documents/Programming/Robotics/shi2d2/install/shi2d2_controller:/opt/ros/humble:/home/mlu/Documents/Programming/Robotics/shi2d2/install/shi2d2_model:/home/mlu/Documents/Programming/Robotics/shi2d2/install/sdformat_test_files:/home/mlu/Documents/Programming/Robotics/dum2d2/install/shi2d2_urdf:/home/mlu/Documents/Programming/Robotics/dum2d2/install/motion_controller /usr/bin/cmake --build /home/mlu/Documents/Programming/Robotics/shi2d2/build/shi2d2_controller -- -j20 -l20
[0.041s] [35m[1mConsolidate compiler generated dependencies of target head_controller[0m
[0.054s] [ 50%] [32mBuilding CXX object CMakeFiles/head_controller.dir/src/head_controller.cpp.o[0m
[2.549s] [100%] [32m[1mLinking CXX executable head_controller[0m
[2.672s] [100%] Built target head_controller
[2.680s] Invoked command in '/home/mlu/Documents/Programming/Robotics/shi2d2/build/shi2d2_controller' returned '0': CMAKE_PREFIX_PATH=/home/mlu/Documents/Programming/Robotics/shi2d2/install/shi2d2_controller:/opt/ros/humble:/home/mlu/Documents/Programming/Robotics/shi2d2/install/shi2d2_model:/home/mlu/Documents/Programming/Robotics/shi2d2/install/sdformat_test_files:/home/mlu/Documents/Programming/Robotics/dum2d2/install/shi2d2_urdf:/home/mlu/Documents/Programming/Robotics/dum2d2/install/motion_controller /usr/bin/cmake --build /home/mlu/Documents/Programming/Robotics/shi2d2/build/shi2d2_controller -- -j20 -l20
[2.695s] Invoking command in '/home/mlu/Documents/Programming/Robotics/shi2d2/build/shi2d2_controller': CMAKE_PREFIX_PATH=/home/mlu/Documents/Programming/Robotics/shi2d2/install/shi2d2_controller:/opt/ros/humble:/home/mlu/Documents/Programming/Robotics/shi2d2/install/shi2d2_model:/home/mlu/Documents/Programming/Robotics/shi2d2/install/sdformat_test_files:/home/mlu/Documents/Programming/Robotics/dum2d2/install/shi2d2_urdf:/home/mlu/Documents/Programming/Robotics/dum2d2/install/motion_controller /usr/bin/cmake --install /home/mlu/Documents/Programming/Robotics/shi2d2/build/shi2d2_controller
[2.701s] -- Install configuration: ""
[2.702s] -- Installing: /home/mlu/Documents/Programming/Robotics/shi2d2/install/shi2d2_controller/lib/shi2d2_controller/head_controller
[2.703s] -- Set runtime path of "/home/mlu/Documents/Programming/Robotics/shi2d2/install/shi2d2_controller/lib/shi2d2_controller/head_controller" to ""
[2.703s] -- Up-to-date: /home/mlu/Documents/Programming/Robotics/shi2d2/install/shi2d2_controller/share/ament_index/resource_index/package_run_dependencies/shi2d2_controller
[2.703s] -- Up-to-date: /home/mlu/Documents/Programming/Robotics/shi2d2/install/shi2d2_controller/share/ament_index/resource_index/parent_prefix_path/shi2d2_controller
[2.703s] -- Up-to-date: /home/mlu/Documents/Programming/Robotics/shi2d2/install/shi2d2_controller/share/shi2d2_controller/environment/ament_prefix_path.sh
[2.703s] -- Up-to-date: /home/mlu/Documents/Programming/Robotics/shi2d2/install/shi2d2_controller/share/shi2d2_controller/environment/ament_prefix_path.dsv
[2.703s] -- Up-to-date: /home/mlu/Documents/Programming/Robotics/shi2d2/install/shi2d2_controller/share/shi2d2_controller/environment/path.sh
[2.703s] -- Up-to-date: /home/mlu/Documents/Programming/Robotics/shi2d2/install/shi2d2_controller/share/shi2d2_controller/environment/path.dsv
[2.703s] -- Up-to-date: /home/mlu/Documents/Programming/Robotics/shi2d2/install/shi2d2_controller/share/shi2d2_controller/local_setup.bash
[2.703s] -- Up-to-date: /home/mlu/Documents/Programming/Robotics/shi2d2/install/shi2d2_controller/share/shi2d2_controller/local_setup.sh
[2.703s] -- Up-to-date: /home/mlu/Documents/Programming/Robotics/shi2d2/install/shi2d2_controller/share/shi2d2_controller/local_setup.zsh
[2.704s] -- Up-to-date: /home/mlu/Documents/Programming/Robotics/shi2d2/install/shi2d2_controller/share/shi2d2_controller/local_setup.dsv
[2.704s] -- Installing: /home/mlu/Documents/Programming/Robotics/shi2d2/install/shi2d2_controller/share/shi2d2_controller/package.dsv
[2.704s] -- Up-to-date: /home/mlu/Documents/Programming/Robotics/shi2d2/install/shi2d2_controller/share/ament_index/resource_index/packages/shi2d2_controller
[2.704s] -- Up-to-date: /home/mlu/Documents/Programming/Robotics/shi2d2/install/shi2d2_controller/share/shi2d2_controller/cmake/shi2d2_controllerConfig.cmake
[2.704s] -- Up-to-date: /home/mlu/Documents/Programming/Robotics/shi2d2/install/shi2d2_controller/share/shi2d2_controller/cmake/shi2d2_controllerConfig-version.cmake
[2.704s] -- Up-to-date: /home/mlu/Documents/Programming/Robotics/shi2d2/install/shi2d2_controller/share/shi2d2_controller/package.xml
[2.705s] Invoked command in '/home/mlu/Documents/Programming/Robotics/shi2d2/build/shi2d2_controller' returned '0': CMAKE_PREFIX_PATH=/home/mlu/Documents/Programming/Robotics/shi2d2/install/shi2d2_controller:/opt/ros/humble:/home/mlu/Documents/Programming/Robotics/shi2d2/install/shi2d2_model:/home/mlu/Documents/Programming/Robotics/shi2d2/install/sdformat_test_files:/home/mlu/Documents/Programming/Robotics/dum2d2/install/shi2d2_urdf:/home/mlu/Documents/Programming/Robotics/dum2d2/install/motion_controller /usr/bin/cmake --install /home/mlu/Documents/Programming/Robotics/shi2d2/build/shi2d2_controller
