[0.013s] Invoking command in '/home/mlu/Documents/Programming/Robotics/shi2d2/build/shi2d2_model': CMAKE_PREFIX_PATH=/opt/ros/humble:${CMAKE_PREFIX_PATH} /usr/bin/cmake --build /home/mlu/Documents/Programming/Robotics/shi2d2/build/shi2d2_model -- -j20 -l20
[0.033s] -- Found ament_cmake: 1.3.4 (/opt/ros/humble/share/ament_cmake/cmake)
[0.156s] -- Found ament_lint_auto: 0.12.6 (/opt/ros/humble/share/ament_lint_auto/cmake)
[0.210s] -- Configuring done
[0.213s] -- Generating done
[0.213s] -- Build files have been written to: /home/mlu/Documents/Programming/Robotics/shi2d2/build/shi2d2_model
[0.231s] Invoked command in '/home/mlu/Documents/Programming/Robotics/shi2d2/build/shi2d2_model' returned '0': CMAKE_PREFIX_PATH=/opt/ros/humble:${CMAKE_PREFIX_PATH} /usr/bin/cmake --build /home/mlu/Documents/Programming/Robotics/shi2d2/build/shi2d2_model -- -j20 -l20
[0.260s] Invoking command in '/home/mlu/Documents/Programming/Robotics/shi2d2/build/shi2d2_model': CMAKE_PREFIX_PATH=/opt/ros/humble:${CMAKE_PREFIX_PATH} /usr/bin/cmake --install /home/mlu/Documents/Programming/Robotics/shi2d2/build/shi2d2_model
[0.264s] -- Install configuration: ""
[0.265s] -- Up-to-date: /home/mlu/Documents/Programming/Robotics/shi2d2/install/shi2d2_model/share/shi2d2_model/config
[0.265s] -- Up-to-date: /home/mlu/Documents/Programming/Robotics/shi2d2/install/shi2d2_model/share/shi2d2_model/config/joint_names_shi2d2_model.yaml
[0.265s] -- Up-to-date: /home/mlu/Documents/Programming/Robotics/shi2d2/install/shi2d2_model/share/shi2d2_model/launch
[0.265s] -- Up-to-date: /home/mlu/Documents/Programming/Robotics/shi2d2/install/shi2d2_model/share/shi2d2_model/launch/gpt_rviz.launch.py
[0.265s] -- Up-to-date: /home/mlu/Documents/Programming/Robotics/shi2d2/install/shi2d2_model/share/shi2d2_model/launch/rviz.launch.py
[0.265s] -- Up-to-date: /home/mlu/Documents/Programming/Robotics/shi2d2/install/shi2d2_model/share/shi2d2_model/launch/gazebo_classic.launch.py
[0.265s] -- Up-to-date: /home/mlu/Documents/Programming/Robotics/shi2d2/install/shi2d2_model/share/shi2d2_model/launch/display.launch
[0.265s] -- Up-to-date: /home/mlu/Documents/Programming/Robotics/shi2d2/install/shi2d2_model/share/shi2d2_model/launch/gazebo.launch
[0.265s] -- Up-to-date: /home/mlu/Documents/Programming/Robotics/shi2d2/install/shi2d2_model/share/shi2d2_model/launch/gpt_gazebo.launch.py
[0.266s] -- Up-to-date: /home/mlu/Documents/Programming/Robotics/shi2d2/install/shi2d2_model/share/shi2d2_model/launch/gazebo.launch.py
[0.266s] -- Up-to-date: /home/mlu/Documents/Programming/Robotics/shi2d2/install/shi2d2_model/share/shi2d2_model/meshes
[0.266s] -- Up-to-date: /home/mlu/Documents/Programming/Robotics/shi2d2/install/shi2d2_model/share/shi2d2_model/meshes/head_link.STL
[0.266s] -- Up-to-date: /home/mlu/Documents/Programming/Robotics/shi2d2/install/shi2d2_model/share/shi2d2_model/meshes/left_foot_link.STL
[0.266s] -- Up-to-date: /home/mlu/Documents/Programming/Robotics/shi2d2/install/shi2d2_model/share/shi2d2_model/meshes/body_link.STL
[0.266s] -- Up-to-date: /home/mlu/Documents/Programming/Robotics/shi2d2/install/shi2d2_model/share/shi2d2_model/meshes/right_lower_hip_link.STL
[0.266s] -- Up-to-date: /home/mlu/Documents/Programming/Robotics/shi2d2/install/shi2d2_model/share/shi2d2_model/meshes/left_upper_hip_link.STL
[0.266s] -- Up-to-date: /home/mlu/Documents/Programming/Robotics/shi2d2/install/shi2d2_model/share/shi2d2_model/meshes/upper_neck_link.STL
[0.266s] -- Up-to-date: /home/mlu/Documents/Programming/Robotics/shi2d2/install/shi2d2_model/share/shi2d2_model/meshes/right_foot_link.STL
[0.266s] -- Up-to-date: /home/mlu/Documents/Programming/Robotics/shi2d2/install/shi2d2_model/share/shi2d2_model/meshes/right_upper_hip_link.STL
[0.266s] -- Up-to-date: /home/mlu/Documents/Programming/Robotics/shi2d2/install/shi2d2_model/share/shi2d2_model/meshes/left_lower_hip_link.STL
[0.266s] -- Up-to-date: /home/mlu/Documents/Programming/Robotics/shi2d2/install/shi2d2_model/share/shi2d2_model/meshes/lower_neck_link.STL
[0.266s] -- Up-to-date: /home/mlu/Documents/Programming/Robotics/shi2d2/install/shi2d2_model/share/shi2d2_model/meshes/left_upper_leg_link.STL
[0.267s] -- Up-to-date: /home/mlu/Documents/Programming/Robotics/shi2d2/install/shi2d2_model/share/shi2d2_model/meshes/right_upper_leg_link.STL
[0.267s] -- Up-to-date: /home/mlu/Documents/Programming/Robotics/shi2d2/install/shi2d2_model/share/shi2d2_model/meshes/robot_base.stl
[0.267s] -- Up-to-date: /home/mlu/Documents/Programming/Robotics/shi2d2/install/shi2d2_model/share/shi2d2_model/meshes/left_lower_leg_link.STL
[0.267s] -- Up-to-date: /home/mlu/Documents/Programming/Robotics/shi2d2/install/shi2d2_model/share/shi2d2_model/meshes/right_lower_leg_link.STL
[0.267s] -- Up-to-date: /home/mlu/Documents/Programming/Robotics/shi2d2/install/shi2d2_model/share/shi2d2_model/urdf
[0.267s] -- Up-to-date: /home/mlu/Documents/Programming/Robotics/shi2d2/install/shi2d2_model/share/shi2d2_model/urdf/shi2d2_model.xacro
[0.267s] -- Installing: /home/mlu/Documents/Programming/Robotics/shi2d2/install/shi2d2_model/share/shi2d2_model/urdf/shi2d2_model.urdf
[0.267s] -- Up-to-date: /home/mlu/Documents/Programming/Robotics/shi2d2/install/shi2d2_model/share/shi2d2_model/urdf/dum.urdf
[0.267s] -- Up-to-date: /home/mlu/Documents/Programming/Robotics/shi2d2/install/shi2d2_model/share/shi2d2_model/urdf/test.urdf
[0.268s] -- Up-to-date: /home/mlu/Documents/Programming/Robotics/shi2d2/install/shi2d2_model/share/shi2d2_model/urdf/shi2d2_model.csv
[0.268s] -- Up-to-date: /home/mlu/Documents/Programming/Robotics/shi2d2/install/shi2d2_model/share/shi2d2_model/urdf/dummy.urdf
[0.269s] -- Up-to-date: /home/mlu/Documents/Programming/Robotics/shi2d2/install/shi2d2_model/share/ament_index/resource_index/package_run_dependencies/shi2d2_model
[0.270s] -- Up-to-date: /home/mlu/Documents/Programming/Robotics/shi2d2/install/shi2d2_model/share/ament_index/resource_index/parent_prefix_path/shi2d2_model
[0.270s] -- Up-to-date: /home/mlu/Documents/Programming/Robotics/shi2d2/install/shi2d2_model/share/shi2d2_model/environment/ament_prefix_path.sh
[0.270s] -- Installing: /home/mlu/Documents/Programming/Robotics/shi2d2/install/shi2d2_model/share/shi2d2_model/environment/ament_prefix_path.dsv
[0.270s] -- Up-to-date: /home/mlu/Documents/Programming/Robotics/shi2d2/install/shi2d2_model/share/shi2d2_model/environment/path.sh
[0.271s] -- Installing: /home/mlu/Documents/Programming/Robotics/shi2d2/install/shi2d2_model/share/shi2d2_model/environment/path.dsv
[0.272s] -- Up-to-date: /home/mlu/Documents/Programming/Robotics/shi2d2/install/shi2d2_model/share/shi2d2_model/local_setup.bash
[0.272s] -- Up-to-date: /home/mlu/Documents/Programming/Robotics/shi2d2/install/shi2d2_model/share/shi2d2_model/local_setup.sh
[0.272s] -- Up-to-date: /home/mlu/Documents/Programming/Robotics/shi2d2/install/shi2d2_model/share/shi2d2_model/local_setup.zsh
[0.272s] -- Installing: /home/mlu/Documents/Programming/Robotics/shi2d2/install/shi2d2_model/share/shi2d2_model/local_setup.dsv
[0.272s] -- Installing: /home/mlu/Documents/Programming/Robotics/shi2d2/install/shi2d2_model/share/shi2d2_model/package.dsv
[0.273s] -- Up-to-date: /home/mlu/Documents/Programming/Robotics/shi2d2/install/shi2d2_model/share/ament_index/resource_index/packages/shi2d2_model
[0.273s] -- Up-to-date: /home/mlu/Documents/Programming/Robotics/shi2d2/install/shi2d2_model/share/shi2d2_model/cmake/shi2d2_modelConfig.cmake
[0.273s] -- Up-to-date: /home/mlu/Documents/Programming/Robotics/shi2d2/install/shi2d2_model/share/shi2d2_model/cmake/shi2d2_modelConfig-version.cmake
[0.273s] -- Up-to-date: /home/mlu/Documents/Programming/Robotics/shi2d2/install/shi2d2_model/share/shi2d2_model/package.xml
[0.273s] Invoked command in '/home/mlu/Documents/Programming/Robotics/shi2d2/build/shi2d2_model' returned '0': CMAKE_PREFIX_PATH=/opt/ros/humble:${CMAKE_PREFIX_PATH} /usr/bin/cmake --install /home/mlu/Documents/Programming/Robotics/shi2d2/build/shi2d2_model
