[0.026s] Invoking command in '/home/mlu/Documents/Programming/Robotics/shi2d2/build/shi2d2_controller': CMAKE_PREFIX_PATH=/opt/ros/humble:${CMAKE_PREFIX_PATH} /usr/bin/cmake --build /home/mlu/Documents/Programming/Robotics/shi2d2/build/shi2d2_controller -- -j20 -l20
[0.066s] -- Found ament_cmake: 1.3.9 (/opt/ros/humble/share/ament_cmake/cmake)
[0.279s] -- Override CMake install command with custom implementation using symlinks instead of copying resources
[0.296s] -- Found rclcpp: 16.0.9 (/opt/ros/humble/share/rclcpp/cmake)
[0.354s] -- Found rosidl_generator_c: 3.1.5 (/opt/ros/humble/share/rosidl_generator_c/cmake)
[0.361s] -- Found rosidl_adapter: 3.1.5 (/opt/ros/humble/share/rosidl_adapter/cmake)
[0.373s] -- Found rosidl_generator_cpp: 3.1.5 (/opt/ros/humble/share/rosidl_generator_cpp/cmake)
[0.396s] -- Using all available rosidl_typesupport_c: rosidl_typesupport_fastrtps_c;rosidl_typesupport_introspection_c
[0.425s] -- Using all available rosidl_typesupport_cpp: rosidl_typesupport_fastrtps_cpp;rosidl_typesupport_introspection_cpp
[0.536s] -- Found rmw_implementation_cmake: 6.1.2 (/opt/ros/humble/share/rmw_implementation_cmake/cmake)
[0.539s] -- Found rmw_fastrtps_cpp: 6.2.6 (/opt/ros/humble/share/rmw_fastrtps_cpp/cmake)
[0.766s] -- Using RMW implementation 'rmw_fastrtps_cpp' as default
[1.074s] -- Found trajectory_msgs: 4.2.4 (/opt/ros/humble/share/trajectory_msgs/cmake)
[1.279s] -- Found tf2: 0.25.7 (/opt/ros/humble/share/tf2/cmake)
[1.305s] -- Found ament_lint_auto: 0.12.11 (/opt/ros/humble/share/ament_lint_auto/cmake)
[1.411s] -- Added test 'cppcheck' to perform static code analysis on C / C++ code
[1.411s] -- Configured cppcheck include dirs: 
[1.411s] -- Configured cppcheck exclude dirs and/or files: 
[1.412s] -- Added test 'lint_cmake' to check CMake code style
[1.413s] -- Added test 'uncrustify' to check C / C++ code style
[1.413s] -- Configured uncrustify additional arguments: 
[1.414s] -- Added test 'xmllint' to check XML markup files
[1.415s] -- Configuring done
[1.433s] -- Generating done
[1.436s] -- Build files have been written to: /home/mlu/Documents/Programming/Robotics/shi2d2/build/shi2d2_controller
[1.475s] [35m[1mConsolidate compiler generated dependencies of target head_controller[0m
[1.488s] [ 25%] [32mBuilding CXX object CMakeFiles/tf_publisher.dir/src/tf_publisher.cpp.o[0m
[1.501s] [ 75%] Built target head_controller
[1.797s] [01m[K/home/mlu/Documents/Programming/Robotics/shi2d2/src/shi2d2_controller/src/tf_publisher.cpp:5:10:[m[K [01;31m[Kfatal error: [m[Ktf2_ros/transform_broadcaster.h: No such file or directory
[1.797s]     5 | #include [01;31m[K"tf2_ros/transform_broadcaster.h"[m[K
[1.797s]       |          [01;31m[K^~~~~~~~~~~~~~~~~~~~~~~~~~~~~~~~~[m[K
[1.797s] compilation terminated.
[1.801s] gmake[2]: *** [CMakeFiles/tf_publisher.dir/build.make:76: CMakeFiles/tf_publisher.dir/src/tf_publisher.cpp.o] Error 1
[1.802s] gmake[1]: *** [CMakeFiles/Makefile2:165: CMakeFiles/tf_publisher.dir/all] Error 2
[1.802s] gmake: *** [Makefile:146: all] Error 2
[1.807s] Invoked command in '/home/mlu/Documents/Programming/Robotics/shi2d2/build/shi2d2_controller' returned '2': CMAKE_PREFIX_PATH=/opt/ros/humble:${CMAKE_PREFIX_PATH} /usr/bin/cmake --build /home/mlu/Documents/Programming/Robotics/shi2d2/build/shi2d2_controller -- -j20 -l20
