[0.033s] Invoking command in '/home/mlu/Documents/Programming/Robotics/shi2d2/build/shi2d2_model': CMAKE_PREFIX_PATH=/opt/ros/humble:${CMAKE_PREFIX_PATH} /usr/bin/cmake --build /home/mlu/Documents/Programming/Robotics/shi2d2/build/shi2d2_model -- -j20 -l20
[0.122s] Invoked command in '/home/mlu/Documents/Programming/Robotics/shi2d2/build/shi2d2_model' returned '0': CMAKE_PREFIX_PATH=/opt/ros/humble:${CMAKE_PREFIX_PATH} /usr/bin/cmake --build /home/mlu/Documents/Programming/Robotics/shi2d2/build/shi2d2_model -- -j20 -l20
[0.211s] Invoking command in '/home/mlu/Documents/Programming/Robotics/shi2d2/build/shi2d2_model': CMAKE_PREFIX_PATH=/opt/ros/humble:${CMAKE_PREFIX_PATH} /usr/bin/cmake --install /home/mlu/Documents/Programming/Robotics/shi2d2/build/shi2d2_model
[0.231s] -- Install configuration: ""
[0.231s] -- Up-to-date: /home/mlu/Documents/Programming/Robotics/shi2d2/install/shi2d2_model/share/shi2d2_model/config
[0.232s] -- Up-to-date: /home/mlu/Documents/Programming/Robotics/shi2d2/install/shi2d2_model/share/shi2d2_model/config/test_controller.yaml
[0.232s] -- Up-to-date: /home/mlu/Documents/Programming/Robotics/shi2d2/install/shi2d2_model/share/shi2d2_model/config/shi2d2_controller.yaml
[0.233s] -- Up-to-date: /home/mlu/Documents/Programming/Robotics/shi2d2/install/shi2d2_model/share/shi2d2_model/config/ros_gz_bridge_config.yaml
[0.234s] -- Up-to-date: /home/mlu/Documents/Programming/Robotics/shi2d2/install/shi2d2_model/share/shi2d2_model/config/joint_names_shi2d2_model.yaml
[0.234s] -- Up-to-date: /home/mlu/Documents/Programming/Robotics/shi2d2/install/shi2d2_model/share/shi2d2_model/launch
[0.234s] -- Up-to-date: /home/mlu/Documents/Programming/Robotics/shi2d2/install/shi2d2_model/share/shi2d2_model/launch/gpt_rviz.launch.py
[0.235s] -- Up-to-date: /home/mlu/Documents/Programming/Robotics/shi2d2/install/shi2d2_model/share/shi2d2_model/launch/harvey_gazebo.launch.py
[0.235s] -- Up-to-date: /home/mlu/Documents/Programming/Robotics/shi2d2/install/shi2d2_model/share/shi2d2_model/launch/rviz.launch.py
[0.236s] -- Up-to-date: /home/mlu/Documents/Programming/Robotics/shi2d2/install/shi2d2_model/share/shi2d2_model/launch/gazebo_classic.launch.py
[0.236s] -- Up-to-date: /home/mlu/Documents/Programming/Robotics/shi2d2/install/shi2d2_model/share/shi2d2_model/launch/display.launch
[0.236s] -- Up-to-date: /home/mlu/Documents/Programming/Robotics/shi2d2/install/shi2d2_model/share/shi2d2_model/launch/gazebo.launch
[0.237s] -- Up-to-date: /home/mlu/Documents/Programming/Robotics/shi2d2/install/shi2d2_model/share/shi2d2_model/launch/gpt_gazebo.launch.py
[0.237s] -- Up-to-date: /home/mlu/Documents/Programming/Robotics/shi2d2/install/shi2d2_model/share/shi2d2_model/launch/gazebo.launch.py
[0.237s] -- Up-to-date: /home/mlu/Documents/Programming/Robotics/shi2d2/install/shi2d2_model/share/shi2d2_model/meshes
[0.238s] -- Up-to-date: /home/mlu/Documents/Programming/Robotics/shi2d2/install/shi2d2_model/share/shi2d2_model/meshes/head_link.STL
[0.238s] -- Up-to-date: /home/mlu/Documents/Programming/Robotics/shi2d2/install/shi2d2_model/share/shi2d2_model/meshes/left_foot_link.STL
[0.238s] -- Up-to-date: /home/mlu/Documents/Programming/Robotics/shi2d2/install/shi2d2_model/share/shi2d2_model/meshes/body_link.STL
[0.238s] -- Up-to-date: /home/mlu/Documents/Programming/Robotics/shi2d2/install/shi2d2_model/share/shi2d2_model/meshes/right_lower_hip_link.STL
[0.238s] -- Up-to-date: /home/mlu/Documents/Programming/Robotics/shi2d2/install/shi2d2_model/share/shi2d2_model/meshes/left_upper_hip_link.STL
[0.239s] -- Up-to-date: /home/mlu/Documents/Programming/Robotics/shi2d2/install/shi2d2_model/share/shi2d2_model/meshes/upper_neck_link.STL
[0.239s] -- Up-to-date: /home/mlu/Documents/Programming/Robotics/shi2d2/install/shi2d2_model/share/shi2d2_model/meshes/right_foot_link.STL
[0.240s] -- Up-to-date: /home/mlu/Documents/Programming/Robotics/shi2d2/install/shi2d2_model/share/shi2d2_model/meshes/right_upper_hip_link.STL
[0.241s] -- Up-to-date: /home/mlu/Documents/Programming/Robotics/shi2d2/install/shi2d2_model/share/shi2d2_model/meshes/left_lower_hip_link.STL
[0.243s] -- Up-to-date: /home/mlu/Documents/Programming/Robotics/shi2d2/install/shi2d2_model/share/shi2d2_model/meshes/lower_neck_link.STL
[0.245s] -- Up-to-date: /home/mlu/Documents/Programming/Robotics/shi2d2/install/shi2d2_model/share/shi2d2_model/meshes/left_upper_leg_link.STL
[0.245s] -- Up-to-date: /home/mlu/Documents/Programming/Robotics/shi2d2/install/shi2d2_model/share/shi2d2_model/meshes/right_upper_leg_link.STL
[0.246s] -- Up-to-date: /home/mlu/Documents/Programming/Robotics/shi2d2/install/shi2d2_model/share/shi2d2_model/meshes/robot_base.stl
[0.246s] -- Up-to-date: /home/mlu/Documents/Programming/Robotics/shi2d2/install/shi2d2_model/share/shi2d2_model/meshes/left_lower_leg_link.STL
[0.247s] -- Up-to-date: /home/mlu/Documents/Programming/Robotics/shi2d2/install/shi2d2_model/share/shi2d2_model/meshes/right_lower_leg_link.STL
[0.247s] -- Up-to-date: /home/mlu/Documents/Programming/Robotics/shi2d2/install/shi2d2_model/share/shi2d2_model/rviz
[0.248s] -- Up-to-date: /home/mlu/Documents/Programming/Robotics/shi2d2/install/shi2d2_model/share/shi2d2_model/rviz/rviz_settings_2.rviz
[0.251s] -- Up-to-date: /home/mlu/Documents/Programming/Robotics/shi2d2/install/shi2d2_model/share/shi2d2_model/rviz/urdf_gazebo_config.rviz
[0.252s] -- Up-to-date: /home/mlu/Documents/Programming/Robotics/shi2d2/install/shi2d2_model/share/shi2d2_model/rviz/rviz_basic_settings.rviz
[0.253s] -- Up-to-date: /home/mlu/Documents/Programming/Robotics/shi2d2/install/shi2d2_model/share/shi2d2_model/rviz/rviz_settings.rviz
[0.254s] -- Up-to-date: /home/mlu/Documents/Programming/Robotics/shi2d2/install/shi2d2_model/share/shi2d2_model/textures
[0.255s] -- Up-to-date: /home/mlu/Documents/Programming/Robotics/shi2d2/install/shi2d2_model/share/shi2d2_model/urdf
[0.256s] -- Up-to-date: /home/mlu/Documents/Programming/Robotics/shi2d2/install/shi2d2_model/share/shi2d2_model/urdf/shi2d2_model_gazebo.urdf
[0.257s] -- Installing: /home/mlu/Documents/Programming/Robotics/shi2d2/install/shi2d2_model/share/shi2d2_model/urdf/shi2d2_model.urdf.xacro
[0.258s] -- Up-to-date: /home/mlu/Documents/Programming/Robotics/shi2d2/install/shi2d2_model/share/shi2d2_model/urdf/shi2d2_model.urdf
[0.259s] -- Up-to-date: /home/mlu/Documents/Programming/Robotics/shi2d2/install/shi2d2_model/share/shi2d2_model/urdf/gazebo
[0.260s] -- Up-to-date: /home/mlu/Documents/Programming/Robotics/shi2d2/install/shi2d2_model/share/shi2d2_model/urdf/gazebo/shi2d2_ros2_control.xacro
[0.261s] -- Up-to-date: /home/mlu/Documents/Programming/Robotics/shi2d2/install/shi2d2_model/share/shi2d2_model/urdf/gazebo/shi2d2_gazebo_plugins.xacro
[0.264s] -- Up-to-date: /home/mlu/Documents/Programming/Robotics/shi2d2/install/shi2d2_model/share/shi2d2_model/urdf/test_control.urdf.xacro
[0.264s] -- Up-to-date: /home/mlu/Documents/Programming/Robotics/shi2d2/install/shi2d2_model/share/shi2d2_model/urdf/shi2d2_model_xacro_nonsense.urdf
[0.266s] -- Up-to-date: /home/mlu/Documents/Programming/Robotics/shi2d2/install/shi2d2_model/share/shi2d2_model/urdf/dum.urdf
[0.267s] -- Up-to-date: /home/mlu/Documents/Programming/Robotics/shi2d2/install/shi2d2_model/share/shi2d2_model/urdf/test.urdf
[0.268s] -- Up-to-date: /home/mlu/Documents/Programming/Robotics/shi2d2/install/shi2d2_model/share/shi2d2_model/urdf/shi2d2_model.csv
[0.268s] -- Up-to-date: /home/mlu/Documents/Programming/Robotics/shi2d2/install/shi2d2_model/share/shi2d2_model/urdf/dummy.urdf
[0.269s] -- Up-to-date: /home/mlu/Documents/Programming/Robotics/shi2d2/install/shi2d2_model/share/shi2d2_model/urdf/shi2d2_model_og.urdf
[0.270s] -- Up-to-date: /home/mlu/Documents/Programming/Robotics/shi2d2/install/shi2d2_model/share/shi2d2_model/sdf
[0.270s] -- Up-to-date: /home/mlu/Documents/Programming/Robotics/shi2d2/install/shi2d2_model/share/shi2d2_model/sdf/shi2d2_model.sdf
[0.271s] -- Up-to-date: /home/mlu/Documents/Programming/Robotics/shi2d2/install/shi2d2_model/share/shi2d2_model/sdf/test.sdf
[0.271s] -- Up-to-date: /home/mlu/Documents/Programming/Robotics/shi2d2/install/shi2d2_model/share/shi2d2_model/sdf/rrobot.sdf
[0.272s] -- Up-to-date: /home/mlu/Documents/Programming/Robotics/shi2d2/install/shi2d2_model/share/shi2d2_model/worlds
[0.272s] -- Up-to-date: /home/mlu/Documents/Programming/Robotics/shi2d2/install/shi2d2_model/share/shi2d2_model/worlds/cafe.world
[0.273s] -- Up-to-date: /home/mlu/Documents/Programming/Robotics/shi2d2/install/shi2d2_model/share/shi2d2_model/worlds/farm.world
[0.273s] -- Up-to-date: /home/mlu/Documents/Programming/Robotics/shi2d2/install/shi2d2_model/share/shi2d2_model/worlds/blank.world
[0.274s] -- Up-to-date: /home/mlu/Documents/Programming/Robotics/shi2d2/install/shi2d2_model/share/shi2d2_model/worlds/neighborhood.world
[0.274s] -- Up-to-date: /home/mlu/Documents/Programming/Robotics/shi2d2/install/shi2d2_model/share/shi2d2_model/worlds/empty.world
[0.275s] -- Up-to-date: /home/mlu/Documents/Programming/Robotics/shi2d2/install/shi2d2_model/share/ament_index/resource_index/package_run_dependencies/shi2d2_model
[0.277s] -- Up-to-date: /home/mlu/Documents/Programming/Robotics/shi2d2/install/shi2d2_model/share/ament_index/resource_index/parent_prefix_path/shi2d2_model
[0.278s] -- Up-to-date: /home/mlu/Documents/Programming/Robotics/shi2d2/install/shi2d2_model/share/shi2d2_model/environment/ament_prefix_path.sh
[0.278s] -- Up-to-date: /home/mlu/Documents/Programming/Robotics/shi2d2/install/shi2d2_model/share/shi2d2_model/environment/ament_prefix_path.dsv
[0.279s] -- Up-to-date: /home/mlu/Documents/Programming/Robotics/shi2d2/install/shi2d2_model/share/shi2d2_model/environment/path.sh
[0.279s] -- Up-to-date: /home/mlu/Documents/Programming/Robotics/shi2d2/install/shi2d2_model/share/shi2d2_model/environment/path.dsv
[0.280s] -- Up-to-date: /home/mlu/Documents/Programming/Robotics/shi2d2/install/shi2d2_model/share/shi2d2_model/local_setup.bash
[0.281s] -- Up-to-date: /home/mlu/Documents/Programming/Robotics/shi2d2/install/shi2d2_model/share/shi2d2_model/local_setup.sh
[0.281s] -- Up-to-date: /home/mlu/Documents/Programming/Robotics/shi2d2/install/shi2d2_model/share/shi2d2_model/local_setup.zsh
[0.283s] -- Up-to-date: /home/mlu/Documents/Programming/Robotics/shi2d2/install/shi2d2_model/share/shi2d2_model/local_setup.dsv
[0.284s] -- Installing: /home/mlu/Documents/Programming/Robotics/shi2d2/install/shi2d2_model/share/shi2d2_model/package.dsv
[0.284s] -- Up-to-date: /home/mlu/Documents/Programming/Robotics/shi2d2/install/shi2d2_model/share/ament_index/resource_index/packages/shi2d2_model
[0.284s] -- Up-to-date: /home/mlu/Documents/Programming/Robotics/shi2d2/install/shi2d2_model/share/shi2d2_model/cmake/shi2d2_modelConfig.cmake
[0.286s] -- Up-to-date: /home/mlu/Documents/Programming/Robotics/shi2d2/install/shi2d2_model/share/shi2d2_model/cmake/shi2d2_modelConfig-version.cmake
[0.287s] -- Up-to-date: /home/mlu/Documents/Programming/Robotics/shi2d2/install/shi2d2_model/share/shi2d2_model/package.xml
[0.288s] Invoked command in '/home/mlu/Documents/Programming/Robotics/shi2d2/build/shi2d2_model' returned '0': CMAKE_PREFIX_PATH=/opt/ros/humble:${CMAKE_PREFIX_PATH} /usr/bin/cmake --install /home/mlu/Documents/Programming/Robotics/shi2d2/build/shi2d2_model
