[0.131s] DEBUG:colcon:Command line arguments: ['/usr/bin/colcon', 'build']
[0.131s] DEBUG:colcon:Parsed command line arguments: Namespace(log_base=None, log_level=None, verb_name='build', build_base='build', install_base='install', merge_install=False, symlink_install=False, test_result_base=None, continue_on_error=False, executor='parallel', parallel_workers=20, event_handlers=None, ignore_user_meta=False, metas=['./colcon.meta'], base_paths=['.'], packages_ignore=None, packages_ignore_regex=None, paths=None, packages_up_to=None, packages_up_to_regex=None, packages_above=None, packages_above_and_dependencies=None, packages_above_depth=None, packages_select_by_dep=None, packages_skip_by_dep=None, packages_skip_up_to=None, packages_select_build_failed=False, packages_skip_build_finished=False, packages_select_test_failures=False, packages_skip_test_passed=False, packages_select=None, packages_skip=None, packages_select_regex=None, packages_skip_regex=None, packages_start=None, packages_end=None, allow_overriding=[], cmake_args=None, cmake_target=None, cmake_target_skip_unavailable=False, cmake_clean_cache=False, cmake_clean_first=False, cmake_force_configure=False, ament_cmake_args=None, catkin_cmake_args=None, catkin_skip_building_tests=False, mixin_files=None, mixin=None, verb_parser=<colcon_mixin.mixin.mixin_argument.MixinArgumentDecorator object at 0x74c24f852650>, verb_extension=<colcon_core.verb.build.BuildVerb object at 0x74c24f946cb0>, main=<bound method BuildVerb.main of <colcon_core.verb.build.BuildVerb object at 0x74c24f946cb0>>, mixin_verb=('build',))
[0.350s] Level 1:colcon.colcon_core.package_discovery:discover_packages(colcon_meta) check parameters
[0.350s] Level 1:colcon.colcon_core.package_discovery:discover_packages(recursive) check parameters
[0.350s] Level 1:colcon.colcon_core.package_discovery:discover_packages(ignore) check parameters
[0.350s] Level 1:colcon.colcon_core.package_discovery:discover_packages(path) check parameters
[0.350s] Level 1:colcon.colcon_core.package_discovery:discover_packages(colcon_meta) discover
[0.350s] Level 1:colcon.colcon_core.package_discovery:discover_packages(recursive) discover
[0.350s] INFO:colcon.colcon_core.package_discovery:Crawling recursively for packages in '/home/mlu/Documents/Programming/Robotics/shi2d2'
[0.350s] Level 1:colcon.colcon_core.package_identification:_identify(.) by extensions ['ignore', 'ignore_ament_install']
[0.350s] Level 1:colcon.colcon_core.package_identification:_identify(.) by extension 'ignore'
[0.350s] Level 1:colcon.colcon_core.package_identification:_identify(.) by extension 'ignore_ament_install'
[0.351s] Level 1:colcon.colcon_core.package_identification:_identify(.) by extensions ['colcon_pkg']
[0.351s] Level 1:colcon.colcon_core.package_identification:_identify(.) by extension 'colcon_pkg'
[0.351s] Level 1:colcon.colcon_core.package_identification:_identify(.) by extensions ['colcon_meta']
[0.351s] Level 1:colcon.colcon_core.package_identification:_identify(.) by extension 'colcon_meta'
[0.351s] Level 1:colcon.colcon_core.package_identification:_identify(.) by extensions ['ros']
[0.351s] Level 1:colcon.colcon_core.package_identification:_identify(.) by extension 'ros'
[0.366s] Level 1:colcon.colcon_core.package_identification:_identify(.) by extensions ['cmake', 'python']
[0.366s] Level 1:colcon.colcon_core.package_identification:_identify(.) by extension 'cmake'
[0.366s] Level 1:colcon.colcon_core.package_identification:_identify(.) by extension 'python'
[0.366s] Level 1:colcon.colcon_core.package_identification:_identify(.) by extensions ['python_setup_py']
[0.366s] Level 1:colcon.colcon_core.package_identification:_identify(.) by extension 'python_setup_py'
[0.366s] Level 1:colcon.colcon_core.package_identification:_identify(build) by extensions ['ignore', 'ignore_ament_install']
[0.366s] Level 1:colcon.colcon_core.package_identification:_identify(build) by extension 'ignore'
[0.366s] Level 1:colcon.colcon_core.package_identification:_identify(build) ignored
[0.366s] Level 1:colcon.colcon_core.package_identification:_identify(install) by extensions ['ignore', 'ignore_ament_install']
[0.366s] Level 1:colcon.colcon_core.package_identification:_identify(install) by extension 'ignore'
[0.366s] Level 1:colcon.colcon_core.package_identification:_identify(install) ignored
[0.367s] Level 1:colcon.colcon_core.package_identification:_identify(log) by extensions ['ignore', 'ignore_ament_install']
[0.367s] Level 1:colcon.colcon_core.package_identification:_identify(log) by extension 'ignore'
[0.367s] Level 1:colcon.colcon_core.package_identification:_identify(log) ignored
[0.367s] Level 1:colcon.colcon_core.package_identification:_identify(src) by extensions ['ignore', 'ignore_ament_install']
[0.367s] Level 1:colcon.colcon_core.package_identification:_identify(src) by extension 'ignore'
[0.367s] Level 1:colcon.colcon_core.package_identification:_identify(src) by extension 'ignore_ament_install'
[0.367s] Level 1:colcon.colcon_core.package_identification:_identify(src) by extensions ['colcon_pkg']
[0.367s] Level 1:colcon.colcon_core.package_identification:_identify(src) by extension 'colcon_pkg'
[0.368s] Level 1:colcon.colcon_core.package_identification:_identify(src) by extensions ['colcon_meta']
[0.368s] Level 1:colcon.colcon_core.package_identification:_identify(src) by extension 'colcon_meta'
[0.368s] Level 1:colcon.colcon_core.package_identification:_identify(src) by extensions ['ros']
[0.368s] Level 1:colcon.colcon_core.package_identification:_identify(src) by extension 'ros'
[0.368s] Level 1:colcon.colcon_core.package_identification:_identify(src) by extensions ['cmake', 'python']
[0.368s] Level 1:colcon.colcon_core.package_identification:_identify(src) by extension 'cmake'
[0.368s] Level 1:colcon.colcon_core.package_identification:_identify(src) by extension 'python'
[0.368s] Level 1:colcon.colcon_core.package_identification:_identify(src) by extensions ['python_setup_py']
[0.368s] Level 1:colcon.colcon_core.package_identification:_identify(src) by extension 'python_setup_py'
[0.368s] Level 1:colcon.colcon_core.package_identification:_identify(src/build) by extensions ['ignore', 'ignore_ament_install']
[0.368s] Level 1:colcon.colcon_core.package_identification:_identify(src/build) by extension 'ignore'
[0.368s] Level 1:colcon.colcon_core.package_identification:_identify(src/build) ignored
[0.368s] Level 1:colcon.colcon_core.package_identification:_identify(src/install) by extensions ['ignore', 'ignore_ament_install']
[0.368s] Level 1:colcon.colcon_core.package_identification:_identify(src/install) by extension 'ignore'
[0.368s] Level 1:colcon.colcon_core.package_identification:_identify(src/install) ignored
[0.368s] Level 1:colcon.colcon_core.package_identification:_identify(src/log) by extensions ['ignore', 'ignore_ament_install']
[0.369s] Level 1:colcon.colcon_core.package_identification:_identify(src/log) by extension 'ignore'
[0.369s] Level 1:colcon.colcon_core.package_identification:_identify(src/log) ignored
[0.369s] Level 1:colcon.colcon_core.package_identification:_identify(src/shi2d2_controller) by extensions ['ignore', 'ignore_ament_install']
[0.369s] Level 1:colcon.colcon_core.package_identification:_identify(src/shi2d2_controller) by extension 'ignore'
[0.369s] Level 1:colcon.colcon_core.package_identification:_identify(src/shi2d2_controller) by extension 'ignore_ament_install'
[0.369s] Level 1:colcon.colcon_core.package_identification:_identify(src/shi2d2_controller) by extensions ['colcon_pkg']
[0.369s] Level 1:colcon.colcon_core.package_identification:_identify(src/shi2d2_controller) by extension 'colcon_pkg'
[0.369s] Level 1:colcon.colcon_core.package_identification:_identify(src/shi2d2_controller) by extensions ['colcon_meta']
[0.369s] Level 1:colcon.colcon_core.package_identification:_identify(src/shi2d2_controller) by extension 'colcon_meta'
[0.369s] Level 1:colcon.colcon_core.package_identification:_identify(src/shi2d2_controller) by extensions ['ros']
[0.369s] Level 1:colcon.colcon_core.package_identification:_identify(src/shi2d2_controller) by extension 'ros'
[0.372s] DEBUG:colcon.colcon_core.package_identification:Package 'src/shi2d2_controller' with type 'ros.ament_cmake' and name 'shi2d2_controller'
[0.372s] Level 1:colcon.colcon_core.package_identification:_identify(src/shi2d2_model) by extensions ['ignore', 'ignore_ament_install']
[0.373s] Level 1:colcon.colcon_core.package_identification:_identify(src/shi2d2_model) by extension 'ignore'
[0.373s] Level 1:colcon.colcon_core.package_identification:_identify(src/shi2d2_model) by extension 'ignore_ament_install'
[0.373s] Level 1:colcon.colcon_core.package_identification:_identify(src/shi2d2_model) by extensions ['colcon_pkg']
[0.373s] Level 1:colcon.colcon_core.package_identification:_identify(src/shi2d2_model) by extension 'colcon_pkg'
[0.373s] Level 1:colcon.colcon_core.package_identification:_identify(src/shi2d2_model) by extensions ['colcon_meta']
[0.373s] Level 1:colcon.colcon_core.package_identification:_identify(src/shi2d2_model) by extension 'colcon_meta'
[0.373s] Level 1:colcon.colcon_core.package_identification:_identify(src/shi2d2_model) by extensions ['ros']
[0.373s] Level 1:colcon.colcon_core.package_identification:_identify(src/shi2d2_model) by extension 'ros'
[0.374s] DEBUG:colcon.colcon_core.package_identification:Package 'src/shi2d2_model' with type 'ros.ament_cmake' and name 'shi2d2_model'
[0.374s] Level 1:colcon.colcon_core.package_discovery:discover_packages(recursive) using defaults
[0.374s] Level 1:colcon.colcon_core.package_discovery:discover_packages(ignore) discover
[0.374s] Level 1:colcon.colcon_core.package_discovery:discover_packages(ignore) using defaults
[0.374s] Level 1:colcon.colcon_core.package_discovery:discover_packages(path) discover
[0.374s] Level 1:colcon.colcon_core.package_discovery:discover_packages(path) using defaults
[0.399s] Level 1:colcon.colcon_core.package_discovery:discover_packages(prefix_path) check parameters
[0.399s] Level 1:colcon.colcon_core.package_discovery:discover_packages(prefix_path) discover
[0.401s] DEBUG:colcon.colcon_installed_package_information.package_discovery:Found 4 installed packages in /home/mlu/Documents/Programming/Robotics/shi2d2/install
[0.401s] DEBUG:colcon.colcon_installed_package_information.package_discovery:Found 2 installed packages in /home/mlu/Documents/Programming/Robotics/dum2d2/install
[0.403s] DEBUG:colcon.colcon_installed_package_information.package_discovery:Found 405 installed packages in /opt/ros/humble
[0.415s] Level 1:colcon.colcon_core.package_discovery:discover_packages(prefix_path) using defaults
[0.466s] Level 5:colcon.colcon_core.verb:set package 'shi2d2_controller' build argument 'cmake_args' from command line to 'None'
[0.466s] Level 5:colcon.colcon_core.verb:set package 'shi2d2_controller' build argument 'cmake_target' from command line to 'None'
[0.466s] Level 5:colcon.colcon_core.verb:set package 'shi2d2_controller' build argument 'cmake_target_skip_unavailable' from command line to 'False'
[0.466s] Level 5:colcon.colcon_core.verb:set package 'shi2d2_controller' build argument 'cmake_clean_cache' from command line to 'False'
[0.466s] Level 5:colcon.colcon_core.verb:set package 'shi2d2_controller' build argument 'cmake_clean_first' from command line to 'False'
[0.466s] Level 5:colcon.colcon_core.verb:set package 'shi2d2_controller' build argument 'cmake_force_configure' from command line to 'False'
[0.466s] Level 5:colcon.colcon_core.verb:set package 'shi2d2_controller' build argument 'ament_cmake_args' from command line to 'None'
[0.466s] Level 5:colcon.colcon_core.verb:set package 'shi2d2_controller' build argument 'catkin_cmake_args' from command line to 'None'
[0.466s] Level 5:colcon.colcon_core.verb:set package 'shi2d2_controller' build argument 'catkin_skip_building_tests' from command line to 'False'
[0.467s] DEBUG:colcon.colcon_core.verb:Building package 'shi2d2_controller' with the following arguments: {'ament_cmake_args': None, 'build_base': '/home/mlu/Documents/Programming/Robotics/shi2d2/build/shi2d2_controller', 'catkin_cmake_args': None, 'catkin_skip_building_tests': False, 'cmake_args': None, 'cmake_clean_cache': False, 'cmake_clean_first': False, 'cmake_force_configure': False, 'cmake_target': None, 'cmake_target_skip_unavailable': False, 'install_base': '/home/mlu/Documents/Programming/Robotics/shi2d2/install/shi2d2_controller', 'merge_install': False, 'path': '/home/mlu/Documents/Programming/Robotics/shi2d2/src/shi2d2_controller', 'symlink_install': False, 'test_result_base': None}
[0.467s] Level 5:colcon.colcon_core.verb:set package 'shi2d2_model' build argument 'cmake_args' from command line to 'None'
[0.467s] Level 5:colcon.colcon_core.verb:set package 'shi2d2_model' build argument 'cmake_target' from command line to 'None'
[0.467s] Level 5:colcon.colcon_core.verb:set package 'shi2d2_model' build argument 'cmake_target_skip_unavailable' from command line to 'False'
[0.467s] Level 5:colcon.colcon_core.verb:set package 'shi2d2_model' build argument 'cmake_clean_cache' from command line to 'False'
[0.467s] Level 5:colcon.colcon_core.verb:set package 'shi2d2_model' build argument 'cmake_clean_first' from command line to 'False'
[0.467s] Level 5:colcon.colcon_core.verb:set package 'shi2d2_model' build argument 'cmake_force_configure' from command line to 'False'
[0.467s] Level 5:colcon.colcon_core.verb:set package 'shi2d2_model' build argument 'ament_cmake_args' from command line to 'None'
[0.467s] Level 5:colcon.colcon_core.verb:set package 'shi2d2_model' build argument 'catkin_cmake_args' from command line to 'None'
[0.467s] Level 5:colcon.colcon_core.verb:set package 'shi2d2_model' build argument 'catkin_skip_building_tests' from command line to 'False'
[0.467s] DEBUG:colcon.colcon_core.verb:Building package 'shi2d2_model' with the following arguments: {'ament_cmake_args': None, 'build_base': '/home/mlu/Documents/Programming/Robotics/shi2d2/build/shi2d2_model', 'catkin_cmake_args': None, 'catkin_skip_building_tests': False, 'cmake_args': None, 'cmake_clean_cache': False, 'cmake_clean_first': False, 'cmake_force_configure': False, 'cmake_target': None, 'cmake_target_skip_unavailable': False, 'install_base': '/home/mlu/Documents/Programming/Robotics/shi2d2/install/shi2d2_model', 'merge_install': False, 'path': '/home/mlu/Documents/Programming/Robotics/shi2d2/src/shi2d2_model', 'symlink_install': False, 'test_result_base': None}
[0.467s] INFO:colcon.colcon_core.executor:Executing jobs using 'parallel' executor
[0.468s] DEBUG:colcon.colcon_parallel_executor.executor.parallel:run_until_complete
[0.469s] INFO:colcon.colcon_ros.task.ament_cmake.build:Building ROS package in '/home/mlu/Documents/Programming/Robotics/shi2d2/src/shi2d2_controller' with build type 'ament_cmake'
[0.469s] INFO:colcon.colcon_cmake.task.cmake.build:Building CMake package in '/home/mlu/Documents/Programming/Robotics/shi2d2/src/shi2d2_controller'
[0.471s] INFO:colcon.colcon_core.plugin_system:Skipping extension 'colcon_core.shell.bat': Not used on non-Windows systems
[0.471s] INFO:colcon.colcon_core.shell:Skip shell extension 'powershell' for command environment: Not usable outside of PowerShell
[0.471s] DEBUG:colcon.colcon_core.shell:Skip shell extension 'dsv' for command environment
[0.476s] INFO:colcon.colcon_ros.task.ament_cmake.build:Building ROS package in '/home/mlu/Documents/Programming/Robotics/shi2d2/src/shi2d2_model' with build type 'ament_cmake'
[0.476s] INFO:colcon.colcon_cmake.task.cmake.build:Building CMake package in '/home/mlu/Documents/Programming/Robotics/shi2d2/src/shi2d2_model'
[0.476s] INFO:colcon.colcon_core.shell:Skip shell extension 'powershell' for command environment: Not usable outside of PowerShell
[0.476s] DEBUG:colcon.colcon_core.shell:Skip shell extension 'dsv' for command environment
[0.486s] DEBUG:colcon.colcon_core.event_handler.log_command:Invoking command in '/home/mlu/Documents/Programming/Robotics/shi2d2/build/shi2d2_controller': CMAKE_PREFIX_PATH=/opt/ros/humble:${CMAKE_PREFIX_PATH} /usr/bin/cmake --build /home/mlu/Documents/Programming/Robotics/shi2d2/build/shi2d2_controller -- -j20 -l20
[0.492s] DEBUG:colcon.colcon_core.event_handler.log_command:Invoking command in '/home/mlu/Documents/Programming/Robotics/shi2d2/build/shi2d2_model': CMAKE_PREFIX_PATH=/opt/ros/humble:${CMAKE_PREFIX_PATH} /usr/bin/cmake --build /home/mlu/Documents/Programming/Robotics/shi2d2/build/shi2d2_model -- -j20 -l20
[0.546s] DEBUG:colcon.colcon_core.event_handler.log_command:Invoked command in '/home/mlu/Documents/Programming/Robotics/shi2d2/build/shi2d2_model' returned '0': CMAKE_PREFIX_PATH=/opt/ros/humble:${CMAKE_PREFIX_PATH} /usr/bin/cmake --build /home/mlu/Documents/Programming/Robotics/shi2d2/build/shi2d2_model -- -j20 -l20
[0.593s] DEBUG:colcon.colcon_core.event_handler.log_command:Invoking command in '/home/mlu/Documents/Programming/Robotics/shi2d2/build/shi2d2_model': CMAKE_PREFIX_PATH=/opt/ros/humble:${CMAKE_PREFIX_PATH} /usr/bin/cmake --install /home/mlu/Documents/Programming/Robotics/shi2d2/build/shi2d2_model
[0.595s] DEBUG:colcon.colcon_core.event_handler.log_command:Invoked command in '/home/mlu/Documents/Programming/Robotics/shi2d2/build/shi2d2_controller' returned '0': CMAKE_PREFIX_PATH=/opt/ros/humble:${CMAKE_PREFIX_PATH} /usr/bin/cmake --build /home/mlu/Documents/Programming/Robotics/shi2d2/build/shi2d2_controller -- -j20 -l20
[0.638s] Level 1:colcon.colcon_core.environment:create_environment_scripts_only(shi2d2_model)
[0.639s] DEBUG:colcon.colcon_core.event_handler.log_command:Invoked command in '/home/mlu/Documents/Programming/Robotics/shi2d2/build/shi2d2_model' returned '0': CMAKE_PREFIX_PATH=/opt/ros/humble:${CMAKE_PREFIX_PATH} /usr/bin/cmake --install /home/mlu/Documents/Programming/Robotics/shi2d2/build/shi2d2_model
[0.643s] Level 1:colcon.colcon_core.environment:checking '/home/mlu/Documents/Programming/Robotics/shi2d2/install/shi2d2_model' for CMake module files
[0.643s] Level 1:colcon.colcon_core.environment:checking '/home/mlu/Documents/Programming/Robotics/shi2d2/install/shi2d2_model' for CMake config files
[0.644s] Level 1:colcon.colcon_core.shell:create_environment_hook('shi2d2_model', 'cmake_prefix_path')
[0.645s] INFO:colcon.colcon_core.shell:Creating environment hook '/home/mlu/Documents/Programming/Robotics/shi2d2/install/shi2d2_model/share/shi2d2_model/hook/cmake_prefix_path.ps1'
[0.646s] INFO:colcon.colcon_core.shell:Creating environment descriptor '/home/mlu/Documents/Programming/Robotics/shi2d2/install/shi2d2_model/share/shi2d2_model/hook/cmake_prefix_path.dsv'
[0.646s] INFO:colcon.colcon_core.shell:Creating environment hook '/home/mlu/Documents/Programming/Robotics/shi2d2/install/shi2d2_model/share/shi2d2_model/hook/cmake_prefix_path.sh'
[0.648s] Level 1:colcon.colcon_core.environment:checking '/home/mlu/Documents/Programming/Robotics/shi2d2/install/shi2d2_model/bin'
[0.648s] Level 1:colcon.colcon_core.environment:checking '/home/mlu/Documents/Programming/Robotics/shi2d2/install/shi2d2_model/lib/pkgconfig/shi2d2_model.pc'
[0.648s] Level 1:colcon.colcon_core.environment:checking '/home/mlu/Documents/Programming/Robotics/shi2d2/install/shi2d2_model/lib/python3.10/site-packages'
[0.648s] Level 1:colcon.colcon_core.environment:checking '/home/mlu/Documents/Programming/Robotics/shi2d2/install/shi2d2_model/bin'
[0.649s] INFO:colcon.colcon_core.shell:Creating package script '/home/mlu/Documents/Programming/Robotics/shi2d2/install/shi2d2_model/share/shi2d2_model/package.ps1'
[0.650s] INFO:colcon.colcon_core.shell:Creating package descriptor '/home/mlu/Documents/Programming/Robotics/shi2d2/install/shi2d2_model/share/shi2d2_model/package.dsv'
[0.651s] INFO:colcon.colcon_core.shell:Creating package script '/home/mlu/Documents/Programming/Robotics/shi2d2/install/shi2d2_model/share/shi2d2_model/package.sh'
[0.652s] INFO:colcon.colcon_core.shell:Creating package script '/home/mlu/Documents/Programming/Robotics/shi2d2/install/shi2d2_model/share/shi2d2_model/package.bash'
[0.653s] INFO:colcon.colcon_core.shell:Creating package script '/home/mlu/Documents/Programming/Robotics/shi2d2/install/shi2d2_model/share/shi2d2_model/package.zsh'
[0.654s] Level 1:colcon.colcon_core.environment:create_file_with_runtime_dependencies(/home/mlu/Documents/Programming/Robotics/shi2d2/install/shi2d2_model/share/colcon-core/packages/shi2d2_model)
[0.658s] DEBUG:colcon.colcon_core.event_handler.log_command:Invoking command in '/home/mlu/Documents/Programming/Robotics/shi2d2/build/shi2d2_controller': CMAKE_PREFIX_PATH=/opt/ros/humble:${CMAKE_PREFIX_PATH} /usr/bin/cmake --install /home/mlu/Documents/Programming/Robotics/shi2d2/build/shi2d2_controller
[0.687s] Level 1:colcon.colcon_core.environment:create_environment_scripts_only(shi2d2_model)
[0.688s] Level 1:colcon.colcon_core.environment:checking '/home/mlu/Documents/Programming/Robotics/shi2d2/install/shi2d2_model' for CMake module files
[0.688s] Level 1:colcon.colcon_core.environment:checking '/home/mlu/Documents/Programming/Robotics/shi2d2/install/shi2d2_model' for CMake config files
[0.689s] Level 1:colcon.colcon_core.shell:create_environment_hook('shi2d2_model', 'cmake_prefix_path')
[0.690s] INFO:colcon.colcon_core.shell:Creating environment hook '/home/mlu/Documents/Programming/Robotics/shi2d2/install/shi2d2_model/share/shi2d2_model/hook/cmake_prefix_path.ps1'
[0.690s] INFO:colcon.colcon_core.shell:Creating environment descriptor '/home/mlu/Documents/Programming/Robotics/shi2d2/install/shi2d2_model/share/shi2d2_model/hook/cmake_prefix_path.dsv'
[0.691s] INFO:colcon.colcon_core.shell:Creating environment hook '/home/mlu/Documents/Programming/Robotics/shi2d2/install/shi2d2_model/share/shi2d2_model/hook/cmake_prefix_path.sh'
[0.692s] Level 1:colcon.colcon_core.environment:checking '/home/mlu/Documents/Programming/Robotics/shi2d2/install/shi2d2_model/bin'
[0.692s] Level 1:colcon.colcon_core.environment:checking '/home/mlu/Documents/Programming/Robotics/shi2d2/install/shi2d2_model/lib/pkgconfig/shi2d2_model.pc'
[0.692s] Level 1:colcon.colcon_core.environment:checking '/home/mlu/Documents/Programming/Robotics/shi2d2/install/shi2d2_model/lib/python3.10/site-packages'
[0.692s] Level 1:colcon.colcon_core.environment:checking '/home/mlu/Documents/Programming/Robotics/shi2d2/install/shi2d2_model/bin'
[0.693s] INFO:colcon.colcon_core.shell:Creating package script '/home/mlu/Documents/Programming/Robotics/shi2d2/install/shi2d2_model/share/shi2d2_model/package.ps1'
[0.693s] INFO:colcon.colcon_core.shell:Creating package descriptor '/home/mlu/Documents/Programming/Robotics/shi2d2/install/shi2d2_model/share/shi2d2_model/package.dsv'
[0.694s] INFO:colcon.colcon_core.shell:Creating package script '/home/mlu/Documents/Programming/Robotics/shi2d2/install/shi2d2_model/share/shi2d2_model/package.sh'
[0.694s] INFO:colcon.colcon_core.shell:Creating package script '/home/mlu/Documents/Programming/Robotics/shi2d2/install/shi2d2_model/share/shi2d2_model/package.bash'
[0.695s] INFO:colcon.colcon_core.shell:Creating package script '/home/mlu/Documents/Programming/Robotics/shi2d2/install/shi2d2_model/share/shi2d2_model/package.zsh'
[0.695s] Level 1:colcon.colcon_core.environment:create_file_with_runtime_dependencies(/home/mlu/Documents/Programming/Robotics/shi2d2/install/shi2d2_model/share/colcon-core/packages/shi2d2_model)
[0.697s] Level 1:colcon.colcon_core.environment:create_environment_scripts_only(shi2d2_controller)
[0.698s] Level 1:colcon.colcon_core.environment:checking '/home/mlu/Documents/Programming/Robotics/shi2d2/install/shi2d2_controller' for CMake module files
[0.699s] DEBUG:colcon.colcon_core.event_handler.log_command:Invoked command in '/home/mlu/Documents/Programming/Robotics/shi2d2/build/shi2d2_controller' returned '0': CMAKE_PREFIX_PATH=/opt/ros/humble:${CMAKE_PREFIX_PATH} /usr/bin/cmake --install /home/mlu/Documents/Programming/Robotics/shi2d2/build/shi2d2_controller
[0.699s] Level 1:colcon.colcon_core.environment:checking '/home/mlu/Documents/Programming/Robotics/shi2d2/install/shi2d2_controller' for CMake config files
[0.699s] Level 1:colcon.colcon_core.shell:create_environment_hook('shi2d2_controller', 'cmake_prefix_path')
[0.700s] INFO:colcon.colcon_core.shell:Creating environment hook '/home/mlu/Documents/Programming/Robotics/shi2d2/install/shi2d2_controller/share/shi2d2_controller/hook/cmake_prefix_path.ps1'
[0.700s] INFO:colcon.colcon_core.shell:Creating environment descriptor '/home/mlu/Documents/Programming/Robotics/shi2d2/install/shi2d2_controller/share/shi2d2_controller/hook/cmake_prefix_path.dsv'
[0.701s] INFO:colcon.colcon_core.shell:Creating environment hook '/home/mlu/Documents/Programming/Robotics/shi2d2/install/shi2d2_controller/share/shi2d2_controller/hook/cmake_prefix_path.sh'
[0.702s] Level 1:colcon.colcon_core.environment:checking '/home/mlu/Documents/Programming/Robotics/shi2d2/install/shi2d2_controller/lib'
[0.703s] Level 1:colcon.colcon_core.environment:checking '/home/mlu/Documents/Programming/Robotics/shi2d2/install/shi2d2_controller/bin'
[0.703s] Level 1:colcon.colcon_core.environment:checking '/home/mlu/Documents/Programming/Robotics/shi2d2/install/shi2d2_controller/lib/pkgconfig/shi2d2_controller.pc'
[0.703s] Level 1:colcon.colcon_core.environment:checking '/home/mlu/Documents/Programming/Robotics/shi2d2/install/shi2d2_controller/lib/python3.10/site-packages'
[0.703s] Level 1:colcon.colcon_core.environment:checking '/home/mlu/Documents/Programming/Robotics/shi2d2/install/shi2d2_controller/bin'
[0.704s] INFO:colcon.colcon_core.shell:Creating package script '/home/mlu/Documents/Programming/Robotics/shi2d2/install/shi2d2_controller/share/shi2d2_controller/package.ps1'
[0.704s] INFO:colcon.colcon_core.shell:Creating package descriptor '/home/mlu/Documents/Programming/Robotics/shi2d2/install/shi2d2_controller/share/shi2d2_controller/package.dsv'
[0.705s] INFO:colcon.colcon_core.shell:Creating package script '/home/mlu/Documents/Programming/Robotics/shi2d2/install/shi2d2_controller/share/shi2d2_controller/package.sh'
[0.706s] INFO:colcon.colcon_core.shell:Creating package script '/home/mlu/Documents/Programming/Robotics/shi2d2/install/shi2d2_controller/share/shi2d2_controller/package.bash'
[0.706s] INFO:colcon.colcon_core.shell:Creating package script '/home/mlu/Documents/Programming/Robotics/shi2d2/install/shi2d2_controller/share/shi2d2_controller/package.zsh'
[0.707s] Level 1:colcon.colcon_core.environment:create_file_with_runtime_dependencies(/home/mlu/Documents/Programming/Robotics/shi2d2/install/shi2d2_controller/share/colcon-core/packages/shi2d2_controller)
[0.751s] Level 1:colcon.colcon_core.environment:create_environment_scripts_only(shi2d2_controller)
[0.752s] Level 1:colcon.colcon_core.environment:checking '/home/mlu/Documents/Programming/Robotics/shi2d2/install/shi2d2_controller' for CMake module files
[0.753s] Level 1:colcon.colcon_core.environment:checking '/home/mlu/Documents/Programming/Robotics/shi2d2/install/shi2d2_controller' for CMake config files
[0.753s] Level 1:colcon.colcon_core.shell:create_environment_hook('shi2d2_controller', 'cmake_prefix_path')
[0.753s] INFO:colcon.colcon_core.shell:Creating environment hook '/home/mlu/Documents/Programming/Robotics/shi2d2/install/shi2d2_controller/share/shi2d2_controller/hook/cmake_prefix_path.ps1'
[0.754s] INFO:colcon.colcon_core.shell:Creating environment descriptor '/home/mlu/Documents/Programming/Robotics/shi2d2/install/shi2d2_controller/share/shi2d2_controller/hook/cmake_prefix_path.dsv'
[0.755s] INFO:colcon.colcon_core.shell:Creating environment hook '/home/mlu/Documents/Programming/Robotics/shi2d2/install/shi2d2_controller/share/shi2d2_controller/hook/cmake_prefix_path.sh'
[0.756s] Level 1:colcon.colcon_core.environment:checking '/home/mlu/Documents/Programming/Robotics/shi2d2/install/shi2d2_controller/lib'
[0.756s] Level 1:colcon.colcon_core.environment:checking '/home/mlu/Documents/Programming/Robotics/shi2d2/install/shi2d2_controller/bin'
[0.756s] Level 1:colcon.colcon_core.environment:checking '/home/mlu/Documents/Programming/Robotics/shi2d2/install/shi2d2_controller/lib/pkgconfig/shi2d2_controller.pc'
[0.756s] Level 1:colcon.colcon_core.environment:checking '/home/mlu/Documents/Programming/Robotics/shi2d2/install/shi2d2_controller/lib/python3.10/site-packages'
[0.757s] Level 1:colcon.colcon_core.environment:checking '/home/mlu/Documents/Programming/Robotics/shi2d2/install/shi2d2_controller/bin'
[0.757s] INFO:colcon.colcon_core.shell:Creating package script '/home/mlu/Documents/Programming/Robotics/shi2d2/install/shi2d2_controller/share/shi2d2_controller/package.ps1'
[0.758s] INFO:colcon.colcon_core.shell:Creating package descriptor '/home/mlu/Documents/Programming/Robotics/shi2d2/install/shi2d2_controller/share/shi2d2_controller/package.dsv'
[0.758s] INFO:colcon.colcon_core.shell:Creating package script '/home/mlu/Documents/Programming/Robotics/shi2d2/install/shi2d2_controller/share/shi2d2_controller/package.sh'
[0.759s] INFO:colcon.colcon_core.shell:Creating package script '/home/mlu/Documents/Programming/Robotics/shi2d2/install/shi2d2_controller/share/shi2d2_controller/package.bash'
[0.759s] INFO:colcon.colcon_core.shell:Creating package script '/home/mlu/Documents/Programming/Robotics/shi2d2/install/shi2d2_controller/share/shi2d2_controller/package.zsh'
[0.760s] Level 1:colcon.colcon_core.environment:create_file_with_runtime_dependencies(/home/mlu/Documents/Programming/Robotics/shi2d2/install/shi2d2_controller/share/colcon-core/packages/shi2d2_controller)
[0.760s] DEBUG:colcon.colcon_parallel_executor.executor.parallel:closing loop
[0.761s] DEBUG:colcon.colcon_parallel_executor.executor.parallel:loop closed
[0.761s] DEBUG:colcon.colcon_parallel_executor.executor.parallel:run_until_complete finished with '0'
[0.761s] DEBUG:colcon.colcon_core.event_reactor:joining thread
[0.769s] INFO:colcon.colcon_core.plugin_system:Skipping extension 'colcon_notification.desktop_notification.terminal_notifier': Not used on non-Darwin systems
[0.770s] INFO:colcon.colcon_core.plugin_system:Skipping extension 'colcon_notification.desktop_notification.win32': Not used on non-Windows systems
[0.770s] INFO:colcon.colcon_notification.desktop_notification:Sending desktop notification using 'notify2'
[0.792s] DEBUG:colcon.colcon_core.event_reactor:joined thread
[0.792s] INFO:colcon.colcon_core.shell:Creating prefix script '/home/mlu/Documents/Programming/Robotics/shi2d2/install/local_setup.ps1'
[0.795s] INFO:colcon.colcon_core.shell:Creating prefix util module '/home/mlu/Documents/Programming/Robotics/shi2d2/install/_local_setup_util_ps1.py'
[0.796s] INFO:colcon.colcon_core.shell:Creating prefix chain script '/home/mlu/Documents/Programming/Robotics/shi2d2/install/setup.ps1'
[0.798s] INFO:colcon.colcon_core.shell:Creating prefix script '/home/mlu/Documents/Programming/Robotics/shi2d2/install/local_setup.sh'
[0.799s] INFO:colcon.colcon_core.shell:Creating prefix util module '/home/mlu/Documents/Programming/Robotics/shi2d2/install/_local_setup_util_sh.py'
[0.799s] INFO:colcon.colcon_core.shell:Creating prefix chain script '/home/mlu/Documents/Programming/Robotics/shi2d2/install/setup.sh'
[0.801s] INFO:colcon.colcon_core.shell:Creating prefix script '/home/mlu/Documents/Programming/Robotics/shi2d2/install/local_setup.bash'
[0.802s] INFO:colcon.colcon_core.shell:Creating prefix chain script '/home/mlu/Documents/Programming/Robotics/shi2d2/install/setup.bash'
[0.803s] INFO:colcon.colcon_core.shell:Creating prefix script '/home/mlu/Documents/Programming/Robotics/shi2d2/install/local_setup.zsh'
[0.804s] INFO:colcon.colcon_core.shell:Creating prefix chain script '/home/mlu/Documents/Programming/Robotics/shi2d2/install/setup.zsh'
