[0.008s] Invoking command in '/home/mlu/Documents/Programming/Robotics/shi2d2/build/shi2d2_controller': CMAKE_PREFIX_PATH=/opt/ros/humble:${CMAKE_PREFIX_PATH} /usr/bin/cmake /home/mlu/Documents/Programming/Robotics/shi2d2/src/shi2d2_controller -DCMAKE_INSTALL_PREFIX=/home/mlu/Documents/Programming/Robotics/shi2d2/install/shi2d2_controller
[0.064s] -- The C compiler identification is GNU 11.4.0
[0.118s] -- The CXX compiler identification is GNU 11.4.0
[0.123s] -- Detecting C compiler ABI info
[0.170s] -- Detecting C compiler ABI info - done
[0.174s] -- Check for working C compiler: /usr/bin/cc - skipped
[0.174s] -- Detecting C compile features
[0.175s] -- Detecting C compile features - done
[0.176s] -- Detecting CXX compiler ABI info
[0.227s] -- Detecting CXX compiler ABI info - done
[0.232s] -- Check for working CXX compiler: /usr/bin/c++ - skipped
[0.233s] -- Detecting CXX compile features
[0.233s] -- Detecting CXX compile features - done
[0.240s] -- Found ament_cmake: 1.3.9 (/opt/ros/humble/share/ament_cmake/cmake)
[0.340s] -- Found Python3: /usr/bin/python3 (found version "3.10.12") found components: Interpreter 
[0.393s] -- Configuring incomplete, errors occurred!
[0.394s] See also "/home/mlu/Documents/Programming/Robotics/shi2d2/build/shi2d2_controller/CMakeFiles/CMakeOutput.log".
[0.394s] [31mCMake Error at /opt/ros/humble/share/ament_cmake_target_dependencies/cmake/ament_target_dependencies.cmake:77 (message):
[0.394s]   ament_target_dependencies() the passed package name 'rclcpp' was not found
[0.394s]   before
[0.394s] Call Stack (most recent call first):
[0.394s]   CMakeLists.txt:15 (ament_target_dependencies)
[0.394s] 
[0.394s] [0m
[0.397s] Invoked command in '/home/mlu/Documents/Programming/Robotics/shi2d2/build/shi2d2_controller' returned '1': CMAKE_PREFIX_PATH=/opt/ros/humble:${CMAKE_PREFIX_PATH} /usr/bin/cmake /home/mlu/Documents/Programming/Robotics/shi2d2/src/shi2d2_controller -DCMAKE_INSTALL_PREFIX=/home/mlu/Documents/Programming/Robotics/shi2d2/install/shi2d2_controller
