[0.692s] DEBUG:colcon:Command line arguments: ['/usr/bin/colcon', 'build']
[0.693s] DEBUG:colcon:Parsed command line arguments: Namespace(log_base=None, log_level=None, verb_name='build', build_base='build', install_base='install', merge_install=False, symlink_install=False, test_result_base=None, continue_on_error=False, executor='parallel', parallel_workers=20, event_handlers=None, ignore_user_meta=False, metas=['./colcon.meta'], base_paths=['.'], packages_ignore=None, packages_ignore_regex=None, paths=None, packages_up_to=None, packages_up_to_regex=None, packages_above=None, packages_above_and_dependencies=None, packages_above_depth=None, packages_select_by_dep=None, packages_skip_by_dep=None, packages_skip_up_to=None, packages_select_build_failed=False, packages_skip_build_finished=False, packages_select_test_failures=False, packages_skip_test_passed=False, packages_select=None, packages_skip=None, packages_select_regex=None, packages_skip_regex=None, packages_start=None, packages_end=None, allow_overriding=[], cmake_args=None, cmake_target=None, cmake_target_skip_unavailable=False, cmake_clean_cache=False, cmake_clean_first=False, cmake_force_configure=False, ament_cmake_args=None, catkin_cmake_args=None, catkin_skip_building_tests=False, mixin_files=None, mixin=None, verb_parser=<colcon_mixin.mixin.mixin_argument.MixinArgumentDecorator object at 0x747d47a0b3d0>, verb_extension=<colcon_core.verb.build.BuildVerb object at 0x747d483a3a30>, main=<bound method BuildVerb.main of <colcon_core.verb.build.BuildVerb object at 0x747d483a3a30>>, mixin_verb=('build',))
[0.741s] Level 1:colcon.colcon_core.package_discovery:discover_packages(colcon_meta) check parameters
[0.742s] Level 1:colcon.colcon_core.package_discovery:discover_packages(recursive) check parameters
[0.742s] Level 1:colcon.colcon_core.package_discovery:discover_packages(ignore) check parameters
[0.742s] Level 1:colcon.colcon_core.package_discovery:discover_packages(path) check parameters
[0.742s] Level 1:colcon.colcon_core.package_discovery:discover_packages(colcon_meta) discover
[0.742s] Level 1:colcon.colcon_core.package_discovery:discover_packages(recursive) discover
[0.742s] INFO:colcon.colcon_core.package_discovery:Crawling recursively for packages in '/home/mlu/Documents/Programming/Robotics/shi2d2'
[0.742s] Level 1:colcon.colcon_core.package_identification:_identify(.) by extensions ['ignore', 'ignore_ament_install']
[0.742s] Level 1:colcon.colcon_core.package_identification:_identify(.) by extension 'ignore'
[0.743s] Level 1:colcon.colcon_core.package_identification:_identify(.) by extension 'ignore_ament_install'
[0.743s] Level 1:colcon.colcon_core.package_identification:_identify(.) by extensions ['colcon_pkg']
[0.743s] Level 1:colcon.colcon_core.package_identification:_identify(.) by extension 'colcon_pkg'
[0.743s] Level 1:colcon.colcon_core.package_identification:_identify(.) by extensions ['colcon_meta']
[0.743s] Level 1:colcon.colcon_core.package_identification:_identify(.) by extension 'colcon_meta'
[0.743s] Level 1:colcon.colcon_core.package_identification:_identify(.) by extensions ['ros']
[0.743s] Level 1:colcon.colcon_core.package_identification:_identify(.) by extension 'ros'
[0.767s] Level 1:colcon.colcon_core.package_identification:_identify(.) by extensions ['cmake', 'python']
[0.767s] Level 1:colcon.colcon_core.package_identification:_identify(.) by extension 'cmake'
[0.767s] Level 1:colcon.colcon_core.package_identification:_identify(.) by extension 'python'
[0.768s] Level 1:colcon.colcon_core.package_identification:_identify(.) by extensions ['python_setup_py']
[0.768s] Level 1:colcon.colcon_core.package_identification:_identify(.) by extension 'python_setup_py'
[0.768s] Level 1:colcon.colcon_core.package_identification:_identify(build) by extensions ['ignore', 'ignore_ament_install']
[0.768s] Level 1:colcon.colcon_core.package_identification:_identify(build) by extension 'ignore'
[0.768s] Level 1:colcon.colcon_core.package_identification:_identify(build) ignored
[0.768s] Level 1:colcon.colcon_core.package_identification:_identify(install) by extensions ['ignore', 'ignore_ament_install']
[0.769s] Level 1:colcon.colcon_core.package_identification:_identify(install) by extension 'ignore'
[0.769s] Level 1:colcon.colcon_core.package_identification:_identify(install) ignored
[0.769s] Level 1:colcon.colcon_core.package_identification:_identify(log) by extensions ['ignore', 'ignore_ament_install']
[0.769s] Level 1:colcon.colcon_core.package_identification:_identify(log) by extension 'ignore'
[0.769s] Level 1:colcon.colcon_core.package_identification:_identify(log) ignored
[0.769s] Level 1:colcon.colcon_core.package_identification:_identify(src) by extensions ['ignore', 'ignore_ament_install']
[0.770s] Level 1:colcon.colcon_core.package_identification:_identify(src) by extension 'ignore'
[0.770s] Level 1:colcon.colcon_core.package_identification:_identify(src) by extension 'ignore_ament_install'
[0.770s] Level 1:colcon.colcon_core.package_identification:_identify(src) by extensions ['colcon_pkg']
[0.770s] Level 1:colcon.colcon_core.package_identification:_identify(src) by extension 'colcon_pkg'
[0.770s] Level 1:colcon.colcon_core.package_identification:_identify(src) by extensions ['colcon_meta']
[0.770s] Level 1:colcon.colcon_core.package_identification:_identify(src) by extension 'colcon_meta'
[0.770s] Level 1:colcon.colcon_core.package_identification:_identify(src) by extensions ['ros']
[0.770s] Level 1:colcon.colcon_core.package_identification:_identify(src) by extension 'ros'
[0.770s] Level 1:colcon.colcon_core.package_identification:_identify(src) by extensions ['cmake', 'python']
[0.770s] Level 1:colcon.colcon_core.package_identification:_identify(src) by extension 'cmake'
[0.770s] Level 1:colcon.colcon_core.package_identification:_identify(src) by extension 'python'
[0.770s] Level 1:colcon.colcon_core.package_identification:_identify(src) by extensions ['python_setup_py']
[0.770s] Level 1:colcon.colcon_core.package_identification:_identify(src) by extension 'python_setup_py'
[0.771s] Level 1:colcon.colcon_core.package_identification:_identify(src/build) by extensions ['ignore', 'ignore_ament_install']
[0.771s] Level 1:colcon.colcon_core.package_identification:_identify(src/build) by extension 'ignore'
[0.771s] Level 1:colcon.colcon_core.package_identification:_identify(src/build) ignored
[0.771s] Level 1:colcon.colcon_core.package_identification:_identify(src/install) by extensions ['ignore', 'ignore_ament_install']
[0.771s] Level 1:colcon.colcon_core.package_identification:_identify(src/install) by extension 'ignore'
[0.771s] Level 1:colcon.colcon_core.package_identification:_identify(src/install) ignored
[0.771s] Level 1:colcon.colcon_core.package_identification:_identify(src/log) by extensions ['ignore', 'ignore_ament_install']
[0.771s] Level 1:colcon.colcon_core.package_identification:_identify(src/log) by extension 'ignore'
[0.771s] Level 1:colcon.colcon_core.package_identification:_identify(src/log) ignored
[0.772s] Level 1:colcon.colcon_core.package_identification:_identify(src/shi2d2_model) by extensions ['ignore', 'ignore_ament_install']
[0.772s] Level 1:colcon.colcon_core.package_identification:_identify(src/shi2d2_model) by extension 'ignore'
[0.772s] Level 1:colcon.colcon_core.package_identification:_identify(src/shi2d2_model) by extension 'ignore_ament_install'
[0.772s] Level 1:colcon.colcon_core.package_identification:_identify(src/shi2d2_model) by extensions ['colcon_pkg']
[0.772s] Level 1:colcon.colcon_core.package_identification:_identify(src/shi2d2_model) by extension 'colcon_pkg'
[0.772s] Level 1:colcon.colcon_core.package_identification:_identify(src/shi2d2_model) by extensions ['colcon_meta']
[0.772s] Level 1:colcon.colcon_core.package_identification:_identify(src/shi2d2_model) by extension 'colcon_meta'
[0.772s] Level 1:colcon.colcon_core.package_identification:_identify(src/shi2d2_model) by extensions ['ros']
[0.772s] Level 1:colcon.colcon_core.package_identification:_identify(src/shi2d2_model) by extension 'ros'
[0.779s] DEBUG:colcon.colcon_core.package_identification:Package 'src/shi2d2_model' with type 'ros.ament_cmake' and name 'shi2d2_model'
[0.779s] Level 1:colcon.colcon_core.package_discovery:discover_packages(recursive) using defaults
[0.779s] Level 1:colcon.colcon_core.package_discovery:discover_packages(ignore) discover
[0.779s] Level 1:colcon.colcon_core.package_discovery:discover_packages(ignore) using defaults
[0.779s] Level 1:colcon.colcon_core.package_discovery:discover_packages(path) discover
[0.779s] Level 1:colcon.colcon_core.package_discovery:discover_packages(path) using defaults
[0.833s] Level 1:colcon.colcon_core.package_discovery:discover_packages(prefix_path) check parameters
[0.833s] Level 1:colcon.colcon_core.package_discovery:discover_packages(prefix_path) discover
[0.838s] DEBUG:colcon.colcon_installed_package_information.package_discovery:Found 3 installed packages in /home/mlu/Documents/Programming/Robotics/shi2d2/install
[0.839s] DEBUG:colcon.colcon_installed_package_information.package_discovery:Found 2 installed packages in /home/mlu/Documents/Programming/Robotics/dum2d2/install
[0.843s] DEBUG:colcon.colcon_installed_package_information.package_discovery:Found 384 installed packages in /opt/ros/humble
[0.849s] Level 1:colcon.colcon_core.package_discovery:discover_packages(prefix_path) using defaults
[0.992s] Level 5:colcon.colcon_core.verb:set package 'shi2d2_model' build argument 'cmake_args' from command line to 'None'
[0.993s] Level 5:colcon.colcon_core.verb:set package 'shi2d2_model' build argument 'cmake_target' from command line to 'None'
[0.993s] Level 5:colcon.colcon_core.verb:set package 'shi2d2_model' build argument 'cmake_target_skip_unavailable' from command line to 'False'
[0.993s] Level 5:colcon.colcon_core.verb:set package 'shi2d2_model' build argument 'cmake_clean_cache' from command line to 'False'
[0.993s] Level 5:colcon.colcon_core.verb:set package 'shi2d2_model' build argument 'cmake_clean_first' from command line to 'False'
[0.993s] Level 5:colcon.colcon_core.verb:set package 'shi2d2_model' build argument 'cmake_force_configure' from command line to 'False'
[0.993s] Level 5:colcon.colcon_core.verb:set package 'shi2d2_model' build argument 'ament_cmake_args' from command line to 'None'
[0.993s] Level 5:colcon.colcon_core.verb:set package 'shi2d2_model' build argument 'catkin_cmake_args' from command line to 'None'
[0.993s] Level 5:colcon.colcon_core.verb:set package 'shi2d2_model' build argument 'catkin_skip_building_tests' from command line to 'False'
[0.993s] DEBUG:colcon.colcon_core.verb:Building package 'shi2d2_model' with the following arguments: {'ament_cmake_args': None, 'build_base': '/home/mlu/Documents/Programming/Robotics/shi2d2/build/shi2d2_model', 'catkin_cmake_args': None, 'catkin_skip_building_tests': False, 'cmake_args': None, 'cmake_clean_cache': False, 'cmake_clean_first': False, 'cmake_force_configure': False, 'cmake_target': None, 'cmake_target_skip_unavailable': False, 'install_base': '/home/mlu/Documents/Programming/Robotics/shi2d2/install/shi2d2_model', 'merge_install': False, 'path': '/home/mlu/Documents/Programming/Robotics/shi2d2/src/shi2d2_model', 'symlink_install': False, 'test_result_base': None}
[0.995s] INFO:colcon.colcon_core.executor:Executing jobs using 'parallel' executor
[1.003s] DEBUG:colcon.colcon_parallel_executor.executor.parallel:run_until_complete
[1.003s] INFO:colcon.colcon_ros.task.ament_cmake.build:Building ROS package in '/home/mlu/Documents/Programming/Robotics/shi2d2/src/shi2d2_model' with build type 'ament_cmake'
[1.004s] INFO:colcon.colcon_cmake.task.cmake.build:Building CMake package in '/home/mlu/Documents/Programming/Robotics/shi2d2/src/shi2d2_model'
[1.012s] INFO:colcon.colcon_core.plugin_system:Skipping extension 'colcon_core.shell.bat': Not used on non-Windows systems
[1.013s] INFO:colcon.colcon_core.shell:Skip shell extension 'powershell' for command environment: Not usable outside of PowerShell
[1.013s] DEBUG:colcon.colcon_core.shell:Skip shell extension 'dsv' for command environment
[1.037s] DEBUG:colcon.colcon_core.event_handler.log_command:Invoking command in '/home/mlu/Documents/Programming/Robotics/shi2d2/build/shi2d2_model': CMAKE_PREFIX_PATH=/opt/ros/humble:${CMAKE_PREFIX_PATH} /usr/bin/cmake --build /home/mlu/Documents/Programming/Robotics/shi2d2/build/shi2d2_model -- -j20 -l20
[1.131s] DEBUG:colcon.colcon_core.event_handler.log_command:Invoked command in '/home/mlu/Documents/Programming/Robotics/shi2d2/build/shi2d2_model' returned '0': CMAKE_PREFIX_PATH=/opt/ros/humble:${CMAKE_PREFIX_PATH} /usr/bin/cmake --build /home/mlu/Documents/Programming/Robotics/shi2d2/build/shi2d2_model -- -j20 -l20
[1.217s] DEBUG:colcon.colcon_core.event_handler.log_command:Invoking command in '/home/mlu/Documents/Programming/Robotics/shi2d2/build/shi2d2_model': CMAKE_PREFIX_PATH=/opt/ros/humble:${CMAKE_PREFIX_PATH} /usr/bin/cmake --install /home/mlu/Documents/Programming/Robotics/shi2d2/build/shi2d2_model
[1.247s] Level 1:colcon.colcon_core.environment:create_environment_scripts_only(shi2d2_model)
[1.271s] Level 1:colcon.colcon_core.environment:checking '/home/mlu/Documents/Programming/Robotics/shi2d2/install/shi2d2_model' for CMake module files
[1.276s] Level 1:colcon.colcon_core.environment:checking '/home/mlu/Documents/Programming/Robotics/shi2d2/install/shi2d2_model' for CMake config files
[1.279s] DEBUG:colcon.colcon_core.event_handler.log_command:Invoked command in '/home/mlu/Documents/Programming/Robotics/shi2d2/build/shi2d2_model' returned '0': CMAKE_PREFIX_PATH=/opt/ros/humble:${CMAKE_PREFIX_PATH} /usr/bin/cmake --install /home/mlu/Documents/Programming/Robotics/shi2d2/build/shi2d2_model
[1.280s] Level 1:colcon.colcon_core.shell:create_environment_hook('shi2d2_model', 'cmake_prefix_path')
[1.284s] INFO:colcon.colcon_core.shell:Creating environment hook '/home/mlu/Documents/Programming/Robotics/shi2d2/install/shi2d2_model/share/shi2d2_model/hook/cmake_prefix_path.ps1'
[1.286s] INFO:colcon.colcon_core.shell:Creating environment descriptor '/home/mlu/Documents/Programming/Robotics/shi2d2/install/shi2d2_model/share/shi2d2_model/hook/cmake_prefix_path.dsv'
[1.287s] INFO:colcon.colcon_core.shell:Creating environment hook '/home/mlu/Documents/Programming/Robotics/shi2d2/install/shi2d2_model/share/shi2d2_model/hook/cmake_prefix_path.sh'
[1.290s] Level 1:colcon.colcon_core.environment:checking '/home/mlu/Documents/Programming/Robotics/shi2d2/install/shi2d2_model/bin'
[1.291s] Level 1:colcon.colcon_core.environment:checking '/home/mlu/Documents/Programming/Robotics/shi2d2/install/shi2d2_model/lib/pkgconfig/shi2d2_model.pc'
[1.291s] Level 1:colcon.colcon_core.environment:checking '/home/mlu/Documents/Programming/Robotics/shi2d2/install/shi2d2_model/lib/python3.10/site-packages'
[1.292s] Level 1:colcon.colcon_core.environment:checking '/home/mlu/Documents/Programming/Robotics/shi2d2/install/shi2d2_model/bin'
[1.298s] INFO:colcon.colcon_core.shell:Creating package script '/home/mlu/Documents/Programming/Robotics/shi2d2/install/shi2d2_model/share/shi2d2_model/package.ps1'
[1.302s] INFO:colcon.colcon_core.shell:Creating package descriptor '/home/mlu/Documents/Programming/Robotics/shi2d2/install/shi2d2_model/share/shi2d2_model/package.dsv'
[1.304s] INFO:colcon.colcon_core.shell:Creating package script '/home/mlu/Documents/Programming/Robotics/shi2d2/install/shi2d2_model/share/shi2d2_model/package.sh'
[1.306s] INFO:colcon.colcon_core.shell:Creating package script '/home/mlu/Documents/Programming/Robotics/shi2d2/install/shi2d2_model/share/shi2d2_model/package.bash'
[1.308s] INFO:colcon.colcon_core.shell:Creating package script '/home/mlu/Documents/Programming/Robotics/shi2d2/install/shi2d2_model/share/shi2d2_model/package.zsh'
[1.310s] Level 1:colcon.colcon_core.environment:create_file_with_runtime_dependencies(/home/mlu/Documents/Programming/Robotics/shi2d2/install/shi2d2_model/share/colcon-core/packages/shi2d2_model)
[1.376s] Level 1:colcon.colcon_core.environment:create_environment_scripts_only(shi2d2_model)
[1.384s] Level 1:colcon.colcon_core.environment:checking '/home/mlu/Documents/Programming/Robotics/shi2d2/install/shi2d2_model' for CMake module files
[1.385s] Level 1:colcon.colcon_core.environment:checking '/home/mlu/Documents/Programming/Robotics/shi2d2/install/shi2d2_model' for CMake config files
[1.386s] Level 1:colcon.colcon_core.shell:create_environment_hook('shi2d2_model', 'cmake_prefix_path')
[1.390s] INFO:colcon.colcon_core.shell:Creating environment hook '/home/mlu/Documents/Programming/Robotics/shi2d2/install/shi2d2_model/share/shi2d2_model/hook/cmake_prefix_path.ps1'
[1.391s] INFO:colcon.colcon_core.shell:Creating environment descriptor '/home/mlu/Documents/Programming/Robotics/shi2d2/install/shi2d2_model/share/shi2d2_model/hook/cmake_prefix_path.dsv'
[1.392s] INFO:colcon.colcon_core.shell:Creating environment hook '/home/mlu/Documents/Programming/Robotics/shi2d2/install/shi2d2_model/share/shi2d2_model/hook/cmake_prefix_path.sh'
[1.393s] Level 1:colcon.colcon_core.environment:checking '/home/mlu/Documents/Programming/Robotics/shi2d2/install/shi2d2_model/bin'
[1.393s] Level 1:colcon.colcon_core.environment:checking '/home/mlu/Documents/Programming/Robotics/shi2d2/install/shi2d2_model/lib/pkgconfig/shi2d2_model.pc'
[1.394s] Level 1:colcon.colcon_core.environment:checking '/home/mlu/Documents/Programming/Robotics/shi2d2/install/shi2d2_model/lib/python3.10/site-packages'
[1.395s] Level 1:colcon.colcon_core.environment:checking '/home/mlu/Documents/Programming/Robotics/shi2d2/install/shi2d2_model/bin'
[1.399s] INFO:colcon.colcon_core.shell:Creating package script '/home/mlu/Documents/Programming/Robotics/shi2d2/install/shi2d2_model/share/shi2d2_model/package.ps1'
[1.400s] INFO:colcon.colcon_core.shell:Creating package descriptor '/home/mlu/Documents/Programming/Robotics/shi2d2/install/shi2d2_model/share/shi2d2_model/package.dsv'
[1.402s] INFO:colcon.colcon_core.shell:Creating package script '/home/mlu/Documents/Programming/Robotics/shi2d2/install/shi2d2_model/share/shi2d2_model/package.sh'
[1.403s] INFO:colcon.colcon_core.shell:Creating package script '/home/mlu/Documents/Programming/Robotics/shi2d2/install/shi2d2_model/share/shi2d2_model/package.bash'
[1.405s] INFO:colcon.colcon_core.shell:Creating package script '/home/mlu/Documents/Programming/Robotics/shi2d2/install/shi2d2_model/share/shi2d2_model/package.zsh'
[1.405s] Level 1:colcon.colcon_core.environment:create_file_with_runtime_dependencies(/home/mlu/Documents/Programming/Robotics/shi2d2/install/shi2d2_model/share/colcon-core/packages/shi2d2_model)
[1.406s] DEBUG:colcon.colcon_parallel_executor.executor.parallel:closing loop
[1.407s] DEBUG:colcon.colcon_parallel_executor.executor.parallel:loop closed
[1.407s] DEBUG:colcon.colcon_parallel_executor.executor.parallel:run_until_complete finished with '0'
[1.408s] DEBUG:colcon.colcon_core.event_reactor:joining thread
[1.425s] INFO:colcon.colcon_core.plugin_system:Skipping extension 'colcon_notification.desktop_notification.terminal_notifier': Not used on non-Darwin systems
[1.425s] INFO:colcon.colcon_core.plugin_system:Skipping extension 'colcon_notification.desktop_notification.win32': Not used on non-Windows systems
[1.425s] INFO:colcon.colcon_notification.desktop_notification:Sending desktop notification using 'notify2'
[1.458s] DEBUG:colcon.colcon_core.event_reactor:joined thread
[1.462s] INFO:colcon.colcon_core.shell:Creating prefix script '/home/mlu/Documents/Programming/Robotics/shi2d2/install/local_setup.ps1'
[1.465s] INFO:colcon.colcon_core.shell:Creating prefix util module '/home/mlu/Documents/Programming/Robotics/shi2d2/install/_local_setup_util_ps1.py'
[1.468s] INFO:colcon.colcon_core.shell:Creating prefix chain script '/home/mlu/Documents/Programming/Robotics/shi2d2/install/setup.ps1'
[1.471s] INFO:colcon.colcon_core.shell:Creating prefix script '/home/mlu/Documents/Programming/Robotics/shi2d2/install/local_setup.sh'
[1.473s] INFO:colcon.colcon_core.shell:Creating prefix util module '/home/mlu/Documents/Programming/Robotics/shi2d2/install/_local_setup_util_sh.py'
[1.474s] INFO:colcon.colcon_core.shell:Creating prefix chain script '/home/mlu/Documents/Programming/Robotics/shi2d2/install/setup.sh'
[1.478s] INFO:colcon.colcon_core.shell:Creating prefix script '/home/mlu/Documents/Programming/Robotics/shi2d2/install/local_setup.bash'
[1.480s] INFO:colcon.colcon_core.shell:Creating prefix chain script '/home/mlu/Documents/Programming/Robotics/shi2d2/install/setup.bash'
[1.483s] INFO:colcon.colcon_core.shell:Creating prefix script '/home/mlu/Documents/Programming/Robotics/shi2d2/install/local_setup.zsh'
[1.485s] INFO:colcon.colcon_core.shell:Creating prefix chain script '/home/mlu/Documents/Programming/Robotics/shi2d2/install/setup.zsh'
