[0.022s] Invoking command in '/home/mlu/Documents/Programming/Robotics/shi2d2/build/shi2d2_controller': CMAKE_PREFIX_PATH=/opt/ros/humble:${CMAKE_PREFIX_PATH} /usr/bin/cmake --build /home/mlu/Documents/Programming/Robotics/shi2d2/build/shi2d2_controller -- -j20 -l20
[0.105s] [100%] Built target head_controller
[0.142s] Invoked command in '/home/mlu/Documents/Programming/Robotics/shi2d2/build/shi2d2_controller' returned '0': CMAKE_PREFIX_PATH=/opt/ros/humble:${CMAKE_PREFIX_PATH} /usr/bin/cmake --build /home/mlu/Documents/Programming/Robotics/shi2d2/build/shi2d2_controller -- -j20 -l20
[0.209s] Invoking command in '/home/mlu/Documents/Programming/Robotics/shi2d2/build/shi2d2_controller': CMAKE_PREFIX_PATH=/opt/ros/humble:${CMAKE_PREFIX_PATH} /usr/bin/cmake --install /home/mlu/Documents/Programming/Robotics/shi2d2/build/shi2d2_controller
[0.221s] -- Install configuration: ""
[0.222s] -- Execute custom install script
[0.222s] -- Up-to-date symlink: /home/mlu/Documents/Programming/Robotics/shi2d2/install/shi2d2_controller/lib/shi2d2_controller/head_controller
[0.222s] -- Up-to-date symlink: /home/mlu/Documents/Programming/Robotics/shi2d2/install/shi2d2_controller/share/ament_index/resource_index/package_run_dependencies/shi2d2_controller
[0.223s] -- Up-to-date symlink: /home/mlu/Documents/Programming/Robotics/shi2d2/install/shi2d2_controller/share/ament_index/resource_index/parent_prefix_path/shi2d2_controller
[0.223s] -- Up-to-date symlink: /home/mlu/Documents/Programming/Robotics/shi2d2/install/shi2d2_controller/share/shi2d2_controller/environment/ament_prefix_path.sh
[0.223s] -- Up-to-date symlink: /home/mlu/Documents/Programming/Robotics/shi2d2/install/shi2d2_controller/share/shi2d2_controller/environment/ament_prefix_path.dsv
[0.223s] -- Up-to-date symlink: /home/mlu/Documents/Programming/Robotics/shi2d2/install/shi2d2_controller/share/shi2d2_controller/environment/path.sh
[0.223s] -- Up-to-date symlink: /home/mlu/Documents/Programming/Robotics/shi2d2/install/shi2d2_controller/share/shi2d2_controller/environment/path.dsv
[0.223s] -- Up-to-date symlink: /home/mlu/Documents/Programming/Robotics/shi2d2/install/shi2d2_controller/share/shi2d2_controller/local_setup.bash
[0.224s] -- Up-to-date symlink: /home/mlu/Documents/Programming/Robotics/shi2d2/install/shi2d2_controller/share/shi2d2_controller/local_setup.sh
[0.224s] -- Up-to-date symlink: /home/mlu/Documents/Programming/Robotics/shi2d2/install/shi2d2_controller/share/shi2d2_controller/local_setup.zsh
[0.224s] -- Up-to-date symlink: /home/mlu/Documents/Programming/Robotics/shi2d2/install/shi2d2_controller/share/shi2d2_controller/local_setup.dsv
[0.224s] -- Symlinking: /home/mlu/Documents/Programming/Robotics/shi2d2/install/shi2d2_controller/share/shi2d2_controller/package.dsv
[0.242s] -- Up-to-date symlink: /home/mlu/Documents/Programming/Robotics/shi2d2/install/shi2d2_controller/share/ament_index/resource_index/packages/shi2d2_controller
[0.243s] -- Up-to-date symlink: /home/mlu/Documents/Programming/Robotics/shi2d2/install/shi2d2_controller/share/shi2d2_controller/cmake/shi2d2_controllerConfig.cmake
[0.243s] -- Up-to-date symlink: /home/mlu/Documents/Programming/Robotics/shi2d2/install/shi2d2_controller/share/shi2d2_controller/cmake/shi2d2_controllerConfig-version.cmake
[0.243s] -- Up-to-date symlink: /home/mlu/Documents/Programming/Robotics/shi2d2/install/shi2d2_controller/share/shi2d2_controller/package.xml
[0.255s] Invoked command in '/home/mlu/Documents/Programming/Robotics/shi2d2/build/shi2d2_controller' returned '0': CMAKE_PREFIX_PATH=/opt/ros/humble:${CMAKE_PREFIX_PATH} /usr/bin/cmake --install /home/mlu/Documents/Programming/Robotics/shi2d2/build/shi2d2_controller
