[0.019s] Invoking command in '/home/mlu/Documents/Programming/Robotics/shi2d2/build/shi2d2_controller': CMAKE_PREFIX_PATH=/opt/ros/humble:${CMAKE_PREFIX_PATH} /usr/bin/cmake --build /home/mlu/Documents/Programming/Robotics/shi2d2/build/shi2d2_controller -- -j20 -l20
[0.090s] [ 50%] Built target head_controller
[0.090s] [100%] Built target tf_publisher
[0.117s] Invoked command in '/home/mlu/Documents/Programming/Robotics/shi2d2/build/shi2d2_controller' returned '0': CMAKE_PREFIX_PATH=/opt/ros/humble:${CMAKE_PREFIX_PATH} /usr/bin/cmake --build /home/mlu/Documents/Programming/Robotics/shi2d2/build/shi2d2_controller -- -j20 -l20
[0.168s] Invoking command in '/home/mlu/Documents/Programming/Robotics/shi2d2/build/shi2d2_controller': CMAKE_PREFIX_PATH=/opt/ros/humble:${CMAKE_PREFIX_PATH} /usr/bin/cmake --install /home/mlu/Documents/Programming/Robotics/shi2d2/build/shi2d2_controller
[0.179s] -- Install configuration: ""
[0.179s] -- Execute custom install script
[0.179s] -- Up-to-date symlink: /home/mlu/Documents/Programming/Robotics/shi2d2/install/shi2d2_controller/lib/shi2d2_controller/head_controller
[0.180s] -- Up-to-date symlink: /home/mlu/Documents/Programming/Robotics/shi2d2/install/shi2d2_controller/lib/shi2d2_controller/tf_publisher
[0.180s] -- Up-to-date symlink: /home/mlu/Documents/Programming/Robotics/shi2d2/install/shi2d2_controller/share/ament_index/resource_index/package_run_dependencies/shi2d2_controller
[0.180s] -- Up-to-date symlink: /home/mlu/Documents/Programming/Robotics/shi2d2/install/shi2d2_controller/share/ament_index/resource_index/parent_prefix_path/shi2d2_controller
[0.180s] -- Up-to-date symlink: /home/mlu/Documents/Programming/Robotics/shi2d2/install/shi2d2_controller/share/shi2d2_controller/environment/ament_prefix_path.sh
[0.181s] -- Up-to-date symlink: /home/mlu/Documents/Programming/Robotics/shi2d2/install/shi2d2_controller/share/shi2d2_controller/environment/ament_prefix_path.dsv
[0.181s] -- Up-to-date symlink: /home/mlu/Documents/Programming/Robotics/shi2d2/install/shi2d2_controller/share/shi2d2_controller/environment/path.sh
[0.181s] -- Up-to-date symlink: /home/mlu/Documents/Programming/Robotics/shi2d2/install/shi2d2_controller/share/shi2d2_controller/environment/path.dsv
[0.181s] -- Up-to-date symlink: /home/mlu/Documents/Programming/Robotics/shi2d2/install/shi2d2_controller/share/shi2d2_controller/local_setup.bash
[0.181s] -- Up-to-date symlink: /home/mlu/Documents/Programming/Robotics/shi2d2/install/shi2d2_controller/share/shi2d2_controller/local_setup.sh
[0.181s] -- Up-to-date symlink: /home/mlu/Documents/Programming/Robotics/shi2d2/install/shi2d2_controller/share/shi2d2_controller/local_setup.zsh
[0.182s] -- Up-to-date symlink: /home/mlu/Documents/Programming/Robotics/shi2d2/install/shi2d2_controller/share/shi2d2_controller/local_setup.dsv
[0.182s] -- Symlinking: /home/mlu/Documents/Programming/Robotics/shi2d2/install/shi2d2_controller/share/shi2d2_controller/package.dsv
[0.194s] -- Up-to-date symlink: /home/mlu/Documents/Programming/Robotics/shi2d2/install/shi2d2_controller/share/ament_index/resource_index/packages/shi2d2_controller
[0.194s] -- Up-to-date symlink: /home/mlu/Documents/Programming/Robotics/shi2d2/install/shi2d2_controller/share/shi2d2_controller/cmake/shi2d2_controllerConfig.cmake
[0.195s] -- Up-to-date symlink: /home/mlu/Documents/Programming/Robotics/shi2d2/install/shi2d2_controller/share/shi2d2_controller/cmake/shi2d2_controllerConfig-version.cmake
[0.195s] -- Up-to-date symlink: /home/mlu/Documents/Programming/Robotics/shi2d2/install/shi2d2_controller/share/shi2d2_controller/package.xml
[0.208s] Invoked command in '/home/mlu/Documents/Programming/Robotics/shi2d2/build/shi2d2_controller' returned '0': CMAKE_PREFIX_PATH=/opt/ros/humble:${CMAKE_PREFIX_PATH} /usr/bin/cmake --install /home/mlu/Documents/Programming/Robotics/shi2d2/build/shi2d2_controller
