[0.132s] DEBUG:colcon:Command line arguments: ['/usr/bin/colcon', 'build', '--symlink-install']
[0.132s] DEBUG:colcon:Parsed command line arguments: Namespace(log_base=None, log_level=None, verb_name='build', build_base='build', install_base='install', merge_install=False, symlink_install=True, test_result_base=None, continue_on_error=False, executor='parallel', parallel_workers=20, event_handlers=None, ignore_user_meta=False, metas=['./colcon.meta'], base_paths=['.'], packages_ignore=None, packages_ignore_regex=None, paths=None, packages_up_to=None, packages_up_to_regex=None, packages_above=None, packages_above_and_dependencies=None, packages_above_depth=None, packages_select_by_dep=None, packages_skip_by_dep=None, packages_skip_up_to=None, packages_select_build_failed=False, packages_skip_build_finished=False, packages_select_test_failures=False, packages_skip_test_passed=False, packages_select=None, packages_skip=None, packages_select_regex=None, packages_skip_regex=None, packages_start=None, packages_end=None, allow_overriding=[], cmake_args=None, cmake_target=None, cmake_target_skip_unavailable=False, cmake_clean_cache=False, cmake_clean_first=False, cmake_force_configure=False, ament_cmake_args=None, catkin_cmake_args=None, catkin_skip_building_tests=False, mixin_files=None, mixin=None, verb_parser=<colcon_mixin.mixin.mixin_argument.MixinArgumentDecorator object at 0x798cfd942620>, verb_extension=<colcon_core.verb.build.BuildVerb object at 0x798cfda36c80>, main=<bound method BuildVerb.main of <colcon_core.verb.build.BuildVerb object at 0x798cfda36c80>>, mixin_verb=('build',))
[0.350s] Level 1:colcon.colcon_core.package_discovery:discover_packages(colcon_meta) check parameters
[0.350s] Level 1:colcon.colcon_core.package_discovery:discover_packages(recursive) check parameters
[0.350s] Level 1:colcon.colcon_core.package_discovery:discover_packages(ignore) check parameters
[0.350s] Level 1:colcon.colcon_core.package_discovery:discover_packages(path) check parameters
[0.350s] Level 1:colcon.colcon_core.package_discovery:discover_packages(colcon_meta) discover
[0.351s] Level 1:colcon.colcon_core.package_discovery:discover_packages(recursive) discover
[0.351s] INFO:colcon.colcon_core.package_discovery:Crawling recursively for packages in '/home/mlu/Documents/Programming/Robotics/shi2d2'
[0.351s] Level 1:colcon.colcon_core.package_identification:_identify(.) by extensions ['ignore', 'ignore_ament_install']
[0.351s] Level 1:colcon.colcon_core.package_identification:_identify(.) by extension 'ignore'
[0.351s] Level 1:colcon.colcon_core.package_identification:_identify(.) by extension 'ignore_ament_install'
[0.351s] Level 1:colcon.colcon_core.package_identification:_identify(.) by extensions ['colcon_pkg']
[0.351s] Level 1:colcon.colcon_core.package_identification:_identify(.) by extension 'colcon_pkg'
[0.351s] Level 1:colcon.colcon_core.package_identification:_identify(.) by extensions ['colcon_meta']
[0.351s] Level 1:colcon.colcon_core.package_identification:_identify(.) by extension 'colcon_meta'
[0.351s] Level 1:colcon.colcon_core.package_identification:_identify(.) by extensions ['ros']
[0.351s] Level 1:colcon.colcon_core.package_identification:_identify(.) by extension 'ros'
[0.365s] Level 1:colcon.colcon_core.package_identification:_identify(.) by extensions ['cmake', 'python']
[0.365s] Level 1:colcon.colcon_core.package_identification:_identify(.) by extension 'cmake'
[0.365s] Level 1:colcon.colcon_core.package_identification:_identify(.) by extension 'python'
[0.365s] Level 1:colcon.colcon_core.package_identification:_identify(.) by extensions ['python_setup_py']
[0.365s] Level 1:colcon.colcon_core.package_identification:_identify(.) by extension 'python_setup_py'
[0.365s] Level 1:colcon.colcon_core.package_identification:_identify(build) by extensions ['ignore', 'ignore_ament_install']
[0.365s] Level 1:colcon.colcon_core.package_identification:_identify(build) by extension 'ignore'
[0.365s] Level 1:colcon.colcon_core.package_identification:_identify(build) ignored
[0.366s] Level 1:colcon.colcon_core.package_identification:_identify(install) by extensions ['ignore', 'ignore_ament_install']
[0.366s] Level 1:colcon.colcon_core.package_identification:_identify(install) by extension 'ignore'
[0.366s] Level 1:colcon.colcon_core.package_identification:_identify(install) ignored
[0.366s] Level 1:colcon.colcon_core.package_identification:_identify(log) by extensions ['ignore', 'ignore_ament_install']
[0.366s] Level 1:colcon.colcon_core.package_identification:_identify(log) by extension 'ignore'
[0.366s] Level 1:colcon.colcon_core.package_identification:_identify(log) ignored
[0.366s] Level 1:colcon.colcon_core.package_identification:_identify(src) by extensions ['ignore', 'ignore_ament_install']
[0.367s] Level 1:colcon.colcon_core.package_identification:_identify(src) by extension 'ignore'
[0.367s] Level 1:colcon.colcon_core.package_identification:_identify(src) by extension 'ignore_ament_install'
[0.367s] Level 1:colcon.colcon_core.package_identification:_identify(src) by extensions ['colcon_pkg']
[0.367s] Level 1:colcon.colcon_core.package_identification:_identify(src) by extension 'colcon_pkg'
[0.367s] Level 1:colcon.colcon_core.package_identification:_identify(src) by extensions ['colcon_meta']
[0.367s] Level 1:colcon.colcon_core.package_identification:_identify(src) by extension 'colcon_meta'
[0.367s] Level 1:colcon.colcon_core.package_identification:_identify(src) by extensions ['ros']
[0.367s] Level 1:colcon.colcon_core.package_identification:_identify(src) by extension 'ros'
[0.367s] Level 1:colcon.colcon_core.package_identification:_identify(src) by extensions ['cmake', 'python']
[0.367s] Level 1:colcon.colcon_core.package_identification:_identify(src) by extension 'cmake'
[0.367s] Level 1:colcon.colcon_core.package_identification:_identify(src) by extension 'python'
[0.367s] Level 1:colcon.colcon_core.package_identification:_identify(src) by extensions ['python_setup_py']
[0.367s] Level 1:colcon.colcon_core.package_identification:_identify(src) by extension 'python_setup_py'
[0.367s] Level 1:colcon.colcon_core.package_identification:_identify(src/build) by extensions ['ignore', 'ignore_ament_install']
[0.367s] Level 1:colcon.colcon_core.package_identification:_identify(src/build) by extension 'ignore'
[0.367s] Level 1:colcon.colcon_core.package_identification:_identify(src/build) ignored
[0.367s] Level 1:colcon.colcon_core.package_identification:_identify(src/install) by extensions ['ignore', 'ignore_ament_install']
[0.367s] Level 1:colcon.colcon_core.package_identification:_identify(src/install) by extension 'ignore'
[0.368s] Level 1:colcon.colcon_core.package_identification:_identify(src/install) ignored
[0.368s] Level 1:colcon.colcon_core.package_identification:_identify(src/log) by extensions ['ignore', 'ignore_ament_install']
[0.368s] Level 1:colcon.colcon_core.package_identification:_identify(src/log) by extension 'ignore'
[0.368s] Level 1:colcon.colcon_core.package_identification:_identify(src/log) ignored
[0.368s] Level 1:colcon.colcon_core.package_identification:_identify(src/shi2d2_controller) by extensions ['ignore', 'ignore_ament_install']
[0.368s] Level 1:colcon.colcon_core.package_identification:_identify(src/shi2d2_controller) by extension 'ignore'
[0.368s] Level 1:colcon.colcon_core.package_identification:_identify(src/shi2d2_controller) by extension 'ignore_ament_install'
[0.368s] Level 1:colcon.colcon_core.package_identification:_identify(src/shi2d2_controller) by extensions ['colcon_pkg']
[0.368s] Level 1:colcon.colcon_core.package_identification:_identify(src/shi2d2_controller) by extension 'colcon_pkg'
[0.368s] Level 1:colcon.colcon_core.package_identification:_identify(src/shi2d2_controller) by extensions ['colcon_meta']
[0.368s] Level 1:colcon.colcon_core.package_identification:_identify(src/shi2d2_controller) by extension 'colcon_meta'
[0.368s] Level 1:colcon.colcon_core.package_identification:_identify(src/shi2d2_controller) by extensions ['ros']
[0.368s] Level 1:colcon.colcon_core.package_identification:_identify(src/shi2d2_controller) by extension 'ros'
[0.371s] DEBUG:colcon.colcon_core.package_identification:Package 'src/shi2d2_controller' with type 'ros.ament_cmake' and name 'shi2d2_controller'
[0.371s] Level 1:colcon.colcon_core.package_identification:_identify(src/shi2d2_model) by extensions ['ignore', 'ignore_ament_install']
[0.372s] Level 1:colcon.colcon_core.package_identification:_identify(src/shi2d2_model) by extension 'ignore'
[0.372s] Level 1:colcon.colcon_core.package_identification:_identify(src/shi2d2_model) by extension 'ignore_ament_install'
[0.372s] Level 1:colcon.colcon_core.package_identification:_identify(src/shi2d2_model) by extensions ['colcon_pkg']
[0.372s] Level 1:colcon.colcon_core.package_identification:_identify(src/shi2d2_model) by extension 'colcon_pkg'
[0.372s] Level 1:colcon.colcon_core.package_identification:_identify(src/shi2d2_model) by extensions ['colcon_meta']
[0.372s] Level 1:colcon.colcon_core.package_identification:_identify(src/shi2d2_model) by extension 'colcon_meta'
[0.372s] Level 1:colcon.colcon_core.package_identification:_identify(src/shi2d2_model) by extensions ['ros']
[0.372s] Level 1:colcon.colcon_core.package_identification:_identify(src/shi2d2_model) by extension 'ros'
[0.373s] DEBUG:colcon.colcon_core.package_identification:Package 'src/shi2d2_model' with type 'ros.ament_cmake' and name 'shi2d2_model'
[0.373s] Level 1:colcon.colcon_core.package_discovery:discover_packages(recursive) using defaults
[0.373s] Level 1:colcon.colcon_core.package_discovery:discover_packages(ignore) discover
[0.373s] Level 1:colcon.colcon_core.package_discovery:discover_packages(ignore) using defaults
[0.373s] Level 1:colcon.colcon_core.package_discovery:discover_packages(path) discover
[0.373s] Level 1:colcon.colcon_core.package_discovery:discover_packages(path) using defaults
[0.397s] Level 1:colcon.colcon_core.package_discovery:discover_packages(prefix_path) check parameters
[0.397s] Level 1:colcon.colcon_core.package_discovery:discover_packages(prefix_path) discover
[0.399s] DEBUG:colcon.colcon_installed_package_information.package_discovery:Found 4 installed packages in /home/mlu/Documents/Programming/Robotics/shi2d2/install
[0.400s] DEBUG:colcon.colcon_installed_package_information.package_discovery:Found 2 installed packages in /home/mlu/Documents/Programming/Robotics/dum2d2/install
[0.401s] DEBUG:colcon.colcon_installed_package_information.package_discovery:Found 405 installed packages in /opt/ros/humble
[0.413s] Level 1:colcon.colcon_core.package_discovery:discover_packages(prefix_path) using defaults
[0.464s] Level 5:colcon.colcon_core.verb:set package 'shi2d2_controller' build argument 'cmake_args' from command line to 'None'
[0.464s] Level 5:colcon.colcon_core.verb:set package 'shi2d2_controller' build argument 'cmake_target' from command line to 'None'
[0.464s] Level 5:colcon.colcon_core.verb:set package 'shi2d2_controller' build argument 'cmake_target_skip_unavailable' from command line to 'False'
[0.464s] Level 5:colcon.colcon_core.verb:set package 'shi2d2_controller' build argument 'cmake_clean_cache' from command line to 'False'
[0.464s] Level 5:colcon.colcon_core.verb:set package 'shi2d2_controller' build argument 'cmake_clean_first' from command line to 'False'
[0.464s] Level 5:colcon.colcon_core.verb:set package 'shi2d2_controller' build argument 'cmake_force_configure' from command line to 'False'
[0.464s] Level 5:colcon.colcon_core.verb:set package 'shi2d2_controller' build argument 'ament_cmake_args' from command line to 'None'
[0.464s] Level 5:colcon.colcon_core.verb:set package 'shi2d2_controller' build argument 'catkin_cmake_args' from command line to 'None'
[0.464s] Level 5:colcon.colcon_core.verb:set package 'shi2d2_controller' build argument 'catkin_skip_building_tests' from command line to 'False'
[0.464s] DEBUG:colcon.colcon_core.verb:Building package 'shi2d2_controller' with the following arguments: {'ament_cmake_args': None, 'build_base': '/home/mlu/Documents/Programming/Robotics/shi2d2/build/shi2d2_controller', 'catkin_cmake_args': None, 'catkin_skip_building_tests': False, 'cmake_args': None, 'cmake_clean_cache': False, 'cmake_clean_first': False, 'cmake_force_configure': False, 'cmake_target': None, 'cmake_target_skip_unavailable': False, 'install_base': '/home/mlu/Documents/Programming/Robotics/shi2d2/install/shi2d2_controller', 'merge_install': False, 'path': '/home/mlu/Documents/Programming/Robotics/shi2d2/src/shi2d2_controller', 'symlink_install': True, 'test_result_base': None}
[0.465s] Level 5:colcon.colcon_core.verb:set package 'shi2d2_model' build argument 'cmake_args' from command line to 'None'
[0.465s] Level 5:colcon.colcon_core.verb:set package 'shi2d2_model' build argument 'cmake_target' from command line to 'None'
[0.465s] Level 5:colcon.colcon_core.verb:set package 'shi2d2_model' build argument 'cmake_target_skip_unavailable' from command line to 'False'
[0.465s] Level 5:colcon.colcon_core.verb:set package 'shi2d2_model' build argument 'cmake_clean_cache' from command line to 'False'
[0.465s] Level 5:colcon.colcon_core.verb:set package 'shi2d2_model' build argument 'cmake_clean_first' from command line to 'False'
[0.465s] Level 5:colcon.colcon_core.verb:set package 'shi2d2_model' build argument 'cmake_force_configure' from command line to 'False'
[0.465s] Level 5:colcon.colcon_core.verb:set package 'shi2d2_model' build argument 'ament_cmake_args' from command line to 'None'
[0.465s] Level 5:colcon.colcon_core.verb:set package 'shi2d2_model' build argument 'catkin_cmake_args' from command line to 'None'
[0.465s] Level 5:colcon.colcon_core.verb:set package 'shi2d2_model' build argument 'catkin_skip_building_tests' from command line to 'False'
[0.465s] DEBUG:colcon.colcon_core.verb:Building package 'shi2d2_model' with the following arguments: {'ament_cmake_args': None, 'build_base': '/home/mlu/Documents/Programming/Robotics/shi2d2/build/shi2d2_model', 'catkin_cmake_args': None, 'catkin_skip_building_tests': False, 'cmake_args': None, 'cmake_clean_cache': False, 'cmake_clean_first': False, 'cmake_force_configure': False, 'cmake_target': None, 'cmake_target_skip_unavailable': False, 'install_base': '/home/mlu/Documents/Programming/Robotics/shi2d2/install/shi2d2_model', 'merge_install': False, 'path': '/home/mlu/Documents/Programming/Robotics/shi2d2/src/shi2d2_model', 'symlink_install': True, 'test_result_base': None}
[0.465s] INFO:colcon.colcon_core.executor:Executing jobs using 'parallel' executor
[0.466s] DEBUG:colcon.colcon_parallel_executor.executor.parallel:run_until_complete
[0.467s] INFO:colcon.colcon_ros.task.ament_cmake.build:Building ROS package in '/home/mlu/Documents/Programming/Robotics/shi2d2/src/shi2d2_controller' with build type 'ament_cmake'
[0.467s] INFO:colcon.colcon_cmake.task.cmake.build:Building CMake package in '/home/mlu/Documents/Programming/Robotics/shi2d2/src/shi2d2_controller'
[0.469s] INFO:colcon.colcon_core.plugin_system:Skipping extension 'colcon_core.shell.bat': Not used on non-Windows systems
[0.469s] INFO:colcon.colcon_core.shell:Skip shell extension 'powershell' for command environment: Not usable outside of PowerShell
[0.469s] DEBUG:colcon.colcon_core.shell:Skip shell extension 'dsv' for command environment
[0.474s] INFO:colcon.colcon_ros.task.ament_cmake.build:Building ROS package in '/home/mlu/Documents/Programming/Robotics/shi2d2/src/shi2d2_model' with build type 'ament_cmake'
[0.474s] INFO:colcon.colcon_cmake.task.cmake.build:Building CMake package in '/home/mlu/Documents/Programming/Robotics/shi2d2/src/shi2d2_model'
[0.474s] INFO:colcon.colcon_core.shell:Skip shell extension 'powershell' for command environment: Not usable outside of PowerShell
[0.474s] DEBUG:colcon.colcon_core.shell:Skip shell extension 'dsv' for command environment
[0.484s] DEBUG:colcon.colcon_core.event_handler.log_command:Invoking command in '/home/mlu/Documents/Programming/Robotics/shi2d2/build/shi2d2_controller': CMAKE_PREFIX_PATH=/opt/ros/humble:${CMAKE_PREFIX_PATH} /usr/bin/cmake /home/mlu/Documents/Programming/Robotics/shi2d2/src/shi2d2_controller -DAMENT_CMAKE_SYMLINK_INSTALL=1 -DCMAKE_INSTALL_PREFIX=/home/mlu/Documents/Programming/Robotics/shi2d2/install/shi2d2_controller
[0.488s] DEBUG:colcon.colcon_core.event_handler.log_command:Invoking command in '/home/mlu/Documents/Programming/Robotics/shi2d2/build/shi2d2_model': CMAKE_PREFIX_PATH=/opt/ros/humble:${CMAKE_PREFIX_PATH} /usr/bin/cmake /home/mlu/Documents/Programming/Robotics/shi2d2/src/shi2d2_model -DAMENT_CMAKE_SYMLINK_INSTALL=1 -DCMAKE_INSTALL_PREFIX=/home/mlu/Documents/Programming/Robotics/shi2d2/install/shi2d2_model
[0.861s] DEBUG:colcon.colcon_core.event_handler.log_command:Invoked command in '/home/mlu/Documents/Programming/Robotics/shi2d2/build/shi2d2_model' returned '0': CMAKE_PREFIX_PATH=/opt/ros/humble:${CMAKE_PREFIX_PATH} /usr/bin/cmake /home/mlu/Documents/Programming/Robotics/shi2d2/src/shi2d2_model -DAMENT_CMAKE_SYMLINK_INSTALL=1 -DCMAKE_INSTALL_PREFIX=/home/mlu/Documents/Programming/Robotics/shi2d2/install/shi2d2_model
[0.865s] DEBUG:colcon.colcon_core.event_handler.log_command:Invoking command in '/home/mlu/Documents/Programming/Robotics/shi2d2/build/shi2d2_model': CMAKE_PREFIX_PATH=/opt/ros/humble:${CMAKE_PREFIX_PATH} /usr/bin/cmake --build /home/mlu/Documents/Programming/Robotics/shi2d2/build/shi2d2_model -- -j20 -l20
[0.922s] DEBUG:colcon.colcon_core.event_handler.log_command:Invoked command in '/home/mlu/Documents/Programming/Robotics/shi2d2/build/shi2d2_model' returned '0': CMAKE_PREFIX_PATH=/opt/ros/humble:${CMAKE_PREFIX_PATH} /usr/bin/cmake --build /home/mlu/Documents/Programming/Robotics/shi2d2/build/shi2d2_model -- -j20 -l20
[0.978s] DEBUG:colcon.colcon_core.event_handler.log_command:Invoking command in '/home/mlu/Documents/Programming/Robotics/shi2d2/build/shi2d2_model': CMAKE_PREFIX_PATH=/opt/ros/humble:${CMAKE_PREFIX_PATH} /usr/bin/cmake --install /home/mlu/Documents/Programming/Robotics/shi2d2/build/shi2d2_model
[1.850s] DEBUG:colcon.colcon_core.event_handler.log_command:Invoked command in '/home/mlu/Documents/Programming/Robotics/shi2d2/build/shi2d2_controller' returned '0': CMAKE_PREFIX_PATH=/opt/ros/humble:${CMAKE_PREFIX_PATH} /usr/bin/cmake /home/mlu/Documents/Programming/Robotics/shi2d2/src/shi2d2_controller -DAMENT_CMAKE_SYMLINK_INSTALL=1 -DCMAKE_INSTALL_PREFIX=/home/mlu/Documents/Programming/Robotics/shi2d2/install/shi2d2_controller
[1.851s] DEBUG:colcon.colcon_core.event_handler.log_command:Invoking command in '/home/mlu/Documents/Programming/Robotics/shi2d2/build/shi2d2_controller': CMAKE_PREFIX_PATH=/opt/ros/humble:${CMAKE_PREFIX_PATH} /usr/bin/cmake --build /home/mlu/Documents/Programming/Robotics/shi2d2/build/shi2d2_controller -- -j20 -l20
[1.926s] Level 1:colcon.colcon_core.environment:create_environment_scripts_only(shi2d2_model)
[1.927s] DEBUG:colcon.colcon_core.event_handler.log_command:Invoked command in '/home/mlu/Documents/Programming/Robotics/shi2d2/build/shi2d2_model' returned '0': CMAKE_PREFIX_PATH=/opt/ros/humble:${CMAKE_PREFIX_PATH} /usr/bin/cmake --install /home/mlu/Documents/Programming/Robotics/shi2d2/build/shi2d2_model
[1.930s] Level 1:colcon.colcon_core.environment:checking '/home/mlu/Documents/Programming/Robotics/shi2d2/install/shi2d2_model' for CMake module files
[1.931s] Level 1:colcon.colcon_core.environment:checking '/home/mlu/Documents/Programming/Robotics/shi2d2/install/shi2d2_model' for CMake config files
[1.932s] Level 1:colcon.colcon_core.shell:create_environment_hook('shi2d2_model', 'cmake_prefix_path')
[1.933s] INFO:colcon.colcon_core.shell:Creating environment hook '/home/mlu/Documents/Programming/Robotics/shi2d2/install/shi2d2_model/share/shi2d2_model/hook/cmake_prefix_path.ps1'
[1.935s] INFO:colcon.colcon_core.shell:Creating environment descriptor '/home/mlu/Documents/Programming/Robotics/shi2d2/install/shi2d2_model/share/shi2d2_model/hook/cmake_prefix_path.dsv'
[1.936s] INFO:colcon.colcon_core.shell:Creating environment hook '/home/mlu/Documents/Programming/Robotics/shi2d2/install/shi2d2_model/share/shi2d2_model/hook/cmake_prefix_path.sh'
[1.937s] Level 1:colcon.colcon_core.environment:checking '/home/mlu/Documents/Programming/Robotics/shi2d2/install/shi2d2_model/bin'
[1.937s] Level 1:colcon.colcon_core.environment:checking '/home/mlu/Documents/Programming/Robotics/shi2d2/install/shi2d2_model/lib/pkgconfig/shi2d2_model.pc'
[1.938s] Level 1:colcon.colcon_core.environment:checking '/home/mlu/Documents/Programming/Robotics/shi2d2/install/shi2d2_model/lib/python3.10/site-packages'
[1.938s] Level 1:colcon.colcon_core.environment:checking '/home/mlu/Documents/Programming/Robotics/shi2d2/install/shi2d2_model/bin'
[1.939s] INFO:colcon.colcon_core.shell:Creating package script '/home/mlu/Documents/Programming/Robotics/shi2d2/install/shi2d2_model/share/shi2d2_model/package.ps1'
[1.940s] INFO:colcon.colcon_core.shell:Creating package descriptor '/home/mlu/Documents/Programming/Robotics/shi2d2/install/shi2d2_model/share/shi2d2_model/package.dsv'
[1.941s] INFO:colcon.colcon_core.shell:Creating package script '/home/mlu/Documents/Programming/Robotics/shi2d2/install/shi2d2_model/share/shi2d2_model/package.sh'
[1.943s] INFO:colcon.colcon_core.shell:Creating package script '/home/mlu/Documents/Programming/Robotics/shi2d2/install/shi2d2_model/share/shi2d2_model/package.bash'
[1.944s] INFO:colcon.colcon_core.shell:Creating package script '/home/mlu/Documents/Programming/Robotics/shi2d2/install/shi2d2_model/share/shi2d2_model/package.zsh'
[1.945s] Level 1:colcon.colcon_core.environment:create_file_with_runtime_dependencies(/home/mlu/Documents/Programming/Robotics/shi2d2/install/shi2d2_model/share/colcon-core/packages/shi2d2_model)
[1.980s] Level 1:colcon.colcon_core.environment:create_environment_scripts_only(shi2d2_model)
[1.980s] Level 1:colcon.colcon_core.environment:checking '/home/mlu/Documents/Programming/Robotics/shi2d2/install/shi2d2_model' for CMake module files
[1.981s] Level 1:colcon.colcon_core.environment:checking '/home/mlu/Documents/Programming/Robotics/shi2d2/install/shi2d2_model' for CMake config files
[1.982s] Level 1:colcon.colcon_core.shell:create_environment_hook('shi2d2_model', 'cmake_prefix_path')
[1.982s] INFO:colcon.colcon_core.shell:Creating environment hook '/home/mlu/Documents/Programming/Robotics/shi2d2/install/shi2d2_model/share/shi2d2_model/hook/cmake_prefix_path.ps1'
[1.983s] INFO:colcon.colcon_core.shell:Creating environment descriptor '/home/mlu/Documents/Programming/Robotics/shi2d2/install/shi2d2_model/share/shi2d2_model/hook/cmake_prefix_path.dsv'
[1.983s] INFO:colcon.colcon_core.shell:Creating environment hook '/home/mlu/Documents/Programming/Robotics/shi2d2/install/shi2d2_model/share/shi2d2_model/hook/cmake_prefix_path.sh'
[1.984s] Level 1:colcon.colcon_core.environment:checking '/home/mlu/Documents/Programming/Robotics/shi2d2/install/shi2d2_model/bin'
[1.984s] Level 1:colcon.colcon_core.environment:checking '/home/mlu/Documents/Programming/Robotics/shi2d2/install/shi2d2_model/lib/pkgconfig/shi2d2_model.pc'
[1.985s] Level 1:colcon.colcon_core.environment:checking '/home/mlu/Documents/Programming/Robotics/shi2d2/install/shi2d2_model/lib/python3.10/site-packages'
[1.985s] Level 1:colcon.colcon_core.environment:checking '/home/mlu/Documents/Programming/Robotics/shi2d2/install/shi2d2_model/bin'
[1.985s] INFO:colcon.colcon_core.shell:Creating package script '/home/mlu/Documents/Programming/Robotics/shi2d2/install/shi2d2_model/share/shi2d2_model/package.ps1'
[1.986s] INFO:colcon.colcon_core.shell:Creating package descriptor '/home/mlu/Documents/Programming/Robotics/shi2d2/install/shi2d2_model/share/shi2d2_model/package.dsv'
[1.987s] INFO:colcon.colcon_core.shell:Creating package script '/home/mlu/Documents/Programming/Robotics/shi2d2/install/shi2d2_model/share/shi2d2_model/package.sh'
[1.987s] INFO:colcon.colcon_core.shell:Creating package script '/home/mlu/Documents/Programming/Robotics/shi2d2/install/shi2d2_model/share/shi2d2_model/package.bash'
[1.988s] INFO:colcon.colcon_core.shell:Creating package script '/home/mlu/Documents/Programming/Robotics/shi2d2/install/shi2d2_model/share/shi2d2_model/package.zsh'
[1.988s] Level 1:colcon.colcon_core.environment:create_file_with_runtime_dependencies(/home/mlu/Documents/Programming/Robotics/shi2d2/install/shi2d2_model/share/colcon-core/packages/shi2d2_model)
[2.285s] DEBUG:colcon.colcon_core.event_handler.log_command:Invoked command in '/home/mlu/Documents/Programming/Robotics/shi2d2/build/shi2d2_controller' returned '0': CMAKE_PREFIX_PATH=/opt/ros/humble:${CMAKE_PREFIX_PATH} /usr/bin/cmake --build /home/mlu/Documents/Programming/Robotics/shi2d2/build/shi2d2_controller -- -j20 -l20
[2.320s] DEBUG:colcon.colcon_core.event_handler.log_command:Invoking command in '/home/mlu/Documents/Programming/Robotics/shi2d2/build/shi2d2_controller': CMAKE_PREFIX_PATH=/opt/ros/humble:${CMAKE_PREFIX_PATH} /usr/bin/cmake --install /home/mlu/Documents/Programming/Robotics/shi2d2/build/shi2d2_controller
[2.548s] Level 1:colcon.colcon_core.environment:create_environment_scripts_only(shi2d2_controller)
[2.549s] Level 1:colcon.colcon_core.environment:checking '/home/mlu/Documents/Programming/Robotics/shi2d2/install/shi2d2_controller' for CMake module files
[2.550s] DEBUG:colcon.colcon_core.event_handler.log_command:Invoked command in '/home/mlu/Documents/Programming/Robotics/shi2d2/build/shi2d2_controller' returned '0': CMAKE_PREFIX_PATH=/opt/ros/humble:${CMAKE_PREFIX_PATH} /usr/bin/cmake --install /home/mlu/Documents/Programming/Robotics/shi2d2/build/shi2d2_controller
[2.550s] Level 1:colcon.colcon_core.environment:checking '/home/mlu/Documents/Programming/Robotics/shi2d2/install/shi2d2_controller' for CMake config files
[2.551s] Level 1:colcon.colcon_core.shell:create_environment_hook('shi2d2_controller', 'cmake_prefix_path')
[2.551s] INFO:colcon.colcon_core.shell:Creating environment hook '/home/mlu/Documents/Programming/Robotics/shi2d2/install/shi2d2_controller/share/shi2d2_controller/hook/cmake_prefix_path.ps1'
[2.552s] INFO:colcon.colcon_core.shell:Creating environment descriptor '/home/mlu/Documents/Programming/Robotics/shi2d2/install/shi2d2_controller/share/shi2d2_controller/hook/cmake_prefix_path.dsv'
[2.552s] INFO:colcon.colcon_core.shell:Creating environment hook '/home/mlu/Documents/Programming/Robotics/shi2d2/install/shi2d2_controller/share/shi2d2_controller/hook/cmake_prefix_path.sh'
[2.553s] Level 1:colcon.colcon_core.environment:checking '/home/mlu/Documents/Programming/Robotics/shi2d2/install/shi2d2_controller/lib'
[2.553s] Level 1:colcon.colcon_core.environment:checking '/home/mlu/Documents/Programming/Robotics/shi2d2/install/shi2d2_controller/bin'
[2.553s] Level 1:colcon.colcon_core.environment:checking '/home/mlu/Documents/Programming/Robotics/shi2d2/install/shi2d2_controller/lib/pkgconfig/shi2d2_controller.pc'
[2.554s] Level 1:colcon.colcon_core.environment:checking '/home/mlu/Documents/Programming/Robotics/shi2d2/install/shi2d2_controller/lib/python3.10/site-packages'
[2.554s] Level 1:colcon.colcon_core.environment:checking '/home/mlu/Documents/Programming/Robotics/shi2d2/install/shi2d2_controller/bin'
[2.554s] INFO:colcon.colcon_core.shell:Creating package script '/home/mlu/Documents/Programming/Robotics/shi2d2/install/shi2d2_controller/share/shi2d2_controller/package.ps1'
[2.555s] INFO:colcon.colcon_core.shell:Creating package descriptor '/home/mlu/Documents/Programming/Robotics/shi2d2/install/shi2d2_controller/share/shi2d2_controller/package.dsv'
[2.556s] INFO:colcon.colcon_core.shell:Creating package script '/home/mlu/Documents/Programming/Robotics/shi2d2/install/shi2d2_controller/share/shi2d2_controller/package.sh'
[2.556s] INFO:colcon.colcon_core.shell:Creating package script '/home/mlu/Documents/Programming/Robotics/shi2d2/install/shi2d2_controller/share/shi2d2_controller/package.bash'
[2.557s] INFO:colcon.colcon_core.shell:Creating package script '/home/mlu/Documents/Programming/Robotics/shi2d2/install/shi2d2_controller/share/shi2d2_controller/package.zsh'
[2.557s] Level 1:colcon.colcon_core.environment:create_file_with_runtime_dependencies(/home/mlu/Documents/Programming/Robotics/shi2d2/install/shi2d2_controller/share/colcon-core/packages/shi2d2_controller)
[2.595s] Level 1:colcon.colcon_core.environment:create_environment_scripts_only(shi2d2_controller)
[2.596s] Level 1:colcon.colcon_core.environment:checking '/home/mlu/Documents/Programming/Robotics/shi2d2/install/shi2d2_controller' for CMake module files
[2.596s] Level 1:colcon.colcon_core.environment:checking '/home/mlu/Documents/Programming/Robotics/shi2d2/install/shi2d2_controller' for CMake config files
[2.597s] Level 1:colcon.colcon_core.shell:create_environment_hook('shi2d2_controller', 'cmake_prefix_path')
[2.597s] INFO:colcon.colcon_core.shell:Creating environment hook '/home/mlu/Documents/Programming/Robotics/shi2d2/install/shi2d2_controller/share/shi2d2_controller/hook/cmake_prefix_path.ps1'
[2.598s] INFO:colcon.colcon_core.shell:Creating environment descriptor '/home/mlu/Documents/Programming/Robotics/shi2d2/install/shi2d2_controller/share/shi2d2_controller/hook/cmake_prefix_path.dsv'
[2.598s] INFO:colcon.colcon_core.shell:Creating environment hook '/home/mlu/Documents/Programming/Robotics/shi2d2/install/shi2d2_controller/share/shi2d2_controller/hook/cmake_prefix_path.sh'
[2.599s] Level 1:colcon.colcon_core.environment:checking '/home/mlu/Documents/Programming/Robotics/shi2d2/install/shi2d2_controller/lib'
[2.599s] Level 1:colcon.colcon_core.environment:checking '/home/mlu/Documents/Programming/Robotics/shi2d2/install/shi2d2_controller/bin'
[2.599s] Level 1:colcon.colcon_core.environment:checking '/home/mlu/Documents/Programming/Robotics/shi2d2/install/shi2d2_controller/lib/pkgconfig/shi2d2_controller.pc'
[2.600s] Level 1:colcon.colcon_core.environment:checking '/home/mlu/Documents/Programming/Robotics/shi2d2/install/shi2d2_controller/lib/python3.10/site-packages'
[2.600s] Level 1:colcon.colcon_core.environment:checking '/home/mlu/Documents/Programming/Robotics/shi2d2/install/shi2d2_controller/bin'
[2.601s] INFO:colcon.colcon_core.shell:Creating package script '/home/mlu/Documents/Programming/Robotics/shi2d2/install/shi2d2_controller/share/shi2d2_controller/package.ps1'
[2.601s] INFO:colcon.colcon_core.shell:Creating package descriptor '/home/mlu/Documents/Programming/Robotics/shi2d2/install/shi2d2_controller/share/shi2d2_controller/package.dsv'
[2.602s] INFO:colcon.colcon_core.shell:Creating package script '/home/mlu/Documents/Programming/Robotics/shi2d2/install/shi2d2_controller/share/shi2d2_controller/package.sh'
[2.602s] INFO:colcon.colcon_core.shell:Creating package script '/home/mlu/Documents/Programming/Robotics/shi2d2/install/shi2d2_controller/share/shi2d2_controller/package.bash'
[2.603s] INFO:colcon.colcon_core.shell:Creating package script '/home/mlu/Documents/Programming/Robotics/shi2d2/install/shi2d2_controller/share/shi2d2_controller/package.zsh'
[2.603s] Level 1:colcon.colcon_core.environment:create_file_with_runtime_dependencies(/home/mlu/Documents/Programming/Robotics/shi2d2/install/shi2d2_controller/share/colcon-core/packages/shi2d2_controller)
[2.604s] DEBUG:colcon.colcon_parallel_executor.executor.parallel:closing loop
[2.604s] DEBUG:colcon.colcon_parallel_executor.executor.parallel:loop closed
[2.605s] DEBUG:colcon.colcon_parallel_executor.executor.parallel:run_until_complete finished with '0'
[2.605s] DEBUG:colcon.colcon_core.event_reactor:joining thread
[2.613s] INFO:colcon.colcon_core.plugin_system:Skipping extension 'colcon_notification.desktop_notification.terminal_notifier': Not used on non-Darwin systems
[2.613s] INFO:colcon.colcon_core.plugin_system:Skipping extension 'colcon_notification.desktop_notification.win32': Not used on non-Windows systems
[2.613s] INFO:colcon.colcon_notification.desktop_notification:Sending desktop notification using 'notify2'
[2.629s] DEBUG:colcon.colcon_core.event_reactor:joined thread
[2.630s] INFO:colcon.colcon_core.shell:Creating prefix script '/home/mlu/Documents/Programming/Robotics/shi2d2/install/local_setup.ps1'
[2.631s] INFO:colcon.colcon_core.shell:Creating prefix util module '/home/mlu/Documents/Programming/Robotics/shi2d2/install/_local_setup_util_ps1.py'
[2.634s] INFO:colcon.colcon_core.shell:Creating prefix chain script '/home/mlu/Documents/Programming/Robotics/shi2d2/install/setup.ps1'
[2.636s] INFO:colcon.colcon_core.shell:Creating prefix script '/home/mlu/Documents/Programming/Robotics/shi2d2/install/local_setup.sh'
[2.638s] INFO:colcon.colcon_core.shell:Creating prefix util module '/home/mlu/Documents/Programming/Robotics/shi2d2/install/_local_setup_util_sh.py'
[2.639s] INFO:colcon.colcon_core.shell:Creating prefix chain script '/home/mlu/Documents/Programming/Robotics/shi2d2/install/setup.sh'
[2.641s] INFO:colcon.colcon_core.shell:Creating prefix script '/home/mlu/Documents/Programming/Robotics/shi2d2/install/local_setup.bash'
[2.642s] INFO:colcon.colcon_core.shell:Creating prefix chain script '/home/mlu/Documents/Programming/Robotics/shi2d2/install/setup.bash'
[2.644s] INFO:colcon.colcon_core.shell:Creating prefix script '/home/mlu/Documents/Programming/Robotics/shi2d2/install/local_setup.zsh'
[2.645s] INFO:colcon.colcon_core.shell:Creating prefix chain script '/home/mlu/Documents/Programming/Robotics/shi2d2/install/setup.zsh'
