[0.018s] Invoking command in '/home/mlu/Documents/Programming/Robotics/shi2d2/build/shi2d2_controller': CMAKE_PREFIX_PATH=/opt/ros/humble:${CMAKE_PREFIX_PATH} /usr/bin/cmake --build /home/mlu/Documents/Programming/Robotics/shi2d2/build/shi2d2_controller -- -j20 -l20
[0.101s] [100%] Built target head_controller
[0.130s] Invoked command in '/home/mlu/Documents/Programming/Robotics/shi2d2/build/shi2d2_controller' returned '0': CMAKE_PREFIX_PATH=/opt/ros/humble:${CMAKE_PREFIX_PATH} /usr/bin/cmake --build /home/mlu/Documents/Programming/Robotics/shi2d2/build/shi2d2_controller -- -j20 -l20
[0.170s] Invoking command in '/home/mlu/Documents/Programming/Robotics/shi2d2/build/shi2d2_controller': CMAKE_PREFIX_PATH=/opt/ros/humble:${CMAKE_PREFIX_PATH} /usr/bin/cmake --install /home/mlu/Documents/Programming/Robotics/shi2d2/build/shi2d2_controller
[0.184s] -- Install configuration: ""
[0.184s] -- Execute custom install script
[0.186s] -- Up-to-date symlink: /home/mlu/Documents/Programming/Robotics/shi2d2/install/shi2d2_controller/lib/shi2d2_controller/head_controller
[0.187s] -- Up-to-date symlink: /home/mlu/Documents/Programming/Robotics/shi2d2/install/shi2d2_controller/share/ament_index/resource_index/package_run_dependencies/shi2d2_controller
[0.188s] -- Up-to-date symlink: /home/mlu/Documents/Programming/Robotics/shi2d2/install/shi2d2_controller/share/ament_index/resource_index/parent_prefix_path/shi2d2_controller
[0.188s] -- Up-to-date symlink: /home/mlu/Documents/Programming/Robotics/shi2d2/install/shi2d2_controller/share/shi2d2_controller/environment/ament_prefix_path.sh
[0.188s] -- Up-to-date symlink: /home/mlu/Documents/Programming/Robotics/shi2d2/install/shi2d2_controller/share/shi2d2_controller/environment/ament_prefix_path.dsv
[0.189s] -- Up-to-date symlink: /home/mlu/Documents/Programming/Robotics/shi2d2/install/shi2d2_controller/share/shi2d2_controller/environment/path.sh
[0.190s] -- Up-to-date symlink: /home/mlu/Documents/Programming/Robotics/shi2d2/install/shi2d2_controller/share/shi2d2_controller/environment/path.dsv
[0.190s] -- Up-to-date symlink: /home/mlu/Documents/Programming/Robotics/shi2d2/install/shi2d2_controller/share/shi2d2_controller/local_setup.bash
[0.191s] -- Up-to-date symlink: /home/mlu/Documents/Programming/Robotics/shi2d2/install/shi2d2_controller/share/shi2d2_controller/local_setup.sh
[0.191s] -- Up-to-date symlink: /home/mlu/Documents/Programming/Robotics/shi2d2/install/shi2d2_controller/share/shi2d2_controller/local_setup.zsh
[0.191s] -- Up-to-date symlink: /home/mlu/Documents/Programming/Robotics/shi2d2/install/shi2d2_controller/share/shi2d2_controller/local_setup.dsv
[0.191s] -- Symlinking: /home/mlu/Documents/Programming/Robotics/shi2d2/install/shi2d2_controller/share/shi2d2_controller/package.dsv
[0.202s] -- Up-to-date symlink: /home/mlu/Documents/Programming/Robotics/shi2d2/install/shi2d2_controller/share/ament_index/resource_index/packages/shi2d2_controller
[0.202s] -- Up-to-date symlink: /home/mlu/Documents/Programming/Robotics/shi2d2/install/shi2d2_controller/share/shi2d2_controller/cmake/shi2d2_controllerConfig.cmake
[0.203s] -- Up-to-date symlink: /home/mlu/Documents/Programming/Robotics/shi2d2/install/shi2d2_controller/share/shi2d2_controller/cmake/shi2d2_controllerConfig-version.cmake
[0.203s] -- Up-to-date symlink: /home/mlu/Documents/Programming/Robotics/shi2d2/install/shi2d2_controller/share/shi2d2_controller/package.xml
[0.206s] Invoked command in '/home/mlu/Documents/Programming/Robotics/shi2d2/build/shi2d2_controller' returned '0': CMAKE_PREFIX_PATH=/opt/ros/humble:${CMAKE_PREFIX_PATH} /usr/bin/cmake --install /home/mlu/Documents/Programming/Robotics/shi2d2/build/shi2d2_controller
