[0.013s] Invoking command in '/home/mlu/Documents/Programming/Robotics/shi2d2/build/shi2d2_controller': CMAKE_PREFIX_PATH=/home/mlu/Documents/Programming/Robotics/shi2d2/install/shi2d2_controller:/opt/ros/humble:/home/mlu/Documents/Programming/Robotics/shi2d2/install/shi2d2_model:/home/mlu/Documents/Programming/Robotics/shi2d2/install/sdformat_test_files:/home/mlu/Documents/Programming/Robotics/dum2d2/install/shi2d2_urdf:/home/mlu/Documents/Programming/Robotics/dum2d2/install/motion_controller /usr/bin/cmake --build /home/mlu/Documents/Programming/Robotics/shi2d2/build/shi2d2_controller -- -j20 -l20
[0.029s] -- Found ament_cmake: 1.3.9 (/opt/ros/humble/share/ament_cmake/cmake)
[0.111s] -- Found rclcpp: 16.0.9 (/opt/ros/humble/share/rclcpp/cmake)
[0.131s] -- Found rosidl_generator_c: 3.1.5 (/opt/ros/humble/share/rosidl_generator_c/cmake)
[0.133s] -- Found rosidl_adapter: 3.1.5 (/opt/ros/humble/share/rosidl_adapter/cmake)
[0.137s] -- Found rosidl_generator_cpp: 3.1.5 (/opt/ros/humble/share/rosidl_generator_cpp/cmake)
[0.145s] -- Using all available rosidl_typesupport_c: rosidl_typesupport_fastrtps_c;rosidl_typesupport_introspection_c
[0.155s] -- Using all available rosidl_typesupport_cpp: rosidl_typesupport_fastrtps_cpp;rosidl_typesupport_introspection_cpp
[0.196s] -- Found rmw_implementation_cmake: 6.1.2 (/opt/ros/humble/share/rmw_implementation_cmake/cmake)
[0.197s] -- Found rmw_fastrtps_cpp: 6.2.6 (/opt/ros/humble/share/rmw_fastrtps_cpp/cmake)
[0.292s] -- Using RMW implementation 'rmw_fastrtps_cpp' as default
[0.406s] -- Found trajectory_msgs: 4.2.4 (/opt/ros/humble/share/trajectory_msgs/cmake)
[0.500s] -- Found ament_lint_auto: 0.12.11 (/opt/ros/humble/share/ament_lint_auto/cmake)
[0.548s] -- Added test 'cppcheck' to perform static code analysis on C / C++ code
[0.548s] -- Configured cppcheck include dirs: 
[0.548s] -- Configured cppcheck exclude dirs and/or files: 
[0.548s] -- Added test 'lint_cmake' to check CMake code style
[0.549s] -- Added test 'uncrustify' to check C / C++ code style
[0.549s] -- Configured uncrustify additional arguments: 
[0.549s] -- Added test 'xmllint' to check XML markup files
[0.549s] -- Configuring done
[0.555s] -- Generating done
[0.556s] -- Build files have been written to: /home/mlu/Documents/Programming/Robotics/shi2d2/build/shi2d2_controller
[0.577s] [35m[1mConsolidate compiler generated dependencies of target head_controller[0m
[0.591s] [ 50%] [32mBuilding CXX object CMakeFiles/head_controller.dir/src/head_controller.cpp.o[0m
[3.316s] [100%] [32m[1mLinking CXX executable head_controller[0m
[3.439s] [100%] Built target head_controller
[3.447s] Invoked command in '/home/mlu/Documents/Programming/Robotics/shi2d2/build/shi2d2_controller' returned '0': CMAKE_PREFIX_PATH=/home/mlu/Documents/Programming/Robotics/shi2d2/install/shi2d2_controller:/opt/ros/humble:/home/mlu/Documents/Programming/Robotics/shi2d2/install/shi2d2_model:/home/mlu/Documents/Programming/Robotics/shi2d2/install/sdformat_test_files:/home/mlu/Documents/Programming/Robotics/dum2d2/install/shi2d2_urdf:/home/mlu/Documents/Programming/Robotics/dum2d2/install/motion_controller /usr/bin/cmake --build /home/mlu/Documents/Programming/Robotics/shi2d2/build/shi2d2_controller -- -j20 -l20
[3.463s] Invoking command in '/home/mlu/Documents/Programming/Robotics/shi2d2/build/shi2d2_controller': CMAKE_PREFIX_PATH=/home/mlu/Documents/Programming/Robotics/shi2d2/install/shi2d2_controller:/opt/ros/humble:/home/mlu/Documents/Programming/Robotics/shi2d2/install/shi2d2_model:/home/mlu/Documents/Programming/Robotics/shi2d2/install/sdformat_test_files:/home/mlu/Documents/Programming/Robotics/dum2d2/install/shi2d2_urdf:/home/mlu/Documents/Programming/Robotics/dum2d2/install/motion_controller /usr/bin/cmake --install /home/mlu/Documents/Programming/Robotics/shi2d2/build/shi2d2_controller
[3.469s] -- Install configuration: ""
[3.469s] -- Installing: /home/mlu/Documents/Programming/Robotics/shi2d2/install/shi2d2_controller/lib/shi2d2_controller/head_controller
[3.470s] -- Set runtime path of "/home/mlu/Documents/Programming/Robotics/shi2d2/install/shi2d2_controller/lib/shi2d2_controller/head_controller" to ""
[3.470s] -- Up-to-date: /home/mlu/Documents/Programming/Robotics/shi2d2/install/shi2d2_controller/share/ament_index/resource_index/package_run_dependencies/shi2d2_controller
[3.470s] -- Installing: /home/mlu/Documents/Programming/Robotics/shi2d2/install/shi2d2_controller/share/ament_index/resource_index/parent_prefix_path/shi2d2_controller
[3.470s] -- Up-to-date: /home/mlu/Documents/Programming/Robotics/shi2d2/install/shi2d2_controller/share/shi2d2_controller/environment/ament_prefix_path.sh
[3.470s] -- Installing: /home/mlu/Documents/Programming/Robotics/shi2d2/install/shi2d2_controller/share/shi2d2_controller/environment/ament_prefix_path.dsv
[3.470s] -- Up-to-date: /home/mlu/Documents/Programming/Robotics/shi2d2/install/shi2d2_controller/share/shi2d2_controller/environment/path.sh
[3.470s] -- Installing: /home/mlu/Documents/Programming/Robotics/shi2d2/install/shi2d2_controller/share/shi2d2_controller/environment/path.dsv
[3.470s] -- Up-to-date: /home/mlu/Documents/Programming/Robotics/shi2d2/install/shi2d2_controller/share/shi2d2_controller/local_setup.bash
[3.470s] -- Up-to-date: /home/mlu/Documents/Programming/Robotics/shi2d2/install/shi2d2_controller/share/shi2d2_controller/local_setup.sh
[3.470s] -- Up-to-date: /home/mlu/Documents/Programming/Robotics/shi2d2/install/shi2d2_controller/share/shi2d2_controller/local_setup.zsh
[3.470s] -- Installing: /home/mlu/Documents/Programming/Robotics/shi2d2/install/shi2d2_controller/share/shi2d2_controller/local_setup.dsv
[3.470s] -- Installing: /home/mlu/Documents/Programming/Robotics/shi2d2/install/shi2d2_controller/share/shi2d2_controller/package.dsv
[3.471s] -- Up-to-date: /home/mlu/Documents/Programming/Robotics/shi2d2/install/shi2d2_controller/share/ament_index/resource_index/packages/shi2d2_controller
[3.471s] -- Up-to-date: /home/mlu/Documents/Programming/Robotics/shi2d2/install/shi2d2_controller/share/shi2d2_controller/cmake/shi2d2_controllerConfig.cmake
[3.471s] -- Up-to-date: /home/mlu/Documents/Programming/Robotics/shi2d2/install/shi2d2_controller/share/shi2d2_controller/cmake/shi2d2_controllerConfig-version.cmake
[3.471s] -- Up-to-date: /home/mlu/Documents/Programming/Robotics/shi2d2/install/shi2d2_controller/share/shi2d2_controller/package.xml
[3.472s] Invoked command in '/home/mlu/Documents/Programming/Robotics/shi2d2/build/shi2d2_controller' returned '0': CMAKE_PREFIX_PATH=/home/mlu/Documents/Programming/Robotics/shi2d2/install/shi2d2_controller:/opt/ros/humble:/home/mlu/Documents/Programming/Robotics/shi2d2/install/shi2d2_model:/home/mlu/Documents/Programming/Robotics/shi2d2/install/sdformat_test_files:/home/mlu/Documents/Programming/Robotics/dum2d2/install/shi2d2_urdf:/home/mlu/Documents/Programming/Robotics/dum2d2/install/motion_controller /usr/bin/cmake --install /home/mlu/Documents/Programming/Robotics/shi2d2/build/shi2d2_controller
